TN:
SF:src\server.ts
FN:27,(anonymous_10)
FNF:1
FNH:0
FNDA:0,(anonymous_10)
DA:1,0
DA:2,0
DA:3,0
DA:4,0
DA:5,0
DA:6,0
DA:8,0
DA:11,0
DA:13,0
DA:17,0
DA:21,0
DA:23,0
DA:25,0
DA:27,0
DA:28,0
DA:31,0
DA:33,0
LF:17
LH:0
BRF:0
BRH:0
end_of_record
TN:
SF:src\config\env.ts
FN:6,getRequiredEnv
FN:18,getHttpsUrlEnv
FNF:2
FNH:0
FNDA:0,getRequiredEnv
FNDA:0,getHttpsUrlEnv
DA:1,0
DA:2,0
DA:4,0
DA:7,0
DA:8,0
DA:9,0
DA:11,0
DA:19,0
DA:20,0
DA:21,0
DA:23,0
DA:26,0
LF:12
LH:0
BRDA:8,0,0,0
BRDA:8,0,1,0
BRDA:19,1,0,0
BRDA:19,1,1,0
BRDA:20,2,0,0
BRDA:20,2,1,0
BRDA:27,3,0,0
BRDA:27,3,1,0
BRDA:28,4,0,0
BRDA:28,4,1,0
BRDA:32,5,0,0
BRDA:32,5,1,0
BRDA:41,6,0,0
BRDA:41,6,1,0
BRDA:60,7,0,0
BRDA:60,7,1,0
BRDA:63,8,0,0
BRDA:63,8,1,0
BRF:18
BRH:0
end_of_record
TN:
SF:src\config\i18n.ts
FNF:0
FNH:0
DA:1,4
DA:2,4
DA:3,4
DA:4,4
DA:6,4
DA:16,4
DA:17,4
LF:7
LH:7
BRF:0
BRH:0
end_of_record
TN:
SF:src\database\connection.ts
FN:64,connectDB
FNF:1
FNH:0
FNDA:0,connectDB
DA:1,0
DA:2,0
DA:3,0
DA:4,0
DA:6,0
DA:7,0
DA:8,0
DA:9,0
DA:10,0
DA:11,0
DA:12,0
DA:13,0
DA:14,0
DA:15,0
DA:16,0
DA:17,0
DA:18,0
DA:19,0
DA:20,0
DA:21,0
DA:22,0
DA:23,0
DA:24,0
DA:25,0
DA:26,0
DA:27,0
DA:29,0
DA:64,0
DA:65,0
DA:66,0
DA:67,0
DA:68,0
DA:69,0
DA:70,0
DA:72,0
DA:73,0
DA:74,0
DA:78,0
LF:38
LH:0
BRDA:30,0,0,0
BRDA:30,0,1,0
BRDA:67,1,0,0
BRDA:67,1,1,0
BRF:4
BRH:0
end_of_record
TN:
SF:src\database\seeders\accessControl.seeder.ts
FN:36,(anonymous_1)
FN:37,(anonymous_2)
FN:44,seedPermissions
FN:48,seedAdminRoleWithAllPermissions
FN:57,(anonymous_5)
FN:65,seedAdminUser
FN:84,seedAccessControl
FNF:7
FNH:0
FNDA:0,(anonymous_1)
FNDA:0,(anonymous_2)
FNDA:0,seedPermissions
FNDA:0,seedAdminRoleWithAllPermissions
FNDA:0,(anonymous_5)
FNDA:0,seedAdminUser
FNDA:0,seedAccessControl
DA:1,0
DA:2,0
DA:3,0
DA:4,0
DA:5,0
DA:6,0
DA:7,0
DA:9,0
DA:10,0
DA:12,0
DA:28,0
DA:29,0
DA:35,0
DA:37,0
DA:45,0
DA:49,0
DA:54,0
DA:55,0
DA:56,0
DA:57,0
DA:62,0
DA:66,0
DA:67,0
DA:68,0
DA:69,0
DA:72,0
DA:73,0
DA:75,0
DA:76,0
DA:84,0
DA:85,0
DA:86,0
DA:87,0
LF:33
LH:0
BRDA:55,0,0,0
BRDA:55,0,1,0
BRDA:67,1,0,0
BRDA:67,1,1,0
BRDA:67,2,0,0
BRDA:67,2,1,0
BRDA:73,3,0,0
BRDA:73,3,1,0
BRF:8
BRH:0
end_of_record
TN:
SF:src\database\seeders\index.ts
FN:4,runSeeders
FNF:1
FNH:0
FNDA:0,runSeeders
DA:1,0
DA:2,0
DA:4,0
DA:5,0
DA:6,0
LF:5
LH:0
BRF:0
BRH:0
end_of_record
TN:
SF:src\features\accessControl\login\controllers\login.controller.ts
FN:4,login
FNF:1
FNH:1
FNDA:3,login
DA:2,1
DA:5,3
DA:6,3
DA:7,1
DA:9,2
DA:13,1
LF:6
LH:6
BRF:0
BRH:0
end_of_record
TN:
SF:src\features\accessControl\login\routes\login.routes.ts
FNF:0
FNH:0
DA:1,1
DA:2,1
DA:3,1
DA:4,1
DA:6,1
DA:8,1
DA:10,1
LF:7
LH:7
BRF:0
BRH:0
end_of_record
TN:
SF:src\features\accessControl\login\schemas\login.schema.ts
FNF:0
FNH:0
DA:1,1
DA:3,1
LF:2
LH:2
BRF:0
BRH:0
end_of_record
TN:
SF:src\features\accessControl\login\services\login.service.ts
FN:22,login
FN:55,(anonymous_2)
FNF:2
FNH:2
FNDA:8,login
FNDA:6,(anonymous_2)
DA:1,1
DA:2,1
DA:3,1
DA:4,1
DA:5,1
DA:6,1
DA:7,1
DA:8,1
DA:25,8
DA:40,8
DA:42,6
DA:43,1
DA:46,5
DA:48,5
DA:49,2
DA:50,2
DA:53,3
DA:55,6
DA:57,3
DA:63,3
DA:75,1
LF:21
LH:21
BRDA:40,0,0,2
BRDA:40,0,1,6
BRDA:42,1,0,1
BRDA:42,1,1,5
BRDA:48,2,0,2
BRDA:48,2,1,3
BRF:6
BRH:6
end_of_record
TN:
SF:src\features\accessControl\permissions\controllers\permission.controller.ts
FN:5,index
FN:8,(anonymous_1)
FN:14,show
FN:23,store
FN:34,update
FN:47,destroy
FNF:6
FNH:0
FNDA:0,index
FNDA:0,(anonymous_1)
FNDA:0,show
FNDA:0,store
FNDA:0,update
FNDA:0,destroy
DA:1,0
DA:3,0
DA:6,0
DA:7,0
DA:8,0
DA:10,0
DA:15,0
DA:16,0
DA:17,0
DA:18,0
DA:20,0
DA:24,0
DA:25,0
DA:26,0
DA:31,0
DA:35,0
DA:36,0
DA:37,0
DA:38,0
DA:43,0
DA:48,0
DA:49,0
DA:50,0
DA:51,0
DA:53,0
DA:57,0
LF:26
LH:0
BRF:0
BRH:0
end_of_record
TN:
SF:src\features\accessControl\permissions\models\permission.model.ts
FN:22,(anonymous_3)
FN:22,(anonymous_4)
FNF:2
FNH:0
FNDA:0,(anonymous_3)
FNDA:0,(anonymous_4)
DA:1,1
DA:2,1
DA:3,1
DA:4,1
DA:9,1
DA:14,1
DA:20,1
DA:22,0
DA:23,1
DA:26,1
LF:10
LH:9
BRF:0
BRH:0
end_of_record
TN:
SF:src\features\accessControl\permissions\routes\permission.routes.ts
FNF:0
FNH:0
DA:1,0
DA:2,0
DA:3,0
DA:4,0
DA:5,0
DA:6,0
DA:8,0
DA:10,0
DA:12,0
DA:13,0
DA:14,0
DA:15,0
DA:16,0
DA:18,0
LF:14
LH:0
BRF:0
BRH:0
end_of_record
TN:
SF:src\features\accessControl\permissions\schemas\permission.schema.ts
FNF:0
FNH:0
DA:1,0
DA:3,0
DA:8,0
DA:12,0
LF:4
LH:0
BRF:0
BRH:0
end_of_record
TN:
SF:src\features\accessControl\permissions\services\permission.service.ts
FN:5,listPermission
FN:8,getPermissionById
FN:15,createPermission
FN:19,updatePermission
FN:23,deletePermission
FNF:5
FNH:0
FNDA:0,listPermission
FNDA:0,getPermissionById
FNDA:0,createPermission
FNDA:0,updatePermission
FNDA:0,deletePermission
DA:1,0
DA:3,0
DA:6,0
DA:9,0
DA:10,0
DA:11,0
DA:13,0
DA:16,0
DA:20,0
DA:21,0
DA:24,0
DA:25,0
DA:28,0
LF:13
LH:0
BRDA:10,0,0,0
BRDA:10,0,1,0
BRF:2
BRH:0
end_of_record
TN:
SF:src\features\accessControl\permissions\utils\localizePermissionName.ts
FN:10,localizePermissionName
FN:21,toPermissionResponse
FNF:2
FNH:0
FNDA:0,localizePermissionName
FNDA:0,toPermissionResponse
DA:4,0
DA:11,0
DA:12,0
DA:14,0
DA:15,0
DA:17,0
DA:18,0
DA:21,0
DA:22,0
LF:9
LH:0
BRDA:12,0,0,0
BRDA:12,0,1,0
BRDA:12,1,0,0
BRDA:12,1,1,0
BRDA:12,1,2,0
BRDA:15,2,0,0
BRDA:15,2,1,0
BRF:7
BRH:0
end_of_record
TN:
SF:src\features\accessControl\rolePermissions\controllers\rolePermission.controller.ts
FN:5,index
FN:9,(anonymous_1)
FN:15,sync
FN:21,(anonymous_3)
FNF:4
FNH:0
FNDA:0,index
FNDA:0,(anonymous_1)
FNDA:0,sync
FNDA:0,(anonymous_3)
DA:2,0
DA:3,0
DA:6,0
DA:7,0
DA:8,0
DA:9,0
DA:11,0
DA:16,0
DA:17,0
DA:18,0
DA:19,0
DA:21,0
DA:24,0
DA:28,0
LF:14
LH:0
BRF:0
BRH:0
end_of_record
TN:
SF:src\features\accessControl\rolePermissions\models\rolePermission.model.ts
FN:13,(anonymous_3)
FN:17,(anonymous_4)
FNF:2
FNH:0
FNDA:0,(anonymous_3)
FNDA:0,(anonymous_4)
DA:1,1
DA:2,1
DA:3,1
DA:12,1
DA:13,0
DA:15,1
DA:17,0
DA:19,1
DA:22,1
LF:9
LH:7
BRF:0
BRH:0
end_of_record
TN:
SF:src\features\accessControl\rolePermissions\routes\rolePermission.routes.ts
FNF:0
FNH:0
DA:1,0
DA:2,0
DA:3,0
DA:4,0
DA:5,0
DA:6,0
DA:8,0
DA:10,0
DA:12,0
DA:18,0
DA:26,0
LF:11
LH:0
BRF:0
BRH:0
end_of_record
TN:
SF:src\features\accessControl\rolePermissions\schemas\rolePermission.schema.ts
FNF:0
FNH:0
DA:1,0
DA:3,0
DA:7,0
LF:3
LH:0
BRF:0
BRH:0
end_of_record
TN:
SF:src\features\accessControl\rolePermissions\services\rolePermission.service.ts
FN:7,getPermissionsByRole
FN:21,syncRolePermissions
FN:30,(anonymous_3)
FN:34,(anonymous_4)
FNF:4
FNH:0
FNDA:0,getPermissionsByRole
FNDA:0,syncRolePermissions
FNDA:0,(anonymous_3)
FNDA:0,(anonymous_4)
DA:1,0
DA:2,0
DA:3,0
DA:4,0
DA:5,0
DA:8,0
DA:9,0
DA:22,0
DA:24,0
DA:25,0
DA:26,0
DA:27,0
DA:30,0
DA:31,0
DA:32,0
DA:33,0
DA:34,0
DA:40,0
DA:43,0
LF:19
LH:0
BRDA:25,0,0,0
BRDA:25,0,1,0
BRDA:27,1,0,0
BRDA:27,1,1,0
BRDA:32,2,0,0
BRDA:32,2,1,0
BRF:6
BRH:0
end_of_record
TN:
SF:src\features\accessControl\roles\controllers\role.controllers.ts
FN:5,index
FN:14,show
FN:24,store
FN:35,update
FN:47,destroy
FNF:5
FNH:0
FNDA:0,index
FNDA:0,show
FNDA:0,store
FNDA:0,update
FNDA:0,destroy
DA:1,0
DA:6,0
DA:7,0
DA:8,0
DA:9,0
DA:11,0
DA:15,0
DA:16,0
DA:17,0
DA:18,0
DA:20,0
DA:25,0
DA:26,0
DA:27,0
DA:32,0
DA:36,0
DA:37,0
DA:38,0
DA:39,0
DA:44,0
DA:48,0
DA:49,0
DA:50,0
DA:51,0
DA:54,0
DA:58,0
LF:26
LH:0
BRF:0
BRH:0
end_of_record
TN:
SF:src\features\accessControl\roles\models\role.model.ts
FN:18,(anonymous_3)
FN:21,(anonymous_4)
FN:21,(anonymous_5)
FNF:3
FNH:0
FNDA:0,(anonymous_3)
FNDA:0,(anonymous_4)
FNDA:0,(anonymous_5)
DA:1,1
DA:2,1
DA:3,1
DA:4,1
DA:5,1
DA:11,1
DA:16,1
DA:18,0
DA:19,1
DA:21,0
DA:22,1
DA:25,1
LF:12
LH:10
BRF:0
BRH:0
end_of_record
TN:
SF:src\features\accessControl\roles\routes\role.routes.ts
FNF:0
FNH:0
DA:1,0
DA:2,0
DA:3,0
DA:4,0
DA:5,0
DA:6,0
DA:8,0
DA:10,0
DA:12,0
DA:13,0
DA:14,0
DA:15,0
DA:16,0
DA:18,0
LF:14
LH:0
BRF:0
BRH:0
end_of_record
TN:
SF:src\features\accessControl\roles\schemas\role.schema.ts
FNF:0
FNH:0
DA:1,0
DA:2,0
DA:4,0
DA:9,0
DA:13,0
DA:15,0
LF:6
LH:0
BRF:0
BRH:0
end_of_record
TN:
SF:src\features\accessControl\roles\services\role.service.ts
FN:7,listRoles
FN:12,getRoleById
FN:19,createRole
FN:22,updateRole
FN:27,deleteRole
FNF:5
FNH:0
FNDA:0,listRoles
FNDA:0,getRoleById
FNDA:0,createRole
FNDA:0,updateRole
FNDA:0,deleteRole
DA:1,0
DA:3,0
DA:4,0
DA:5,0
DA:8,0
DA:9,0
DA:13,0
DA:14,0
DA:15,0
DA:17,0
DA:20,0
DA:23,0
DA:24,0
DA:28,0
DA:29,0
DA:32,0
LF:16
LH:0
BRDA:8,0,0,0
BRDA:8,0,1,0
BRDA:14,1,0,0
BRDA:14,1,1,0
BRF:4
BRH:0
end_of_record
TN:
SF:src\features\accessControl\user\controllers\user.controllers.ts
FN:5,index
FN:15,show
FN:24,store
FN:35,update
FN:47,destroy
FN:57,updateStatus
FNF:6
FNH:0
FNDA:0,index
FNDA:0,show
FNDA:0,store
FNDA:0,update
FNDA:0,destroy
FNDA:0,updateStatus
DA:1,0
DA:6,0
DA:7,0
DA:8,0
DA:9,0
DA:11,0
DA:16,0
DA:17,0
DA:18,0
DA:19,0
DA:21,0
DA:25,0
DA:26,0
DA:27,0
DA:32,0
DA:36,0
DA:37,0
DA:38,0
DA:39,0
DA:44,0
DA:48,0
DA:49,0
DA:50,0
DA:51,0
DA:53,0
DA:58,0
DA:59,0
DA:60,0
DA:61,0
DA:62,0
DA:67,0
DA:71,0
LF:32
LH:0
BRDA:63,0,0,0
BRDA:63,0,1,0
BRF:2
BRH:0
end_of_record
TN:
SF:src\features\accessControl\user\models\user.model.ts
FN:47,(anonymous_3)
FN:25,(anonymous_4)
FN:31,(anonymous_5)
FNF:3
FNH:0
FNDA:0,(anonymous_3)
FNDA:0,(anonymous_4)
FNDA:0,(anonymous_5)
DA:1,0
DA:2,0
DA:3,0
DA:8,0
DA:12,0
DA:18,0
DA:23,0
DA:25,0
DA:29,0
DA:31,0
DA:32,0
DA:38,0
DA:45,0
DA:48,0
DA:49,0
DA:50,0
DA:54,0
LF:17
LH:0
BRF:0
BRH:0
end_of_record
TN:
SF:src\features\accessControl\user\routes\user.routes.ts
FNF:0
FNH:0
DA:1,0
DA:2,0
DA:3,0
DA:4,0
DA:5,0
DA:6,0
DA:8,0
DA:10,0
DA:12,0
DA:13,0
DA:14,0
DA:15,0
DA:16,0
DA:17,0
DA:19,0
LF:15
LH:0
BRF:0
BRH:0
end_of_record
TN:
SF:src\features\accessControl\user\schemas\user.schema.ts
FNF:0
FNH:0
DA:1,0
DA:2,0
DA:4,0
DA:11,0
DA:14,0
DA:16,0
DA:21,0
LF:7
LH:0
BRF:0
BRH:0
end_of_record
TN:
SF:src\features\accessControl\user\services\user.service.ts
FN:10,listUsers
FN:21,getUserById
FN:30,createUser
FN:36,updateUser
FN:46,deleteUser
FN:52,setUserStatus
FNF:6
FNH:0
FNDA:0,listUsers
FNDA:0,getUserById
FNDA:0,createUser
FNDA:0,updateUser
FNDA:0,deleteUser
FNDA:0,setUserStatus
DA:1,0
DA:2,0
DA:4,0
DA:5,0
DA:6,0
DA:8,0
DA:11,0
DA:14,0
DA:22,0
DA:26,0
DA:27,0
DA:31,0
DA:32,0
DA:33,0
DA:37,0
DA:38,0
DA:39,0
DA:40,0
DA:42,0
DA:43,0
DA:47,0
DA:48,0
DA:53,0
DA:54,0
DA:55,0
DA:56,0
DA:59,0
LF:27
LH:0
BRDA:11,0,0,0
BRDA:11,0,1,0
BRDA:26,1,0,0
BRDA:26,1,1,0
BRDA:39,2,0,0
BRDA:39,2,1,0
BRDA:54,3,0,0
BRDA:54,3,1,0
BRF:8
BRH:0
end_of_record
TN:
SF:src\features\category\controllers\category.controller.ts
FN:5,index
FN:15,show
FN:25,store
FN:38,update
FN:51,destroy
FN:61,updateStatus
FNF:6
FNH:0
FNDA:0,index
FNDA:0,show
FNDA:0,store
FNDA:0,update
FNDA:0,destroy
FNDA:0,updateStatus
DA:2,0
DA:6,0
DA:7,0
DA:8,0
DA:9,0
DA:11,0
DA:16,0
DA:17,0
DA:18,0
DA:19,0
DA:21,0
DA:26,0
DA:27,0
DA:28,0
DA:34,0
DA:39,0
DA:40,0
DA:41,0
DA:42,0
DA:47,0
DA:52,0
DA:53,0
DA:54,0
DA:55,0
DA:57,0
DA:62,0
DA:63,0
DA:64,0
DA:65,0
DA:66,0
DA:71,0
DA:75,0
LF:32
LH:0
BRDA:67,0,0,0
BRDA:67,0,1,0
BRF:2
BRH:0
end_of_record
TN:
SF:src\features\category\controllers\subCategory.controller.ts
FN:5,index
FN:15,show
FN:25,store
FN:37,update
FN:50,destroy
FN:60,updateStatus
FNF:6
FNH:0
FNDA:0,index
FNDA:0,show
FNDA:0,store
FNDA:0,update
FNDA:0,destroy
FNDA:0,updateStatus
DA:2,0
DA:6,0
DA:7,0
DA:8,0
DA:9,0
DA:11,0
DA:16,0
DA:17,0
DA:18,0
DA:19,0
DA:21,0
DA:26,0
DA:27,0
DA:28,0
DA:33,0
DA:38,0
DA:39,0
DA:40,0
DA:41,0
DA:46,0
DA:51,0
DA:52,0
DA:53,0
DA:54,0
DA:56,0
DA:61,0
DA:62,0
DA:63,0
DA:64,0
DA:65,0
DA:70,0
DA:74,0
LF:32
LH:0
BRDA:66,0,0,0
BRDA:66,0,1,0
BRF:2
BRH:0
end_of_record
TN:
SF:src\features\category\models\Category.model.ts
FN:35,(anonymous_3)
FN:38,(anonymous_4)
FN:41,(anonymous_5)
FNF:3
FNH:0
FNDA:0,(anonymous_3)
FNDA:0,(anonymous_4)
FNDA:0,(anonymous_5)
DA:1,2
DA:2,2
DA:3,2
DA:4,2
DA:5,2
DA:10,2
DA:15,2
DA:22,2
DA:28,2
DA:33,2
DA:35,0
DA:36,2
DA:38,0
DA:39,2
DA:41,0
DA:42,2
DA:45,2
LF:17
LH:14
BRF:0
BRH:0
end_of_record
TN:
SF:src\features\category\models\CategoryTranslation.model.ts
FN:14,(anonymous_3)
FN:39,(anonymous_4)
FNF:2
FNH:0
FNDA:0,(anonymous_3)
FNDA:0,(anonymous_4)
DA:1,2
DA:2,2
DA:13,2
DA:14,0
DA:19,2
DA:25,2
DA:31,2
DA:37,2
DA:39,0
DA:40,2
DA:43,2
LF:11
LH:9
BRF:0
BRH:0
end_of_record
TN:
SF:src\features\category\models\SubCategory.model.ts
FN:17,(anonymous_3)
FN:42,(anonymous_4)
FN:45,(anonymous_5)
FN:48,(anonymous_6)
FNF:4
FNH:0
FNDA:0,(anonymous_3)
FNDA:0,(anonymous_4)
FNDA:0,(anonymous_5)
FNDA:0,(anonymous_6)
DA:1,2
DA:2,2
DA:3,2
DA:4,2
DA:5,2
DA:16,2
DA:17,0
DA:22,2
DA:28,2
DA:34,2
DA:40,2
DA:42,0
DA:43,2
DA:45,0
DA:46,2
DA:48,0
DA:49,2
DA:52,2
LF:18
LH:14
BRF:0
BRH:0
end_of_record
TN:
SF:src\features\category\models\SubCategoryTranslation.model.ts
FN:14,(anonymous_3)
FN:39,(anonymous_4)
FNF:2
FNH:0
FNDA:0,(anonymous_3)
FNDA:0,(anonymous_4)
DA:1,2
DA:2,2
DA:13,2
DA:14,0
DA:19,2
DA:25,2
DA:31,2
DA:37,2
DA:39,0
DA:40,2
DA:43,2
LF:11
LH:9
BRF:0
BRH:0
end_of_record
TN:
SF:src\features\category\routes\category.routes.ts
FNF:0
FNH:0
DA:1,0
DA:2,0
DA:3,0
DA:4,0
DA:5,0
DA:6,0
DA:8,0
DA:10,0
DA:12,0
DA:13,0
DA:14,0
DA:15,0
DA:16,0
DA:17,0
DA:19,0
LF:15
LH:0
BRF:0
BRH:0
end_of_record
TN:
SF:src\features\category\routes\subCategory.routes.ts
FNF:0
FNH:0
DA:1,0
DA:2,0
DA:3,0
DA:4,0
DA:5,0
DA:6,0
DA:8,0
DA:10,0
DA:12,0
DA:13,0
DA:14,0
DA:15,0
DA:16,0
DA:17,0
DA:19,0
LF:15
LH:0
BRF:0
BRH:0
end_of_record
TN:
SF:src\features\category\schemas\category.schema.ts
FNF:0
FNH:0
DA:1,0
DA:2,0
DA:4,0
DA:6,0
DA:11,0
DA:18,0
DA:20,0
DA:24,0
DA:28,0
LF:9
LH:0
BRF:0
BRH:0
end_of_record
TN:
SF:src\features\category\schemas\subCategory.schema.ts
FNF:0
FNH:0
DA:1,0
DA:2,0
DA:4,0
DA:9,0
DA:16,0
DA:18,0
DA:22,0
DA:26,0
LF:8
LH:0
BRF:0
BRH:0
end_of_record
TN:
SF:src\features\category\services\category.service.ts
FN:12,listCategories
FN:21,getCategoryById
FN:30,syncEnglishTranslation
FN:42,createCategory
FN:44,(anonymous_5)
FN:54,updateCategory
FN:63,deleteCategory
FN:68,setCategoryStatus
FNF:8
FNH:0
FNDA:0,listCategories
FNDA:0,getCategoryById
FNDA:0,syncEnglishTranslation
FNDA:0,createCategory
FNDA:0,(anonymous_5)
FNDA:0,updateCategory
FNDA:0,deleteCategory
FNDA:0,setCategoryStatus
DA:1,0
DA:2,0
DA:3,0
DA:4,0
DA:6,0
DA:7,0
DA:8,0
DA:10,0
DA:13,0
DA:14,0
DA:22,0
DA:26,0
DA:27,0
DA:31,0
DA:32,0
DA:36,0
DA:43,0
DA:44,0
DA:45,0
DA:46,0
DA:48,0
DA:49,0
DA:50,0
DA:51,0
DA:55,0
DA:56,0
DA:57,0
DA:58,0
DA:59,0
DA:60,0
DA:64,0
DA:65,0
DA:69,0
DA:73,0
DA:74,0
DA:75,0
DA:78,0
LF:37
LH:0
BRDA:13,0,0,0
BRDA:13,0,1,0
BRDA:26,1,0,0
BRDA:26,1,1,0
BRDA:31,2,0,0
BRDA:31,2,1,0
BRDA:34,3,0,0
BRDA:34,3,1,0
BRDA:38,4,0,0
BRDA:38,4,1,0
BRDA:49,5,0,0
BRDA:49,5,1,0
BRDA:58,6,0,0
BRDA:58,6,1,0
BRDA:73,7,0,0
BRDA:73,7,1,0
BRF:16
BRH:0
end_of_record
TN:
SF:src\features\category\services\subCategory.service.ts
FN:10,listSubCategories
FN:19,getSubCategoryById
FN:28,syncEnglishTranslation
FN:40,createSubCategory
FN:42,(anonymous_5)
FN:53,updateSubCategory
FN:61,deleteSubCategory
FN:67,setSubCategoryStatus
FNF:8
FNH:0
FNDA:0,listSubCategories
FNDA:0,getSubCategoryById
FNDA:0,syncEnglishTranslation
FNDA:0,createSubCategory
FNDA:0,(anonymous_5)
FNDA:0,updateSubCategory
FNDA:0,deleteSubCategory
FNDA:0,setSubCategoryStatus
DA:1,0
DA:2,0
DA:3,0
DA:4,0
DA:6,0
DA:7,0
DA:11,0
DA:12,0
DA:20,0
DA:24,0
DA:25,0
DA:29,0
DA:30,0
DA:34,0
DA:41,0
DA:42,0
DA:43,0
DA:46,0
DA:48,0
DA:49,0
DA:50,0
DA:54,0
DA:55,0
DA:56,0
DA:57,0
DA:58,0
DA:62,0
DA:63,0
DA:68,0
DA:72,0
DA:73,0
DA:74,0
DA:77,0
LF:33
LH:0
BRDA:11,0,0,0
BRDA:11,0,1,0
BRDA:24,1,0,0
BRDA:24,1,1,0
BRDA:29,2,0,0
BRDA:29,2,1,0
BRDA:32,3,0,0
BRDA:32,3,1,0
BRDA:36,4,0,0
BRDA:36,4,1,0
BRDA:72,5,0,0
BRDA:72,5,1,0
BRF:12
BRH:0
end_of_record
TN:
SF:src\features\customer\controllers\customer.controller.ts
FN:5,index
FN:15,show
FN:25,store
FN:37,update
FN:50,destroy
FN:60,updateStatus
FNF:6
FNH:0
FNDA:0,index
FNDA:0,show
FNDA:0,store
FNDA:0,update
FNDA:0,destroy
FNDA:0,updateStatus
DA:2,0
DA:6,0
DA:7,0
DA:8,0
DA:9,0
DA:11,0
DA:16,0
DA:17,0
DA:18,0
DA:19,0
DA:21,0
DA:26,0
DA:27,0
DA:28,0
DA:33,0
DA:38,0
DA:39,0
DA:40,0
DA:41,0
DA:46,0
DA:51,0
DA:52,0
DA:53,0
DA:54,0
DA:56,0
DA:61,0
DA:62,0
DA:63,0
DA:64,0
DA:65,0
DA:70,0
DA:74,0
LF:32
LH:0
BRDA:66,0,0,0
BRDA:66,0,1,0
BRF:2
BRH:0
end_of_record
TN:
SF:src\features\customer\controllers\customerLogin.controller.ts
FN:4,login
FNF:1
FNH:0
FNDA:0,login
DA:2,0
DA:5,0
DA:6,0
DA:7,0
DA:9,0
DA:13,0
LF:6
LH:0
BRF:0
BRH:0
end_of_record
TN:
SF:src\features\customer\models\Customer.model.ts
FN:46,(anonymous_3)
FNF:1
FNH:0
FNDA:0,(anonymous_3)
DA:1,2
DA:2,2
DA:7,2
DA:12,2
DA:18,2
DA:25,2
DA:31,2
DA:37,2
DA:44,2
DA:47,0
DA:48,0
DA:49,0
DA:53,2
LF:13
LH:10
BRF:0
BRH:0
end_of_record
TN:
SF:src\features\customer\routes\customer.routes.ts
FNF:0
FNH:0
DA:1,0
DA:2,0
DA:3,0
DA:4,0
DA:5,0
DA:6,0
DA:8,0
DA:10,0
DA:12,0
DA:13,0
DA:14,0
DA:15,0
DA:22,0
DA:29,0
DA:31,0
LF:15
LH:0
BRF:0
BRH:0
end_of_record
TN:
SF:src\features\customer\routes\customerLogin.routes.ts
FNF:0
FNH:0
DA:1,0
DA:2,0
DA:3,0
DA:4,0
DA:6,0
DA:8,0
DA:10,0
LF:7
LH:0
BRF:0
BRH:0
end_of_record
TN:
SF:src\features\customer\schemas\customer.schema.ts
FNF:0
FNH:0
DA:1,0
DA:2,0
DA:4,0
DA:11,0
DA:15,0
DA:18,0
DA:25,0
LF:7
LH:0
BRF:0
BRH:0
end_of_record
TN:
SF:src\features\customer\schemas\customerLogin.schema.ts
FNF:0
FNH:0
DA:1,0
DA:3,0
LF:2
LH:0
BRF:0
BRH:0
end_of_record
TN:
SF:src\features\customer\services\customer.service.ts
FN:13,listCustomers
FN:24,getCustomerById
FN:33,createCustomer
FN:39,updateCustomer
FN:49,deleteCustomer
FN:57,setCustomerStatus
FNF:6
FNH:0
FNDA:0,listCustomers
FNDA:0,getCustomerById
FNDA:0,createCustomer
FNDA:0,updateCustomer
FNDA:0,deleteCustomer
FNDA:0,setCustomerStatus
DA:1,0
DA:2,0
DA:4,0
DA:5,0
DA:6,0
DA:8,0
DA:14,0
DA:17,0
DA:25,0
DA:29,0
DA:30,0
DA:34,0
DA:35,0
DA:36,0
DA:40,0
DA:41,0
DA:42,0
DA:43,0
DA:45,0
DA:46,0
DA:50,0
DA:51,0
DA:58,0
DA:59,0
DA:60,0
DA:61,0
DA:64,0
LF:27
LH:0
BRDA:14,0,0,0
BRDA:14,0,1,0
BRDA:29,1,0,0
BRDA:29,1,1,0
BRDA:42,2,0,0
BRDA:42,2,1,0
BRDA:59,3,0,0
BRDA:59,3,1,0
BRF:8
BRH:0
end_of_record
TN:
SF:src\features\customer\services\customerLogin.service.ts
FN:19,login
FNF:1
FNH:1
FNDA:5,login
DA:1,1
DA:2,1
DA:3,1
DA:4,1
DA:5,1
DA:6,1
DA:20,5
DA:22,5
DA:24,4
DA:25,1
DA:28,3
DA:30,3
DA:31,2
DA:32,2
DA:35,1
DA:37,1
DA:43,1
DA:54,1
LF:18
LH:18
BRDA:22,0,0,1
BRDA:22,0,1,4
BRDA:24,1,0,1
BRDA:24,1,1,3
BRDA:30,2,0,2
BRDA:30,2,1,1
BRF:6
BRH:6
end_of_record
TN:
SF:src\features\dashboard\controllers\dashboard.controller.ts
FN:5,summary
FNF:1
FNH:0
FNDA:0,summary
DA:2,0
DA:6,0
DA:7,0
DA:8,0
DA:9,0
DA:11,0
DA:15,0
LF:7
LH:0
BRF:0
BRH:0
end_of_record
TN:
SF:src\features\dashboard\routes\dashboard.routes.ts
FNF:0
FNH:0
DA:1,0
DA:2,0
DA:3,0
DA:4,0
DA:5,0
DA:6,0
DA:9,0
DA:11,0
DA:13,0
DA:15,0
LF:10
LH:0
BRF:0
BRH:0
end_of_record
TN:
SF:src\features\dashboard\schemas\dashboard.schema.ts
FN:10,(anonymous_0)
FNF:1
FNH:0
FNDA:0,(anonymous_0)
DA:1,0
DA:5,0
DA:10,0
LF:3
LH:0
BRDA:10,0,0,0
BRDA:10,0,1,0
BRDA:10,0,2,0
BRF:3
BRH:0
end_of_record
TN:
SF:src\features\dashboard\services\dashboard.service.ts
FN:77,endOfDay
FN:83,dayKey
FN:88,weekKey
FN:97,buildOverview
FN:103,(anonymous_5)
FN:104,(anonymous_6)
FN:105,(anonymous_7)
FN:106,(anonymous_8)
FN:118,buildTrend
FN:125,(anonymous_10)
FN:147,(anonymous_11)
FN:148,(anonymous_12)
FN:163,groupProductsByRealId
FN:185,(anonymous_14)
FN:188,buildTopProducts
FN:190,(anonymous_16)
FN:197,buildTopProductsByRevenue
FN:199,(anonymous_18)
FN:205,buildTopCustomers
FN:228,(anonymous_20)
FN:229,(anonymous_21)
FN:238,buildTopIngredients
FN:258,(anonymous_23)
FN:259,(anonymous_24)
FN:263,getSummary
FNF:25
FNH:25
FNDA:4,endOfDay
FNDA:19,dayKey
FNDA:1,weekKey
FNDA:9,buildOverview
FNDA:19,(anonymous_5)
FNDA:19,(anonymous_6)
FNDA:19,(anonymous_7)
FNDA:19,(anonymous_8)
FNDA:9,buildTrend
FNDA:19,(anonymous_10)
FNDA:10,(anonymous_11)
FNDA:2,(anonymous_12)
FNDA:18,groupProductsByRealId
FNDA:20,(anonymous_14)
FNDA:9,buildTopProducts
FNDA:2,(anonymous_16)
FNDA:9,buildTopProductsByRevenue
FNDA:2,(anonymous_18)
FNDA:9,buildTopCustomers
FNDA:9,(anonymous_20)
FNDA:1,(anonymous_21)
FNDA:9,buildTopIngredients
FNDA:3,(anonymous_23)
FNDA:1,(anonymous_24)
FNDA:9,getSummary
DA:1,1
DA:2,1
DA:3,1
DA:4,1
DA:5,1
DA:6,1
DA:7,1
DA:9,1
DA:10,1
DA:11,1
DA:78,4
DA:79,4
DA:80,4
DA:84,19
DA:89,1
DA:90,1
DA:91,1
DA:92,1
DA:93,1
DA:94,1
DA:98,9
DA:103,19
DA:104,19
DA:105,19
DA:106,19
DA:108,9
DA:123,9
DA:125,19
DA:126,8
DA:127,8
DA:128,8
DA:129,8
DA:136,8
DA:137,8
DA:138,19
DA:139,19
DA:140,19
DA:141,19
DA:142,19
DA:143,19
DA:146,8
DA:147,10
DA:148,2
DA:150,8
DA:164,18
DA:166,18
DA:167,38
DA:168,38
DA:169,38
DA:177,38
DA:178,38
DA:179,38
DA:180,38
DA:181,38
DA:182,38
DA:185,20
DA:189,9
DA:190,2
DA:198,9
DA:199,2
DA:206,9
DA:208,9
DA:209,19
DA:210,19
DA:212,19
DA:221,19
DA:222,19
DA:223,19
DA:224,19
DA:227,9
DA:228,9
DA:229,1
DA:239,9
DA:241,9
DA:242,19
DA:243,19
DA:244,6
DA:250,6
DA:251,6
DA:252,6
DA:253,6
DA:257,9
DA:258,3
DA:259,1
DA:264,9
DA:265,9
DA:266,9
DA:268,9
DA:282,9
DA:284,9
DA:296,1
LF:91
LH:91
BRDA:91,0,0,0
BRDA:91,0,1,1
BRDA:114,1,0,8
BRDA:114,1,1,1
BRDA:123,2,0,1
BRDA:123,2,1,8
BRDA:126,3,0,2
BRDA:126,3,1,6
BRDA:127,4,0,2
BRDA:127,4,1,6
BRDA:129,5,0,1
BRDA:129,5,1,7
BRDA:139,6,0,1
BRDA:139,6,1,18
BRDA:140,7,0,19
BRDA:140,7,1,10
BRDA:167,8,0,38
BRDA:167,8,1,0
BRDA:168,9,0,38
BRDA:168,9,1,0
BRDA:169,10,0,38
BRDA:169,10,1,20
BRDA:210,11,0,0
BRDA:210,11,1,19
BRDA:212,12,0,19
BRDA:212,12,1,9
BRDA:215,13,0,9
BRDA:215,13,1,8
BRDA:243,14,0,19
BRDA:243,14,1,0
BRDA:244,15,0,6
BRDA:244,15,1,3
BRDA:265,16,0,2
BRDA:265,16,1,7
BRDA:266,17,0,2
BRDA:266,17,1,7
BRDA:269,18,0,0
BRDA:269,18,1,9
BRDA:285,19,0,9
BRDA:285,19,1,7
BRDA:285,20,0,9
BRDA:285,20,1,7
BRF:42
BRH:36
end_of_record
TN:
SF:src\features\destination\controllers\destination.controller.ts
FN:5,index
FN:15,show
FN:25,store
FN:37,update
FN:50,destroy
FNF:5
FNH:2
FNDA:1,index
FNDA:0,show
FNDA:1,store
FNDA:0,update
FNDA:0,destroy
DA:2,1
DA:6,1
DA:7,1
DA:8,1
DA:9,1
DA:11,0
DA:16,0
DA:17,0
DA:18,0
DA:19,0
DA:21,0
DA:26,1
DA:27,1
DA:28,1
DA:33,0
DA:38,0
DA:39,0
DA:40,0
DA:41,0
DA:46,0
DA:51,0
DA:52,0
DA:53,0
DA:54,0
DA:56,0
DA:60,1
LF:26
LH:9
BRF:0
BRH:0
end_of_record
TN:
SF:src\features\destination\models\Destination.model.ts
FNF:0
FNH:0
DA:1,0
DA:2,0
DA:7,0
DA:12,0
DA:18,0
DA:25,0
DA:28,0
LF:7
LH:0
BRF:0
BRH:0
end_of_record
TN:
SF:src\features\destination\routes\destination.routes.ts
FNF:0
FNH:0
DA:1,1
DA:2,1
DA:3,1
DA:4,1
DA:5,1
DA:6,1
DA:8,1
DA:10,1
DA:12,1
DA:13,1
DA:14,1
DA:15,1
DA:16,1
DA:18,1
LF:14
LH:14
BRF:0
BRH:0
end_of_record
TN:
SF:src\features\destination\schemas\destination.schema.ts
FNF:0
FNH:0
DA:1,1
DA:2,1
DA:5,1
DA:7,1
DA:13,1
DA:17,1
DA:19,1
LF:7
LH:7
BRF:0
BRH:0
end_of_record
TN:
SF:src\features\destination\services\destination.service.ts
FN:7,listDestinations
FN:16,getDestinationById
FN:22,createDestination
FN:26,updateDestination
FN:31,deleteDestination
FNF:5
FNH:0
FNDA:0,listDestinations
FNDA:0,getDestinationById
FNDA:0,createDestination
FNDA:0,updateDestination
FNDA:0,deleteDestination
DA:1,0
DA:2,0
DA:3,0
DA:5,0
DA:8,0
DA:13,0
DA:17,0
DA:18,0
DA:19,0
DA:23,0
DA:27,0
DA:28,0
DA:32,0
DA:33,0
DA:36,0
LF:15
LH:0
BRDA:10,0,0,0
BRDA:10,0,1,0
BRDA:11,1,0,0
BRDA:11,1,1,0
BRDA:18,2,0,0
BRDA:18,2,1,0
BRF:6
BRH:0
end_of_record
TN:
SF:src\features\ingredient\constants\ingredientImport.constant.ts
FNF:0
FNH:0
DA:21,1
DA:34,1
DA:43,1
DA:52,1
DA:66,1
DA:67,1
DA:70,1
LF:7
LH:7
BRF:0
BRH:0
end_of_record
TN:
SF:src\features\ingredient\controllers\ingredient.controller.ts
FN:6,index
FN:16,show
FN:26,store
FN:38,update
FN:51,destroy
FN:68,bulkImport
FN:86,downloadTemplate
FNF:7
FNH:0
FNDA:0,index
FNDA:0,show
FNDA:0,store
FNDA:0,update
FNDA:0,destroy
FNDA:0,bulkImport
FNDA:0,downloadTemplate
DA:2,0
DA:4,0
DA:7,0
DA:8,0
DA:9,0
DA:10,0
DA:12,0
DA:17,0
DA:18,0
DA:19,0
DA:20,0
DA:22,0
DA:27,0
DA:28,0
DA:29,0
DA:34,0
DA:39,0
DA:40,0
DA:41,0
DA:42,0
DA:47,0
DA:52,0
DA:53,0
DA:54,0
DA:55,0
DA:57,0
DA:63,0
DA:69,0
DA:70,0
DA:71,0
DA:73,0
DA:74,0
DA:76,0
DA:77,0
DA:82,0
DA:87,0
DA:88,0
DA:89,0
DA:90,0
DA:91,0
DA:93,0
DA:97,0
LF:42
LH:0
BRDA:70,0,0,0
BRDA:70,0,1,0
BRDA:73,1,0,0
BRDA:73,1,1,0
BRF:4
BRH:0
end_of_record
TN:
SF:src\features\ingredient\models\Ingredient.model.ts
FN:56,(anonymous_3)
FN:63,(anonymous_4)
FN:66,(anonymous_5)
FN:70,(anonymous_6)
FNF:4
FNH:0
FNDA:0,(anonymous_3)
FNDA:0,(anonymous_4)
FNDA:0,(anonymous_5)
FNDA:0,(anonymous_6)
DA:1,2
DA:2,2
DA:3,2
DA:4,2
DA:5,2
DA:10,2
DA:15,2
DA:22,2
DA:28,2
DA:41,2
DA:48,2
DA:54,2
DA:56,0
DA:61,2
DA:63,0
DA:64,2
DA:66,0
DA:67,2
DA:70,0
DA:71,2
DA:74,2
LF:21
LH:17
BRF:0
BRH:0
end_of_record
TN:
SF:src\features\ingredient\models\IngredientTranslation.model.ts
FN:15,(anonymous_3)
FN:34,(anonymous_4)
FNF:2
FNH:0
FNDA:0,(anonymous_3)
FNDA:0,(anonymous_4)
DA:1,2
DA:2,2
DA:14,2
DA:15,0
DA:20,2
DA:26,2
DA:32,2
DA:34,0
DA:35,2
DA:38,2
LF:10
LH:8
BRF:0
BRH:0
end_of_record
TN:
SF:src\features\ingredient\routes\ingredient.routes.ts
FNF:0
FNH:0
DA:1,0
DA:2,0
DA:3,0
DA:4,0
DA:5,0
DA:6,0
DA:7,0
DA:9,0
DA:13,0
DA:18,0
DA:20,0
DA:24,0
DA:25,0
DA:27,0
DA:28,0
DA:29,0
DA:30,0
DA:32,0
LF:18
LH:0
BRF:0
BRH:0
end_of_record
TN:
SF:src\features\ingredient\schemas\ingredient.schema.ts
FNF:0
FNH:0
DA:1,1
DA:2,1
DA:6,1
DA:10,1
DA:23,1
DA:29,1
DA:34,1
LF:7
LH:7
BRF:0
BRH:0
end_of_record
TN:
SF:src\features\ingredient\services\ingredient.service.ts
FN:31,listIngredients
FN:40,getIngredientById
FN:51,syncEnglishTranslation
FN:60,createIngredient
FN:62,(anonymous_5)
FN:71,updateIngredient
FN:79,deleteIngredient
FN:97,resolveIngredientTypeField
FN:117,resolveIngredientCostUnitField
FN:139,resolveIngredientBooleanField
FN:153,buildIngredientImportCandidate
FN:177,collectZodIssues
FN:201,finalizeIngredientImportCandidate
FN:221,(anonymous_14)
FN:233,processIngredientImportRow
FN:275,loadActiveUnitsByNormalizedName
FN:287,validateIngredientImportHeaders
FN:289,(anonymous_18)
FN:292,(anonymous_19)
FN:304,persistImportedIngredients
FN:305,(anonymous_21)
FN:309,(anonymous_22)
FN:313,(anonymous_23)
FN:328,bulkImportIngredients
FN:374,buildIngredientImportTemplate
FN:419,(anonymous_26)
FNF:26
FNH:19
FNDA:0,listIngredients
FNDA:0,getIngredientById
FNDA:0,syncEnglishTranslation
FNDA:0,createIngredient
FNDA:0,(anonymous_5)
FNDA:0,updateIngredient
FNDA:0,deleteIngredient
FNDA:18,resolveIngredientTypeField
FNDA:18,resolveIngredientCostUnitField
FNDA:36,resolveIngredientBooleanField
FNDA:18,buildIngredientImportCandidate
FNDA:18,collectZodIssues
FNDA:13,finalizeIngredientImportCandidate
FNDA:15,(anonymous_14)
FNDA:18,processIngredientImportRow
FNDA:12,loadActiveUnitsByNormalizedName
FNDA:13,validateIngredientImportHeaders
FNDA:52,(anonymous_18)
FNDA:2,(anonymous_19)
FNDA:6,persistImportedIngredients
FNDA:10,(anonymous_21)
FNDA:10,(anonymous_22)
FNDA:10,(anonymous_23)
FNDA:14,bulkImportIngredients
FNDA:1,buildIngredientImportTemplate
FNDA:4,(anonymous_26)
DA:1,1
DA:2,1
DA:3,1
DA:4,1
DA:5,1
DA:6,1
DA:7,1
DA:8,1
DA:9,1
DA:10,1
DA:20,1
DA:32,0
DA:33,0
DA:41,0
DA:45,0
DA:46,0
DA:52,0
DA:53,0
DA:57,0
DA:61,0
DA:62,0
DA:63,0
DA:64,0
DA:66,0
DA:67,0
DA:68,0
DA:72,0
DA:73,0
DA:74,0
DA:75,0
DA:76,0
DA:80,0
DA:81,0
DA:98,18
DA:99,18
DA:100,18
DA:102,1
DA:103,1
DA:109,1
DA:122,18
DA:123,18
DA:125,18
DA:126,18
DA:127,1
DA:128,1
DA:130,17
DA:131,1
DA:132,1
DA:134,16
DA:145,36
DA:146,36
DA:147,1
DA:148,1
DA:150,36
DA:162,18
DA:163,18
DA:182,18
DA:183,18
DA:185,4
DA:186,4
DA:187,4
DA:188,4
DA:189,1
DA:191,4
DA:208,13
DA:209,13
DA:210,13
DA:211,1
DA:217,1
DA:219,12
DA:221,12
DA:222,15
DA:223,14
DA:224,14
DA:226,12
DA:228,12
DA:242,18
DA:243,18
DA:244,18
DA:245,18
DA:246,18
DA:247,18
DA:248,18
DA:250,18
DA:252,18
DA:253,18
DA:254,18
DA:255,18
DA:257,18
DA:261,18
DA:262,18
DA:264,18
DA:265,5
DA:266,5
DA:270,13
DA:276,12
DA:277,12
DA:278,12
DA:279,24
DA:280,24
DA:281,24
DA:282,24
DA:284,12
DA:288,13
DA:289,52
DA:290,13
DA:291,1
DA:292,2
DA:295,12
DA:305,10
DA:306,6
DA:308,6
DA:310,10
DA:311,10
DA:313,10
DA:315,6
DA:316,2
DA:319,6
DA:329,14
DA:330,14
DA:331,14
DA:332,1
DA:334,13
DA:335,0
DA:338,13
DA:339,12
DA:341,12
DA:344,12
DA:345,12
DA:346,12
DA:348,12
DA:349,18
DA:350,18
DA:352,18
DA:355,18
DA:358,12
DA:359,6
DA:361,6
DA:362,0
DA:365,6
DA:375,1
DA:377,1
DA:378,1
DA:387,1
DA:388,1
DA:397,1
DA:406,1
DA:416,1
DA:417,1
DA:418,1
DA:419,4
DA:420,1
DA:421,1
DA:422,1
DA:424,1
DA:427,1
LF:156
LH:132
BRDA:32,0,0,0
BRDA:32,0,1,0
BRDA:45,1,0,0
BRDA:45,1,1,0
BRDA:52,2,0,0
BRDA:52,2,1,0
BRDA:98,3,0,0
BRDA:98,3,1,18
BRDA:100,4,0,17
BRDA:100,4,1,1
BRDA:122,5,0,0
BRDA:122,5,1,18
BRDA:125,6,0,18
BRDA:125,6,1,1
BRDA:126,7,0,1
BRDA:126,7,1,17
BRDA:130,8,0,1
BRDA:130,8,1,16
BRDA:146,9,0,1
BRDA:146,9,1,35
BRDA:162,10,0,4
BRDA:162,10,1,14
BRDA:164,11,0,18
BRDA:164,11,1,0
BRDA:168,12,0,1
BRDA:168,12,1,17
BRDA:168,13,0,18
BRDA:168,13,1,17
BRDA:170,14,0,3
BRDA:170,14,1,15
BRDA:183,15,0,14
BRDA:183,15,1,4
BRDA:187,16,0,4
BRDA:187,16,1,0
BRDA:188,17,0,3
BRDA:188,17,1,1
BRDA:210,18,0,1
BRDA:210,18,1,12
BRDA:222,19,0,1
BRDA:222,19,1,14
BRDA:264,20,0,5
BRDA:264,20,1,13
BRDA:280,21,0,24
BRDA:280,21,1,23
BRDA:290,22,0,1
BRDA:290,22,1,12
BRDA:311,23,0,3
BRDA:311,23,1,7
BRDA:315,24,0,2
BRDA:315,24,1,4
BRDA:331,25,0,1
BRDA:331,25,1,13
BRDA:331,26,0,14
BRDA:331,26,1,14
BRDA:334,27,0,0
BRDA:334,27,1,13
BRDA:350,28,0,0
BRDA:350,28,1,18
BRDA:355,29,0,12
BRDA:355,29,1,6
BRDA:358,30,0,6
BRDA:358,30,1,6
BRDA:361,31,0,0
BRDA:361,31,1,6
BRF:64
BRH:51
end_of_record
TN:
SF:src\features\packaging\constants\packagingImport.constant.ts
FNF:0
FNH:0
DA:12,1
DA:20,1
DA:22,1
DA:29,1
DA:39,1
LF:5
LH:5
BRF:0
BRH:0
end_of_record
TN:
SF:src\features\packaging\controllers\packaging.controller.ts
FN:6,index
FN:16,show
FN:26,store
FN:38,update
FN:51,destroy
FN:66,bulkImport
FN:85,downloadTemplate
FNF:7
FNH:0
FNDA:0,index
FNDA:0,show
FNDA:0,store
FNDA:0,update
FNDA:0,destroy
FNDA:0,bulkImport
FNDA:0,downloadTemplate
DA:2,0
DA:4,0
DA:7,0
DA:8,0
DA:9,0
DA:10,0
DA:12,0
DA:17,0
DA:18,0
DA:19,0
DA:20,0
DA:22,0
DA:27,0
DA:28,0
DA:29,0
DA:34,0
DA:39,0
DA:40,0
DA:41,0
DA:42,0
DA:47,0
DA:52,0
DA:53,0
DA:54,0
DA:55,0
DA:57,0
DA:61,0
DA:67,0
DA:68,0
DA:69,0
DA:72,0
DA:73,0
DA:75,0
DA:76,0
DA:81,0
DA:86,0
DA:87,0
DA:88,0
DA:89,0
DA:90,0
DA:92,0
DA:96,0
LF:42
LH:0
BRDA:68,0,0,0
BRDA:68,0,1,0
BRDA:72,1,0,0
BRDA:72,1,1,0
BRF:4
BRH:0
end_of_record
TN:
SF:src\features\packaging\models\Packaging.model.ts
FN:34,(anonymous_3)
FN:37,(anonymous_4)
FN:40,(anonymous_5)
FNF:3
FNH:0
FNDA:0,(anonymous_3)
FNDA:0,(anonymous_4)
FNDA:0,(anonymous_5)
DA:1,2
DA:2,2
DA:3,2
DA:4,2
DA:9,2
DA:14,2
DA:21,2
DA:27,2
DA:32,2
DA:34,0
DA:35,2
DA:37,0
DA:38,2
DA:40,0
DA:41,2
DA:44,2
LF:16
LH:13
BRF:0
BRH:0
end_of_record
TN:
SF:src\features\packaging\routes\packaging.routes.ts
FNF:0
FNH:0
DA:1,0
DA:2,0
DA:3,0
DA:4,0
DA:5,0
DA:6,0
DA:7,0
DA:9,0
DA:11,0
DA:16,0
DA:18,0
DA:20,0
DA:21,0
DA:23,0
DA:24,0
DA:25,0
DA:26,0
DA:28,0
LF:18
LH:0
BRF:0
BRH:0
end_of_record
TN:
SF:src\features\packaging\schemas\packaging.schema.ts
FNF:0
FNH:0
DA:1,1
DA:2,1
DA:4,1
DA:6,1
DA:13,1
DA:18,1
DA:23,1
LF:7
LH:7
BRF:0
BRH:0
end_of_record
TN:
SF:src\features\packaging\services\packaging.service.ts
FN:25,listPackagings
FN:30,getPackagingById
FN:36,createPackaging
FN:40,updatePackaging
FN:45,deletePackaging
FN:56,resolvePackagingRoleField
FN:71,buildPackagingImportCandidate
FN:85,collectPackagingZodIssues
FN:103,finalizePackagingImportCandidate
FN:124,processPackagingImportRow
FN:153,validatePackagingImportHeaders
FN:155,(anonymous_12)
FN:158,(anonymous_13)
FN:164,bulkImportPackagings
FN:199,buildPackagingImportTemplate
FN:232,(anonymous_16)
FNF:16
FNH:11
FNDA:0,listPackagings
FNDA:0,getPackagingById
FNDA:0,createPackaging
FNDA:0,updatePackaging
FNDA:0,deletePackaging
FNDA:17,resolvePackagingRoleField
FNDA:17,buildPackagingImportCandidate
FNDA:17,collectPackagingZodIssues
FNDA:14,finalizePackagingImportCandidate
FNDA:17,processPackagingImportRow
FNDA:11,validatePackagingImportHeaders
FNDA:33,(anonymous_12)
FNDA:1,(anonymous_13)
FNDA:12,bulkImportPackagings
FNDA:1,buildPackagingImportTemplate
FNDA:3,(anonymous_16)
DA:1,1
DA:2,1
DA:3,1
DA:4,1
DA:5,1
DA:6,1
DA:7,1
DA:16,1
DA:26,0
DA:27,0
DA:31,0
DA:32,0
DA:33,0
DA:37,0
DA:41,0
DA:42,0
DA:46,0
DA:47,0
DA:57,17
DA:58,17
DA:59,17
DA:61,1
DA:62,1
DA:68,1
DA:77,17
DA:90,17
DA:91,17
DA:93,3
DA:94,3
DA:95,3
DA:96,3
DA:97,2
DA:99,3
DA:109,14
DA:110,14
DA:111,14
DA:112,1
DA:118,1
DA:120,13
DA:121,13
DA:131,17
DA:132,17
DA:133,17
DA:134,17
DA:136,17
DA:138,17
DA:139,17
DA:141,17
DA:142,17
DA:144,17
DA:145,3
DA:146,3
DA:150,14
DA:154,11
DA:155,33
DA:156,11
DA:157,1
DA:158,1
DA:161,10
DA:165,12
DA:166,12
DA:167,12
DA:168,1
DA:171,11
DA:173,10
DA:174,0
DA:177,10
DA:178,10
DA:179,10
DA:181,10
DA:182,17
DA:183,17
DA:185,17
DA:186,17
DA:189,10
DA:190,4
DA:192,6
DA:193,0
DA:196,6
DA:200,1
DA:202,1
DA:203,1
DA:209,1
DA:210,1
DA:216,1
DA:222,1
DA:229,1
DA:230,1
DA:231,1
DA:232,3
DA:234,1
DA:237,1
LF:92
LH:80
BRDA:26,0,0,0
BRDA:26,0,1,0
BRDA:32,1,0,0
BRDA:32,1,1,0
BRDA:57,2,0,0
BRDA:57,2,1,17
BRDA:59,3,0,16
BRDA:59,3,1,1
BRDA:78,4,0,17
BRDA:78,4,1,0
BRDA:80,5,0,6
BRDA:80,5,1,11
BRDA:80,6,0,6
BRDA:80,6,1,0
BRDA:81,7,0,2
BRDA:81,7,1,15
BRDA:81,8,0,17
BRDA:81,8,1,15
BRDA:91,9,0,14
BRDA:91,9,1,3
BRDA:95,10,0,3
BRDA:95,10,1,0
BRDA:96,11,0,1
BRDA:96,11,1,2
BRDA:111,12,0,1
BRDA:111,12,1,13
BRDA:144,13,0,3
BRDA:144,13,1,14
BRDA:156,14,0,1
BRDA:156,14,1,10
BRDA:167,15,0,1
BRDA:167,15,1,11
BRDA:167,16,0,12
BRDA:167,16,1,12
BRDA:173,17,0,0
BRDA:173,17,1,10
BRDA:183,18,0,0
BRDA:183,18,1,17
BRDA:186,19,0,13
BRDA:186,19,1,4
BRDA:189,20,0,4
BRDA:189,20,1,6
BRDA:192,21,0,0
BRDA:192,21,1,6
BRF:44
BRH:33
end_of_record
TN:
SF:src\features\presentation\controllers\presentation.controller.ts
FN:5,index
FN:15,show
FN:25,store
FN:37,update
FN:50,destroy
FNF:5
FNH:0
FNDA:0,index
FNDA:0,show
FNDA:0,store
FNDA:0,update
FNDA:0,destroy
DA:2,0
DA:6,0
DA:7,0
DA:8,0
DA:9,0
DA:11,0
DA:16,0
DA:17,0
DA:18,0
DA:19,0
DA:21,0
DA:26,0
DA:27,0
DA:28,0
DA:33,0
DA:38,0
DA:39,0
DA:40,0
DA:41,0
DA:46,0
DA:51,0
DA:52,0
DA:53,0
DA:54,0
DA:56,0
DA:60,0
LF:26
LH:0
BRF:0
BRH:0
end_of_record
TN:
SF:src\features\presentation\models\Presentation.model.ts
FN:22,(anonymous_3)
FN:29,(anonymous_4)
FN:32,(anonymous_5)
FNF:3
FNH:0
FNDA:0,(anonymous_3)
FNDA:0,(anonymous_4)
FNDA:0,(anonymous_5)
DA:1,2
DA:2,2
DA:3,2
DA:4,2
DA:9,2
DA:14,2
DA:20,2
DA:22,0
DA:27,2
DA:29,0
DA:30,2
DA:32,0
DA:33,2
DA:36,2
LF:14
LH:11
BRF:0
BRH:0
end_of_record
TN:
SF:src\features\presentation\routes\presentation.routes.ts
FNF:0
FNH:0
DA:1,0
DA:2,0
DA:3,0
DA:4,0
DA:5,0
DA:6,0
DA:8,0
DA:10,0
DA:12,0
DA:13,0
DA:14,0
DA:15,0
DA:16,0
DA:18,0
LF:14
LH:0
BRF:0
BRH:0
end_of_record
TN:
SF:src\features\presentation\schemas\presentation.schema.ts
FNF:0
FNH:0
DA:1,0
DA:2,0
DA:4,0
DA:10,0
DA:15,0
DA:19,0
LF:6
LH:0
BRF:0
BRH:0
end_of_record
TN:
SF:src\features\presentation\services\presentation.service.ts
FN:7,listPresentations
FN:12,getPresentationById
FN:18,createPresentation
FN:22,updatePresentation
FN:27,deletePresentation
FNF:5
FNH:0
FNDA:0,listPresentations
FNDA:0,getPresentationById
FNDA:0,createPresentation
FNDA:0,updatePresentation
FNDA:0,deletePresentation
DA:1,0
DA:2,0
DA:3,0
DA:5,0
DA:8,0
DA:9,0
DA:13,0
DA:14,0
DA:15,0
DA:19,0
DA:23,0
DA:24,0
DA:28,0
DA:29,0
DA:32,0
LF:15
LH:0
BRDA:8,0,0,0
BRDA:8,0,1,0
BRDA:14,1,0,0
BRDA:14,1,1,0
BRF:4
BRH:0
end_of_record
TN:
SF:src\features\product-type\controllers\ProductType.controller.ts
FN:5,index
FN:15,show
FN:25,store
FN:39,update
FN:52,destroy
FNF:5
FNH:0
FNDA:0,index
FNDA:0,show
FNDA:0,store
FNDA:0,update
FNDA:0,destroy
DA:2,0
DA:6,0
DA:7,0
DA:8,0
DA:9,0
DA:11,0
DA:16,0
DA:17,0
DA:18,0
DA:19,0
DA:21,0
DA:26,0
DA:27,0
DA:28,0
DA:35,0
DA:40,0
DA:41,0
DA:42,0
DA:43,0
DA:48,0
DA:53,0
DA:54,0
DA:55,0
DA:56,0
DA:58,0
DA:62,0
LF:26
LH:0
BRF:0
BRH:0
end_of_record
TN:
SF:src\features\product-type\models\ProductType.model.ts
FN:22,(anonymous_3)
FNF:1
FNH:0
FNDA:0,(anonymous_3)
DA:1,2
DA:2,2
DA:3,2
DA:8,2
DA:14,2
DA:20,2
DA:22,0
DA:23,2
DA:26,2
LF:9
LH:8
BRF:0
BRH:0
end_of_record
TN:
SF:src\features\product-type\routes\productType.routes.ts
FNF:0
FNH:0
DA:1,0
DA:2,0
DA:3,0
DA:4,0
DA:5,0
DA:6,0
DA:8,0
DA:10,0
DA:12,0
DA:13,0
DA:14,0
DA:15,0
DA:16,0
DA:18,0
LF:14
LH:0
BRF:0
BRH:0
end_of_record
TN:
SF:src\features\product-type\schemas\productType.schema.ts
FNF:0
FNH:0
DA:1,0
DA:2,0
DA:4,0
DA:9,0
DA:13,0
DA:16,0
LF:6
LH:0
BRF:0
BRH:0
end_of_record
TN:
SF:src\features\product-type\services\productType.service.ts
FN:8,listProductTypes
FN:13,getProductTypeById
FN:19,createProductType
FN:23,updateProductType
FN:28,deleteProductType
FNF:5
FNH:0
FNDA:0,listProductTypes
FNDA:0,getProductTypeById
FNDA:0,createProductType
FNDA:0,updateProductType
FNDA:0,deleteProductType
DA:1,0
DA:2,0
DA:3,0
DA:5,0
DA:9,0
DA:10,0
DA:14,0
DA:15,0
DA:16,0
DA:20,0
DA:24,0
DA:25,0
DA:29,0
DA:30,0
DA:33,0
LF:15
LH:0
BRDA:9,0,0,0
BRDA:9,0,1,0
BRDA:15,1,0,0
BRDA:15,1,1,0
BRF:4
BRH:0
end_of_record
TN:
SF:src\features\product\controllers\Product.controller.ts
FN:6,index
FN:16,show
FN:26,store
FN:39,update
FN:53,destroy
FN:64,updateStatus
FNF:6
FNH:0
FNDA:0,index
FNDA:0,show
FNDA:0,store
FNDA:0,update
FNDA:0,destroy
FNDA:0,updateStatus
DA:2,0
DA:7,0
DA:8,0
DA:9,0
DA:10,0
DA:12,0
DA:17,0
DA:18,0
DA:19,0
DA:20,0
DA:22,0
DA:27,0
DA:28,0
DA:29,0
DA:35,0
DA:40,0
DA:41,0
DA:42,0
DA:43,0
DA:49,0
DA:54,0
DA:55,0
DA:56,0
DA:57,0
DA:60,0
DA:65,0
DA:66,0
DA:67,0
DA:68,0
DA:69,0
DA:74,0
DA:79,0
LF:32
LH:0
BRDA:70,0,0,0
BRDA:70,0,1,0
BRF:2
BRH:0
end_of_record
TN:
SF:src\features\product\controllers\productIngredient.controller.ts
FN:4,index
FN:13,show
FN:23,store
FN:35,update
FN:48,destroy
FNF:5
FNH:0
FNDA:0,index
FNDA:0,show
FNDA:0,store
FNDA:0,update
FNDA:0,destroy
DA:2,0
DA:5,0
DA:6,0
DA:7,0
DA:9,0
DA:14,0
DA:15,0
DA:16,0
DA:17,0
DA:19,0
DA:24,0
DA:25,0
DA:26,0
DA:31,0
DA:36,0
DA:37,0
DA:38,0
DA:39,0
DA:44,0
DA:49,0
DA:50,0
DA:51,0
DA:52,0
DA:54,0
DA:58,0
LF:25
LH:0
BRF:0
BRH:0
end_of_record
TN:
SF:src\features\product\controllers\productVariant.controller.ts
FN:4,index
FN:13,show
FN:23,store
FN:35,update
FN:48,destroy
FNF:5
FNH:0
FNDA:0,index
FNDA:0,show
FNDA:0,store
FNDA:0,update
FNDA:0,destroy
DA:2,0
DA:5,0
DA:6,0
DA:7,0
DA:9,0
DA:14,0
DA:15,0
DA:16,0
DA:17,0
DA:19,0
DA:24,0
DA:25,0
DA:26,0
DA:31,0
DA:36,0
DA:37,0
DA:38,0
DA:39,0
DA:44,0
DA:49,0
DA:50,0
DA:51,0
DA:52,0
DA:54,0
DA:58,0
LF:25
LH:0
BRF:0
BRH:0
end_of_record
TN:
SF:src\features\product\controllers\productVariantPalletMaterial.controller.ts
FN:4,index
FN:13,show
FN:25,store
FN:37,update
FN:53,destroy
FNF:5
FNH:0
FNDA:0,index
FNDA:0,show
FNDA:0,store
FNDA:0,update
FNDA:0,destroy
DA:2,0
DA:5,0
DA:6,0
DA:7,0
DA:9,0
DA:14,0
DA:15,0
DA:16,0
DA:19,0
DA:21,0
DA:26,0
DA:27,0
DA:28,0
DA:33,0
DA:38,0
DA:39,0
DA:40,0
DA:44,0
DA:49,0
DA:54,0
DA:55,0
DA:56,0
DA:57,0
DA:59,0
DA:63,0
LF:25
LH:0
BRF:0
BRH:0
end_of_record
TN:
SF:src\features\product\models\Product.model.ts
FN:13,(anonymous_3)
FN:20,(anonymous_4)
FN:62,(anonymous_5)
FN:65,(anonymous_6)
FN:68,(anonymous_7)
FN:71,(anonymous_8)
FN:74,(anonymous_9)
FNF:7
FNH:0
FNDA:0,(anonymous_3)
FNDA:0,(anonymous_4)
FNDA:0,(anonymous_5)
FNDA:0,(anonymous_6)
FNDA:0,(anonymous_7)
FNDA:0,(anonymous_8)
FNDA:0,(anonymous_9)
DA:1,2
DA:2,2
DA:3,2
DA:4,2
DA:5,2
DA:6,2
DA:7,2
DA:12,2
DA:13,0
DA:18,2
DA:20,0
DA:25,2
DA:31,2
DA:38,2
DA:45,2
DA:53,2
DA:60,2
DA:62,0
DA:63,2
DA:65,0
DA:66,2
DA:68,0
DA:69,2
DA:71,0
DA:72,2
DA:74,0
DA:75,2
DA:78,2
LF:28
LH:21
BRF:0
BRH:0
end_of_record
TN:
SF:src\features\product\models\ProductIngredient.model.ts
FN:17,(anonymous_3)
FN:24,(anonymous_4)
FN:37,(anonymous_5)
FN:63,(anonymous_6)
FN:66,(anonymous_7)
FN:69,(anonymous_8)
FNF:6
FNH:0
FNDA:0,(anonymous_3)
FNDA:0,(anonymous_4)
FNDA:0,(anonymous_5)
FNDA:0,(anonymous_6)
FNDA:0,(anonymous_7)
FNDA:0,(anonymous_8)
DA:1,2
DA:2,2
DA:3,2
DA:4,2
DA:5,2
DA:16,2
DA:17,0
DA:22,2
DA:24,0
DA:29,2
DA:35,2
DA:37,0
DA:42,2
DA:48,2
DA:54,2
DA:61,2
DA:63,0
DA:64,2
DA:66,0
DA:67,2
DA:69,0
DA:70,2
DA:73,2
LF:23
LH:17
BRF:0
BRH:0
end_of_record
TN:
SF:src\features\product\models\ProductTranslation.model.ts
FN:14,(anonymous_3)
FN:33,(anonymous_4)
FNF:2
FNH:0
FNDA:0,(anonymous_3)
FNDA:0,(anonymous_4)
DA:1,2
DA:2,2
DA:13,2
DA:14,0
DA:19,2
DA:25,2
DA:31,2
DA:33,0
DA:34,2
DA:37,2
LF:10
LH:8
BRF:0
BRH:0
end_of_record
TN:
SF:src\features\product\models\ProductVariant.model.ts
FN:12,(anonymous_3)
FN:19,(anonymous_4)
FN:26,(anonymous_5)
FN:33,(anonymous_6)
FN:65,(anonymous_7)
FN:68,(anonymous_8)
FN:71,(anonymous_9)
FN:74,(anonymous_10)
FN:77,(anonymous_11)
FNF:9
FNH:0
FNDA:0,(anonymous_3)
FNDA:0,(anonymous_4)
FNDA:0,(anonymous_5)
FNDA:0,(anonymous_6)
FNDA:0,(anonymous_7)
FNDA:0,(anonymous_8)
FNDA:0,(anonymous_9)
FNDA:0,(anonymous_10)
FNDA:0,(anonymous_11)
DA:1,1
DA:2,1
DA:3,1
DA:4,1
DA:5,1
DA:6,1
DA:11,1
DA:12,0
DA:17,1
DA:19,0
DA:24,1
DA:26,0
DA:31,1
DA:33,0
DA:38,1
DA:45,1
DA:51,1
DA:57,1
DA:63,1
DA:65,0
DA:66,1
DA:68,0
DA:69,1
DA:71,0
DA:72,1
DA:74,0
DA:75,1
DA:77,0
DA:78,1
DA:81,1
LF:30
LH:21
BRF:0
BRH:0
end_of_record
TN:
SF:src\features\product\models\ProductVariantPalletMaterial.model.ts
FN:17,(anonymous_3)
FN:24,(anonymous_4)
FN:37,(anonymous_5)
FN:40,(anonymous_6)
FNF:4
FNH:0
FNDA:0,(anonymous_3)
FNDA:0,(anonymous_4)
FNDA:0,(anonymous_5)
FNDA:0,(anonymous_6)
DA:1,2
DA:2,2
DA:3,2
DA:4,2
DA:16,2
DA:17,0
DA:22,2
DA:24,0
DA:29,2
DA:35,2
DA:37,0
DA:38,2
DA:40,0
DA:41,2
DA:44,2
LF:15
LH:11
BRF:0
BRH:0
end_of_record
TN:
SF:src\features\product\routes\product.routes.ts
FNF:0
FNH:0
DA:1,0
DA:2,0
DA:3,0
DA:4,0
DA:5,0
DA:6,0
DA:8,0
DA:10,0
DA:12,0
DA:13,0
DA:14,0
DA:15,0
DA:16,0
DA:17,0
DA:19,0
LF:15
LH:0
BRF:0
BRH:0
end_of_record
TN:
SF:src\features\product\routes\productIngredient.routes.ts
FNF:0
FNH:0
DA:1,0
DA:2,0
DA:3,0
DA:4,0
DA:5,0
DA:6,0
DA:8,0
DA:10,0
DA:12,0
DA:13,0
DA:14,0
DA:15,0
DA:16,0
DA:18,0
LF:14
LH:0
BRF:0
BRH:0
end_of_record
TN:
SF:src\features\product\routes\productVariant.routes.ts
FNF:0
FNH:0
DA:1,0
DA:2,0
DA:3,0
DA:4,0
DA:5,0
DA:6,0
DA:8,0
DA:10,0
DA:12,0
DA:13,0
DA:14,0
DA:15,0
DA:16,0
DA:18,0
LF:14
LH:0
BRF:0
BRH:0
end_of_record
TN:
SF:src\features\product\routes\productVariantPalletMaterial.routes.ts
FNF:0
FNH:0
DA:1,0
DA:2,0
DA:3,0
DA:4,0
DA:5,0
DA:6,0
DA:12,0
DA:14,0
DA:16,0
DA:17,0
DA:23,0
DA:29,0
DA:36,0
DA:43,0
LF:14
LH:0
BRF:0
BRH:0
end_of_record
TN:
SF:src\features\product\schemas\product.schema.ts
FNF:0
FNH:0
DA:1,0
DA:2,0
DA:5,0
DA:7,0
DA:11,0
DA:22,0
DA:24,0
DA:28,0
DA:32,0
LF:9
LH:0
BRF:0
BRH:0
end_of_record
TN:
SF:src\features\product\schemas\productIngredient.schema.ts
FN:13,(anonymous_1)
FNF:1
FNH:0
FNDA:0,(anonymous_1)
DA:1,0
DA:3,0
DA:13,0
DA:14,0
DA:16,0
DA:21,0
DA:25,0
LF:7
LH:0
BRDA:14,0,0,0
BRDA:14,0,1,0
BRDA:14,0,2,0
BRF:3
BRH:0
end_of_record
TN:
SF:src\features\product\schemas\productVariant.schema.ts
FNF:0
FNH:0
DA:1,0
DA:3,0
DA:14,0
DA:18,0
LF:4
LH:0
BRF:0
BRH:0
end_of_record
TN:
SF:src\features\product\schemas\productVariantPalletMaterial.schema.ts
FNF:0
FNH:0
DA:1,0
DA:3,0
DA:9,0
DA:14,0
LF:4
LH:0
BRF:0
BRH:0
end_of_record
TN:
SF:src\features\product\services\product.service.ts
FN:12,findActiveProduct
FN:21,listProducts
FN:30,getProductById
FN:35,syncEnglishTranslation
FN:44,createProduct
FN:46,(anonymous_6)
FN:56,updateProduct
FN:65,deleteProduct
FN:71,setProductStatus
FNF:9
FNH:0
FNDA:0,findActiveProduct
FNDA:0,listProducts
FNDA:0,getProductById
FNDA:0,syncEnglishTranslation
FNDA:0,createProduct
FNDA:0,(anonymous_6)
FNDA:0,updateProduct
FNDA:0,deleteProduct
FNDA:0,setProductStatus
DA:1,0
DA:2,0
DA:3,0
DA:4,0
DA:6,0
DA:7,0
DA:8,0
DA:10,0
DA:13,0
DA:17,0
DA:18,0
DA:22,0
DA:23,0
DA:31,0
DA:36,0
DA:37,0
DA:41,0
DA:45,0
DA:46,0
DA:47,0
DA:48,0
DA:50,0
DA:51,0
DA:52,0
DA:53,0
DA:57,0
DA:58,0
DA:59,0
DA:60,0
DA:61,0
DA:62,0
DA:66,0
DA:67,0
DA:72,0
DA:76,0
DA:77,0
DA:78,0
DA:81,0
LF:38
LH:0
BRDA:17,0,0,0
BRDA:17,0,1,0
BRDA:22,1,0,0
BRDA:22,1,1,0
BRDA:36,2,0,0
BRDA:36,2,1,0
BRDA:51,3,0,0
BRDA:51,3,1,0
BRDA:60,4,0,0
BRDA:60,4,1,0
BRDA:76,5,0,0
BRDA:76,5,1,0
BRF:12
BRH:0
end_of_record
TN:
SF:src\features\product\services\productIngredient.service.ts
FN:7,listProductIngredients
FN:11,getProductIngredientById
FN:18,assertIngredientIsMixableIfNeeded
FN:29,assertIngredientIsOrganicCompatibleIfNeeded
FN:39,assertQuantityValueIfFixedRecipe
FN:48,createProductIngredient
FN:55,updateProductIngredient
FN:68,deleteProductIngredient
FNF:8
FNH:6
FNDA:0,listProductIngredients
FNDA:2,getProductIngredientById
FNDA:11,assertIngredientIsMixableIfNeeded
FNDA:10,assertIngredientIsOrganicCompatibleIfNeeded
FNDA:11,assertQuantityValueIfFixedRecipe
FNDA:11,createProductIngredient
FNDA:2,updateProductIngredient
FNDA:0,deleteProductIngredient
DA:1,1
DA:2,1
DA:3,1
DA:4,1
DA:8,0
DA:12,2
DA:13,2
DA:14,2
DA:19,11
DA:20,11
DA:22,3
DA:23,3
DA:24,1
DA:30,10
DA:31,10
DA:33,3
DA:34,3
DA:35,1
DA:40,11
DA:41,11
DA:43,9
DA:44,4
DA:49,11
DA:50,10
DA:51,9
DA:52,6
DA:56,2
DA:57,2
DA:58,2
DA:59,0
DA:60,0
DA:63,2
DA:64,2
DA:65,1
DA:69,0
DA:70,0
DA:73,1
LF:37
LH:32
BRDA:13,0,0,0
BRDA:13,0,1,2
BRDA:20,1,0,8
BRDA:20,1,1,3
BRDA:23,2,0,1
BRDA:23,2,1,2
BRDA:31,3,0,7
BRDA:31,3,1,3
BRDA:34,4,0,1
BRDA:34,4,1,2
BRDA:34,5,0,3
BRDA:34,5,1,2
BRDA:41,6,0,2
BRDA:41,6,1,9
BRDA:43,7,0,4
BRDA:43,7,1,5
BRDA:43,8,0,9
BRDA:43,8,1,7
BRDA:43,8,2,7
BRDA:57,9,0,2
BRDA:57,9,1,1
BRDA:58,10,0,0
BRDA:58,10,1,2
BRDA:63,11,0,1
BRDA:63,11,1,1
BRF:25
BRH:23
end_of_record
TN:
SF:src\features\product\services\productVariant.service.ts
FN:5,listProductVariants
FN:9,getProductVariantById
FN:15,assertIntermediatePackagingConsistency
FN:26,createProductVariant
FN:31,updateProductVariant
FN:44,deleteProductVariant
FNF:6
FNH:0
FNDA:0,listProductVariants
FNDA:0,getProductVariantById
FNDA:0,assertIntermediatePackagingConsistency
FNDA:0,createProductVariant
FNDA:0,updateProductVariant
FNDA:0,deleteProductVariant
DA:1,0
DA:2,0
DA:6,0
DA:10,0
DA:11,0
DA:12,0
DA:19,0
DA:20,0
DA:21,0
DA:22,0
DA:27,0
DA:28,0
DA:32,0
DA:34,0
DA:37,0
DA:40,0
DA:41,0
DA:45,0
DA:46,0
DA:49,0
LF:20
LH:0
BRDA:11,0,0,0
BRDA:11,0,1,0
BRDA:19,1,0,0
BRDA:19,1,1,0
BRDA:20,2,0,0
BRDA:20,2,1,0
BRDA:21,3,0,0
BRDA:21,3,1,0
BRDA:34,4,0,0
BRDA:34,4,1,0
BRDA:37,5,0,0
BRDA:37,5,1,0
BRF:12
BRH:0
end_of_record
TN:
SF:src\features\product\services\productVariantPalletMaterial.service.ts
FN:8,listProductVariantPalletMaterials
FN:12,getProductVariantPalletMaterialById
FN:18,createProductVariantPalletMaterial
FN:24,updateProductVariantPalletMaterial
FN:32,deleteProductVariantPalletMaterial
FNF:5
FNH:0
FNDA:0,listProductVariantPalletMaterials
FNDA:0,getProductVariantPalletMaterialById
FNDA:0,createProductVariantPalletMaterial
FNDA:0,updateProductVariantPalletMaterial
FNDA:0,deleteProductVariantPalletMaterial
DA:1,0
DA:2,0
DA:9,0
DA:13,0
DA:14,0
DA:15,0
DA:21,0
DA:28,0
DA:29,0
DA:33,0
DA:34,0
DA:37,0
LF:12
LH:0
BRDA:14,0,0,0
BRDA:14,0,1,0
BRF:2
BRH:0
end_of_record
TN:
SF:src\features\quote\controllers\quote.controller.ts
FN:9,save
FN:22,products
FN:31,destinations
FN:41,indexAll
FN:50,previewForAdmin
FN:66,exchangeRate
FN:75,sendPdfEmail
FNF:7
FNH:5
FNDA:3,save
FNDA:2,products
FNDA:0,destinations
FNDA:0,indexAll
FNDA:1,previewForAdmin
FNDA:2,exchangeRate
FNDA:4,sendPdfEmail
DA:2,2
DA:3,2
DA:4,2
DA:5,2
DA:6,2
DA:10,3
DA:11,3
DA:12,3
DA:13,1
DA:18,2
DA:23,2
DA:24,2
DA:25,2
DA:27,0
DA:32,0
DA:33,0
DA:34,0
DA:36,0
DA:42,0
DA:43,0
DA:44,0
DA:46,0
DA:51,1
DA:52,1
DA:53,1
DA:55,0
DA:67,2
DA:68,2
DA:69,1
DA:71,1
DA:76,4
DA:78,4
DA:79,1
DA:81,3
DA:82,1
DA:85,2
DA:86,2
DA:97,2
DA:99,2
DA:103,2
LF:40
LH:30
BRDA:11,0,0,0
BRDA:11,0,1,3
BRDA:78,1,0,1
BRDA:78,1,1,3
BRDA:81,2,0,1
BRDA:81,2,1,2
BRDA:92,3,0,2
BRDA:92,3,1,0
BRF:8
BRH:6
end_of_record
TN:
SF:src\features\quote\models\Quote.model.ts
FN:10,(anonymous_3)
FN:17,(anonymous_4)
FN:24,(anonymous_5)
FN:98,(anonymous_6)
FN:101,(anonymous_7)
FN:104,(anonymous_8)
FNF:6
FNH:0
FNDA:0,(anonymous_3)
FNDA:0,(anonymous_4)
FNDA:0,(anonymous_5)
FNDA:0,(anonymous_6)
FNDA:0,(anonymous_7)
FNDA:0,(anonymous_8)
DA:1,0
DA:2,0
DA:3,0
DA:4,0
DA:9,0
DA:10,0
DA:15,0
DA:17,0
DA:22,0
DA:24,0
DA:29,0
DA:35,0
DA:41,0
DA:47,0
DA:53,0
DA:59,0
DA:65,0
DA:72,0
DA:78,0
DA:84,0
DA:90,0
DA:96,0
DA:98,0
DA:99,0
DA:101,0
DA:102,0
DA:104,0
DA:105,0
DA:108,0
LF:29
LH:0
BRF:0
BRH:0
end_of_record
TN:
SF:src\features\quote\routes\adminQuote.routes.ts
FNF:0
FNH:0
DA:1,1
DA:2,1
DA:3,1
DA:4,1
DA:5,1
DA:6,1
DA:7,1
DA:9,1
DA:14,1
DA:16,1
DA:18,1
DA:20,1
DA:21,1
DA:22,1
DA:23,1
DA:31,1
LF:16
LH:16
BRF:0
BRH:0
end_of_record
TN:
SF:src\features\quote\routes\quote.routes.ts
FNF:0
FNH:0
DA:1,1
DA:2,1
DA:3,1
DA:4,1
DA:5,1
DA:6,1
DA:8,1
DA:10,1
DA:15,1
DA:17,1
DA:18,1
DA:19,1
DA:20,1
DA:21,1
DA:23,1
LF:15
LH:15
BRF:0
BRH:0
end_of_record
TN:
SF:src\features\quote\schemas\quote.schema.ts
FNF:0
FNH:0
DA:1,3
DA:3,3
DA:8,3
DA:17,3
LF:4
LH:4
BRF:0
BRH:0
end_of_record
TN:
SF:src\features\quote\services\quote.service.ts
FN:93,buildFixedRecipeRawMaterials
FN:100,(anonymous_2)
FN:133,buildCustomizableRawMaterials
FN:147,(anonymous_4)
FN:153,(anonymous_5)
FN:212,calculateQuote
FN:273,(anonymous_7)
FN:288,(anonymous_8)
FN:307,(anonymous_9)
FN:320,(anonymous_10)
FN:389,listQuotableProducts
FN:429,(anonymous_12)
FN:443,(anonymous_13)
FN:455,(anonymous_14)
FN:466,listQuoteDestinations
FN:471,saveQuote
FN:501,listAllQuotes
FNF:17
FNH:11
FNDA:16,buildFixedRecipeRawMaterials
FNDA:16,(anonymous_2)
FNDA:17,buildCustomizableRawMaterials
FNDA:26,(anonymous_4)
FNDA:24,(anonymous_5)
FNDA:37,calculateQuote
FNDA:27,(anonymous_7)
FNDA:3,(anonymous_8)
FNDA:13,(anonymous_9)
FNDA:13,(anonymous_10)
FNDA:0,listQuotableProducts
FNDA:0,(anonymous_12)
FNDA:0,(anonymous_13)
FNDA:0,(anonymous_14)
FNDA:0,listQuoteDestinations
FNDA:1,saveQuote
FNDA:0,listAllQuotes
DA:1,1
DA:2,1
DA:3,1
DA:4,1
DA:5,1
DA:6,1
DA:7,1
DA:8,1
DA:9,1
DA:10,1
DA:11,1
DA:12,1
DA:13,1
DA:14,1
DA:15,1
DA:16,1
DA:17,1
DA:18,1
DA:19,1
DA:21,1
DA:22,1
DA:23,1
DA:91,1
DA:98,16
DA:100,16
DA:101,16
DA:102,16
DA:103,16
DA:104,16
DA:105,16
DA:107,16
DA:108,16
DA:109,2
DA:110,1
DA:116,1
DA:119,15
DA:121,15
DA:140,17
DA:141,1
DA:143,16
DA:144,1
DA:147,26
DA:148,15
DA:149,15
DA:150,15
DA:152,15
DA:153,15
DA:154,24
DA:155,1
DA:157,23
DA:159,23
DA:160,23
DA:161,1
DA:164,22
DA:165,22
DA:166,22
DA:167,3
DA:174,19
DA:175,19
DA:177,19
DA:178,19
DA:179,19
DA:180,1
DA:183,18
DA:184,1
DA:190,17
DA:191,17
DA:192,17
DA:193,17
DA:195,17
DA:205,8
DA:206,2
DA:209,6
DA:213,37
DA:252,37
DA:254,36
DA:255,2
DA:258,34
DA:259,34
DA:261,33
DA:262,33
DA:264,33
DA:273,27
DA:275,21
DA:276,21
DA:285,21
DA:287,21
DA:289,3
DA:290,1
DA:292,2
DA:293,2
DA:294,2
DA:305,20
DA:307,20
DA:308,13
DA:309,13
DA:310,13
DA:311,13
DA:320,20
DA:322,20
DA:323,20
DA:330,20
DA:332,20
DA:334,20
DA:390,0
DA:429,0
DA:430,0
DA:431,0
DA:432,0
DA:443,0
DA:455,0
DA:467,0
DA:472,1
DA:474,1
DA:491,1
DA:502,0
DA:508,1
LF:117
LH:108
BRDA:102,0,0,16
BRDA:102,0,1,0
BRDA:103,1,0,16
BRDA:103,1,1,0
BRDA:108,2,0,2
BRDA:108,2,1,14
BRDA:108,3,0,16
BRDA:108,3,1,2
BRDA:109,4,0,1
BRDA:109,4,1,1
BRDA:123,5,0,15
BRDA:123,5,1,0
BRDA:140,6,0,1
BRDA:140,6,1,16
BRDA:140,7,0,17
BRDA:140,7,1,16
BRDA:143,8,0,1
BRDA:143,8,1,15
BRDA:143,9,0,16
BRDA:143,9,1,15
BRDA:154,10,0,1
BRDA:154,10,1,23
BRDA:160,11,0,1
BRDA:160,11,1,22
BRDA:164,12,0,4
BRDA:164,12,1,18
BRDA:164,13,0,22
BRDA:164,13,1,4
BRDA:165,14,0,4
BRDA:165,14,1,18
BRDA:165,15,0,22
BRDA:165,15,1,4
BRDA:166,16,0,3
BRDA:166,16,1,19
BRDA:166,17,0,22
BRDA:166,17,1,21
BRDA:178,18,0,19
BRDA:178,18,1,0
BRDA:179,19,0,1
BRDA:179,19,1,18
BRDA:183,20,0,1
BRDA:183,20,1,17
BRDA:197,21,0,17
BRDA:197,21,1,5
BRDA:205,22,0,2
BRDA:205,22,1,6
BRDA:212,23,0,36
BRDA:252,24,0,1
BRDA:252,24,1,36
BRDA:254,25,0,2
BRDA:254,25,1,34
BRDA:254,26,0,36
BRDA:254,26,1,34
BRDA:259,27,0,1
BRDA:259,27,1,33
BRDA:264,28,0,17
BRDA:264,28,1,16
BRDA:266,29,0,17
BRDA:266,29,1,0
BRDA:268,30,0,17
BRDA:268,30,1,1
BRDA:272,31,0,16
BRDA:272,31,1,0
BRDA:275,32,0,21
BRDA:275,32,1,11
BRDA:276,33,0,10
BRDA:276,33,1,11
BRDA:285,34,0,21
BRDA:285,34,1,11
BRDA:287,35,0,3
BRDA:287,35,1,18
BRDA:289,36,0,1
BRDA:289,36,1,2
BRDA:289,37,0,3
BRDA:289,37,1,2
BRDA:292,38,0,2
BRDA:292,38,1,0
BRDA:305,39,0,20
BRDA:305,39,1,18
BRDA:307,40,0,20
BRDA:307,40,1,0
BRDA:308,41,0,13
BRDA:308,41,1,0
BRDA:309,42,0,13
BRDA:309,42,1,0
BRDA:313,43,0,13
BRDA:313,43,1,0
BRDA:337,44,0,20
BRDA:337,44,1,11
BRDA:338,45,0,10
BRDA:338,45,1,10
BRDA:389,46,0,0
BRDA:437,47,0,0
BRDA:437,47,1,0
BRDA:438,48,0,0
BRDA:438,48,1,0
BRDA:439,49,0,0
BRDA:439,49,1,0
BRDA:440,50,0,0
BRDA:440,50,1,0
BRDA:441,51,0,0
BRDA:441,51,1,0
BRDA:442,52,0,0
BRDA:442,52,1,0
BRDA:443,53,0,0
BRDA:443,53,1,0
BRDA:445,54,0,0
BRDA:445,54,1,0
BRDA:446,55,0,0
BRDA:446,55,1,0
BRDA:447,56,0,0
BRDA:447,56,1,0
BRDA:447,57,0,0
BRDA:447,57,1,0
BRDA:450,58,0,0
BRDA:450,58,1,0
BRDA:450,59,0,0
BRDA:450,59,1,0
BRDA:455,60,0,0
BRDA:455,60,1,0
BRDA:457,61,0,0
BRDA:457,61,1,0
BRDA:459,62,0,0
BRDA:459,62,1,0
BRDA:460,63,0,0
BRDA:460,63,1,0
BRDA:471,64,0,1
BRF:127
BRH:81
end_of_record
TN:
SF:src\features\unit\constants\unitCatalog.ts
FN:34,(anonymous_0)
FN:36,getUnitCatalogEntry
FN:37,(anonymous_2)
FNF:3
FNH:0
FNDA:0,(anonymous_0)
FNDA:0,getUnitCatalogEntry
FNDA:0,(anonymous_2)
DA:21,0
DA:34,0
DA:36,0
DA:37,0
LF:4
LH:0
BRF:0
BRH:0
end_of_record
TN:
SF:src\features\unit\controllers\unit.controller.ts
FN:6,index
FN:16,show
FN:26,store
FN:39,update
FN:52,destroy
FNF:5
FNH:0
FNDA:0,index
FNDA:0,show
FNDA:0,store
FNDA:0,update
FNDA:0,destroy
DA:1,0
DA:7,0
DA:8,0
DA:9,0
DA:10,0
DA:12,0
DA:17,0
DA:18,0
DA:19,0
DA:20,0
DA:22,0
DA:27,0
DA:28,0
DA:29,0
DA:35,0
DA:40,0
DA:41,0
DA:42,0
DA:43,0
DA:48,0
DA:53,0
DA:54,0
DA:55,0
DA:56,0
DA:58,0
DA:62,0
LF:26
LH:0
BRF:0
BRH:0
end_of_record
TN:
SF:src\features\unit\models\Unit.model.ts
FN:35,(anonymous_3)
FN:38,(anonymous_4)
FNF:2
FNH:0
FNDA:0,(anonymous_3)
FNDA:0,(anonymous_4)
DA:1,2
DA:2,2
DA:3,2
DA:4,2
DA:9,2
DA:15,2
DA:21,2
DA:27,2
DA:33,2
DA:35,0
DA:36,2
DA:38,0
DA:39,2
DA:42,2
LF:14
LH:12
BRF:0
BRH:0
end_of_record
TN:
SF:src\features\unit\routes\unit.routes.ts
FNF:0
FNH:0
DA:1,0
DA:2,0
DA:3,0
DA:4,0
DA:5,0
DA:6,0
DA:8,0
DA:10,0
DA:12,0
DA:13,0
DA:14,0
DA:15,0
DA:16,0
DA:18,0
LF:14
LH:0
BRF:0
BRH:0
end_of_record
TN:
SF:src\features\unit\schemas\unit.schema.ts
FNF:0
FNH:0
DA:1,0
DA:2,0
DA:3,0
DA:6,0
DA:10,0
DA:14,0
DA:16,0
LF:7
LH:0
BRF:0
BRH:0
end_of_record
TN:
SF:src\features\unit\services\unit.service.ts
FN:9,listUnits
FN:14,getUnitById
FN:21,resolveCatalogEntry
FN:27,createUnit
FN:29,(anonymous_5)
FN:41,updateUnit
FN:50,deleteUnit
FNF:7
FNH:0
FNDA:0,listUnits
FNDA:0,getUnitById
FNDA:0,resolveCatalogEntry
FNDA:0,createUnit
FNDA:0,(anonymous_5)
FNDA:0,updateUnit
FNDA:0,deleteUnit
DA:1,0
DA:2,0
DA:3,0
DA:5,0
DA:6,0
DA:7,0
DA:10,0
DA:11,0
DA:15,0
DA:16,0
DA:17,0
DA:22,0
DA:23,0
DA:24,0
DA:28,0
DA:29,0
DA:30,0
DA:31,0
DA:33,0
DA:42,0
DA:43,0
DA:44,0
DA:51,0
DA:52,0
DA:55,0
LF:25
LH:0
BRDA:10,0,0,0
BRDA:10,0,1,0
BRDA:16,1,0,0
BRDA:16,1,1,0
BRDA:23,2,0,0
BRDA:23,2,1,0
BRF:6
BRH:0
end_of_record
TN:
SF:src\routes\index.ts
FNF:0
FNH:0
DA:1,0
DA:2,0
DA:3,0
DA:4,0
DA:5,0
DA:6,0
DA:7,0
DA:8,0
DA:9,0
DA:10,0
DA:11,0
DA:12,0
DA:13,0
DA:14,0
DA:15,0
DA:16,0
DA:17,0
DA:18,0
DA:19,0
DA:20,0
DA:21,0
DA:22,0
DA:23,0
DA:25,0
DA:27,0
DA:28,0
DA:29,0
DA:30,0
DA:31,0
DA:32,0
DA:33,0
DA:34,0
DA:35,0
DA:36,0
DA:38,0
DA:39,0
DA:40,0
DA:41,0
DA:42,0
DA:43,0
DA:44,0
DA:45,0
DA:46,0
DA:47,0
DA:48,0
DA:49,0
DA:51,0
LF:47
LH:0
BRF:0
BRH:0
end_of_record
TN:
SF:src\shared\base-model\BaseCatalogModel.ts
FNF:0
FNH:0
DA:1,3
DA:9,3
DA:12,3
LF:3
LH:3
BRF:0
BRH:0
end_of_record
TN:
SF:src\shared\errors\AppError.ts
FN:2,(anonymous_0)
FN:13,(anonymous_1)
FN:28,(anonymous_2)
FNF:3
FNH:3
FNDA:83,(anonymous_0)
FNDA:3,(anonymous_1)
FNDA:10,(anonymous_2)
DA:1,14
DA:3,83
DA:4,83
DA:5,83
DA:7,83
DA:8,83
DA:12,14
DA:14,3
DA:27,14
DA:28,10
DA:29,10
LF:11
LH:11
BRF:0
BRH:0
end_of_record
TN:
SF:src\shared\middlewares\authenticate.ts
FN:15,authenticate
FNF:1
FNH:1
FNDA:26,authenticate
DA:2,3
DA:3,3
DA:4,3
DA:15,3
DA:16,26
DA:17,26
DA:18,4
DA:19,4
DA:22,22
DA:24,22
DA:25,22
DA:26,19
DA:27,3
DA:28,3
DA:31,16
DA:37,16
DA:38,16
DA:40,3
LF:18
LH:18
BRDA:17,0,0,4
BRDA:17,0,1,22
BRDA:26,1,0,3
BRDA:26,1,1,16
BRF:4
BRH:4
end_of_record
TN:
SF:src\shared\middlewares\authenticateCustomer.ts
FN:12,authenticateCustomer
FNF:1
FNH:1
FNDA:20,authenticateCustomer
DA:2,2
DA:3,2
DA:4,2
DA:12,2
DA:13,20
DA:14,20
DA:15,4
DA:16,4
DA:19,16
DA:21,16
DA:22,16
DA:23,14
DA:24,2
DA:25,2
DA:28,12
DA:29,12
DA:30,12
DA:32,2
LF:18
LH:18
BRDA:14,0,0,4
BRDA:14,0,1,16
BRDA:23,1,0,2
BRDA:23,1,1,12
BRF:4
BRH:4
end_of_record
TN:
SF:src\shared\middlewares\authorize.ts
FN:4,authorize
FN:5,(anonymous_1)
FNF:2
FNH:2
FNDA:15,authorize
FNDA:20,(anonymous_1)
DA:2,3
DA:4,3
DA:5,15
DA:6,20
DA:7,1
DA:8,1
DA:10,19
DA:11,10
DA:12,10
DA:14,9
LF:10
LH:10
BRDA:6,0,0,1
BRDA:6,0,1,19
BRDA:10,1,0,10
BRDA:10,1,1,9
BRF:4
BRH:4
end_of_record
TN:
SF:src\shared\middlewares\errorHandler.ts
FN:7,errorHandler
FN:19,(anonymous_1)
FN:40,(anonymous_2)
FN:51,(anonymous_3)
FN:59,(anonymous_4)
FNF:5
FNH:4
FNDA:35,errorHandler
FNDA:0,(anonymous_1)
FNDA:14,(anonymous_2)
FNDA:1,(anonymous_3)
FNDA:1,(anonymous_4)
DA:2,5
DA:3,5
DA:4,5
DA:5,5
DA:7,5
DA:9,35
DA:10,0
DA:11,0
DA:12,0
DA:16,35
DA:17,0
DA:19,0
DA:25,0
DA:28,35
DA:29,23
DA:30,23
DA:33,23
DA:34,23
DA:37,12
DA:38,8
DA:40,14
DA:45,8
DA:48,4
DA:49,1
DA:51,1
DA:53,1
DA:56,3
DA:57,1
DA:59,1
DA:61,1
DA:64,2
DA:65,2
LF:32
LH:26
BRDA:9,0,0,0
BRDA:9,0,1,35
BRDA:10,1,0,0
BRDA:10,1,1,0
BRDA:16,2,0,0
BRDA:16,2,1,35
BRDA:28,3,0,23
BRDA:28,3,1,12
BRDA:30,4,0,1
BRDA:30,4,1,22
BRDA:37,5,0,8
BRDA:37,5,1,4
BRDA:48,6,0,1
BRDA:48,6,1,3
BRDA:56,7,0,1
BRDA:56,7,1,2
BRF:16
BRH:12
end_of_record
TN:
SF:src\shared\middlewares\validate.ts
FN:6,validate
FN:7,(anonymous_1)
FNF:2
FNH:2
FNDA:15,validate
FNDA:24,(anonymous_1)
DA:6,5
DA:7,15
DA:8,24
DA:9,24
DA:10,9
DA:11,9
DA:20,15
DA:26,15
LF:8
LH:8
BRDA:6,0,0,10
BRDA:9,1,0,9
BRDA:9,1,1,15
BRF:3
BRH:3
end_of_record
TN:
SF:src\shared\schemas\pagination.schema.ts
FNF:0
FNH:0
DA:1,3
DA:8,3
LF:2
LH:2
BRF:0
BRH:0
end_of_record
TN:
SF:src\shared\services\accountLockout.service.ts
FN:10,isAccountLocked
FN:14,registerFailedAttempt
FN:23,clearFailedAttempts
FNF:3
FNH:3
FNDA:14,isAccountLocked
FNDA:7,registerFailedAttempt
FNDA:6,clearFailedAttempts
DA:1,3
DA:2,3
DA:10,3
DA:11,14
DA:14,3
DA:15,7
DA:16,7
DA:17,7
DA:23,3
DA:24,6
DA:25,3
LF:11
LH:11
BRDA:11,0,0,14
BRDA:11,0,1,6
BRDA:18,1,0,4
BRDA:18,1,1,3
BRDA:19,2,0,4
BRDA:19,2,1,3
BRDA:24,3,0,3
BRDA:24,3,1,3
BRDA:24,4,0,6
BRDA:24,4,1,4
BRF:10
BRH:10
end_of_record
TN:
SF:src\shared\services\email.service.ts
FN:14,(anonymous_0)
FN:42,sendMailWithAttachment
FNF:2
FNH:2
FNDA:2,(anonymous_0)
FNDA:3,sendMailWithAttachment
DA:1,1
DA:2,1
DA:3,1
DA:10,1
DA:12,1
DA:15,2
DA:20,2
DA:21,1
DA:43,3
DA:64,1
LF:10
LH:10
BRDA:20,0,0,1
BRDA:20,0,1,1
BRF:2
BRH:2
end_of_record
TN:
SF:src\shared\services\exchangeRate.service.ts
FN:52,isCacheFresh
FN:64,getCachedRate
FN:68,extractVentaRate
FN:82,fetchRateFromBanguat
FN:84,(anonymous_4)
FN:105,refreshCache
FN:109,(anonymous_6)
FN:113,(anonymous_7)
FN:128,getUsdToGtqRate
FN:153,__resetExchangeRateCacheForTests
FNF:10
FNH:9
FNDA:16,isCacheFresh
FNDA:6,getCachedRate
FNDA:9,extractVentaRate
FNDA:12,fetchRateFromBanguat
FNDA:0,(anonymous_4)
FNDA:14,refreshCache
FNDA:6,(anonymous_6)
FNDA:12,(anonymous_7)
FNDA:16,getUsdToGtqRate
FNDA:10,__resetExchangeRateCacheForTests
DA:1,2
DA:33,2
DA:39,2
DA:40,2
DA:47,2
DA:50,2
DA:53,16
DA:54,4
DA:65,6
DA:69,9
DA:70,9
DA:71,2
DA:74,7
DA:75,7
DA:76,1
DA:79,6
DA:83,12
DA:84,12
DA:86,12
DA:87,12
DA:92,10
DA:93,1
DA:96,9
DA:97,9
DA:99,12
DA:106,14
DA:108,12
DA:110,6
DA:111,6
DA:114,12
DA:117,12
DA:128,2
DA:129,16
DA:131,14
DA:132,14
DA:134,6
DA:135,6
DA:136,1
DA:140,1
DA:143,5
DA:147,5
DA:153,2
DA:154,10
DA:155,10
LF:44
LH:44
BRDA:53,0,0,12
BRDA:53,0,1,4
BRDA:65,1,0,1
BRDA:65,1,1,5
BRDA:70,2,0,2
BRDA:70,2,1,7
BRDA:75,3,0,1
BRDA:75,3,1,6
BRDA:75,4,0,7
BRDA:75,4,1,7
BRDA:75,4,2,7
BRDA:92,5,0,1
BRDA:92,5,1,9
BRDA:106,6,0,2
BRDA:106,6,1,12
BRDA:129,7,0,2
BRDA:129,7,1,14
BRDA:135,8,0,1
BRDA:135,8,1,5
BRF:19
BRH:19
end_of_record
TN:
SF:src\shared\services\s3.service.ts
FN:15,getS3Url
FN:19,getKeyFromUrl
FN:23,isBase64Image
FN:27,uploadImage
FN:45,deleteImage
FNF:5
FNH:0
FNDA:0,getS3Url
FNDA:0,getKeyFromUrl
FNDA:0,isBase64Image
FNDA:0,uploadImage
FNDA:0,deleteImage
DA:1,0
DA:2,0
DA:3,0
DA:5,0
DA:13,0
DA:15,0
DA:16,0
DA:19,0
DA:20,0
DA:23,0
DA:24,0
DA:27,0
DA:28,0
DA:29,0
DA:30,0
DA:31,0
DA:32,0
DA:34,0
DA:42,0
DA:45,0
DA:46,0
LF:21
LH:0
BRDA:20,0,0,0
BRDA:20,0,1,0
BRDA:28,1,0,0
BRDA:28,1,1,0
BRF:4
BRH:0
end_of_record
TN:
SF:src\shared\test-utils\testApp.ts
FN:8,buildTestApp
FNF:1
FNH:1
FNDA:4,buildTestApp
DA:1,4
DA:2,4
DA:3,4
DA:8,4
DA:9,4
DA:10,4
DA:11,4
DA:12,4
DA:13,4
DA:14,4
LF:10
LH:10
BRF:0
BRH:0
end_of_record
TN:
SF:src\shared\types\express.d.ts
FNF:0
FNH:0
LF:0
LH:0
BRF:0
BRH:0
end_of_record
TN:
SF:src\shared\utils\catalogImage.util.ts
FN:11,resolveCatalogImage
FNF:1
FNH:0
FNDA:0,resolveCatalogImage
DA:1,0
DA:11,0
DA:16,0
DA:18,0
DA:19,0
DA:22,0
DA:26,0
DA:28,0
DA:29,0
LF:9
LH:0
BRDA:16,0,0,0
BRDA:16,0,1,0
BRDA:18,1,0,0
BRDA:18,1,1,0
BRDA:22,2,0,0
BRDA:22,2,1,0
BRDA:26,3,0,0
BRDA:26,3,1,0
BRF:8
BRH:0
end_of_record
TN:
SF:src\shared\utils\excelImport.util.ts
FN:25,normalizeImportText
FN:38,extractCellValue
FN:42,(anonymous_3)
FN:53,readImportCell
FN:60,isImportRowBlank
FN:61,(anonymous_6)
FN:77,mapImportHeaders
FN:83,(anonymous_8)
FN:85,(anonymous_9)
FN:96,parseImportBoolean
FN:109,loadWorkbookFromBuffer
FN:116,writeWorkbookToBuffer
FNF:12
FNH:11
FNDA:240,normalizeImportText
FNDA:355,extractCellValue
FNDA:0,(anonymous_3)
FNDA:229,readImportCell
FNDA:35,isImportRowBlank
FNDA:35,(anonymous_6)
FNDA:24,mapImportHeaders
FNDA:127,(anonymous_8)
FNDA:439,(anonymous_9)
FNDA:36,parseImportBoolean
FNDA:26,loadWorkbookFromBuffer
FNDA:2,writeWorkbookToBuffer
DA:1,2
DA:12,2
DA:25,2
DA:26,240
DA:39,355
DA:40,301
DA:41,0
DA:42,0
DA:43,0
DA:44,0
DA:45,0
DA:50,301
DA:53,2
DA:54,229
DA:55,228
DA:60,2
DA:61,35
DA:62,35
DA:63,35
DA:77,2
DA:81,24
DA:82,24
DA:83,24
DA:84,127
DA:85,439
DA:86,127
DA:88,24
DA:94,2
DA:95,2
DA:96,2
DA:97,36
DA:98,9
DA:99,9
DA:100,5
DA:101,1
DA:109,2
DA:110,26
DA:112,26
DA:113,26
DA:116,2
DA:117,2
LF:41
LH:36
BRDA:26,0,0,240
BRDA:26,0,1,0
BRDA:39,1,0,54
BRDA:39,1,1,301
BRDA:39,2,0,355
BRDA:39,2,1,301
BRDA:40,3,0,0
BRDA:40,3,1,301
BRDA:42,4,0,0
BRDA:42,4,1,0
BRDA:43,5,0,0
BRDA:43,5,1,0
BRDA:43,6,0,0
BRDA:43,6,1,0
BRDA:44,7,0,0
BRDA:44,7,1,0
BRDA:50,8,0,0
BRDA:50,8,1,301
BRDA:54,9,0,1
BRDA:54,9,1,228
BRDA:63,10,0,35
BRDA:63,10,1,35
BRDA:86,11,0,127
BRDA:86,11,1,0
BRDA:97,12,0,27
BRDA:97,12,1,9
BRDA:97,13,0,36
BRDA:97,13,1,9
BRDA:99,14,0,4
BRDA:99,14,1,5
BRDA:100,15,0,4
BRDA:100,15,1,1
BRF:32
BRH:20
end_of_record
TN:
SF:src\shared\utils\money.util.ts
FN:28,toDecimal
FN:37,roundMoney
FN:44,sumMoney
FN:45,(anonymous_4)
FNF:4
FNH:4
FNDA:217,toDecimal
FNDA:211,roundMoney
FNDA:76,sumMoney
FNDA:220,(anonymous_4)
DA:1,3
DA:26,3
DA:28,3
DA:29,217
DA:30,215
DA:37,3
DA:38,211
DA:44,3
DA:45,220
LF:9
LH:9
BRDA:29,0,0,2
BRDA:29,0,1,215
BRDA:29,1,0,217
BRDA:29,1,1,216
BRF:4
BRH:4
end_of_record
TN:
SF:src\shared\utils\pagination.util.ts
FN:26,paginate
FNF:1
FNH:0
FNDA:0,paginate
DA:24,2
DA:26,2
DA:31,0
DA:32,0
DA:33,0
DA:36,0
DA:37,0
DA:38,0
DA:42,0
DA:49,0
LF:10
LH:2
BRDA:31,0,0,0
BRDA:31,0,1,0
BRDA:37,1,0,0
BRDA:37,1,1,0
BRF:4
BRH:0
end_of_record
TN:
SF:src\shared\utils\slug.util.ts
FN:5,slugify
FN:20,trimHyphens
FN:33,generateUniqueSlug
FNF:3
FNH:3
FNDA:20,slugify
FNDA:20,trimHyphens
FNDA:15,generateUniqueSlug
DA:5,2
DA:6,20
DA:14,20
DA:21,20
DA:22,20
DA:23,20
DA:24,20
DA:25,20
DA:33,2
DA:37,15
DA:38,15
DA:39,15
DA:41,15
DA:42,6
DA:43,6
DA:46,15
LF:16
LH:16
BRDA:23,0,0,23
BRDA:23,0,1,21
BRDA:24,1,0,22
BRDA:24,1,1,20
BRDA:37,2,0,15
BRDA:37,2,1,1
BRF:6
BRH:6
end_of_record
TN:
SF:src\shared\utils\translation.util.ts
FN:21,resolveContentLanguage
FN:34,pickTranslatedName
FN:40,(anonymous_2)
FNF:3
FNH:2
FNDA:6,resolveContentLanguage
FNDA:52,pickTranslatedName
FNDA:0,(anonymous_2)
DA:15,3
DA:21,3
DA:22,6
DA:23,6
DA:34,3
DA:39,52
DA:40,0
LF:7
LH:6
BRDA:22,0,0,0
BRDA:22,0,1,6
BRDA:23,1,0,0
BRDA:23,1,1,6
BRDA:23,2,0,6
BRDA:23,2,1,6
BRDA:39,3,0,52
BRDA:39,3,1,0
BRDA:40,4,0,0
BRDA:40,4,1,0
BRF:10
BRH:5
end_of_record
