TN:
SF:src\server.ts
FN:27,(anonymous_10)
FNF:1
FNH:0
FNDA:0,(anonymous_10)
DA:1,0
DA:2,0
DA:3,0
DA:4,0
DA:5,0
DA:6,0
DA:8,0
DA:11,0
DA:13,0
DA:17,0
DA:21,0
DA:23,0
DA:25,0
DA:27,0
DA:28,0
DA:31,0
DA:33,0
LF:17
LH:0
BRF:0
BRH:0
end_of_record
TN:
SF:src\config\env.ts
FN:6,getRequiredEnv
FNF:1
FNH:0
FNDA:0,getRequiredEnv
DA:1,0
DA:2,0
DA:4,0
DA:7,0
DA:8,0
DA:9,0
DA:11,0
DA:14,0
LF:8
LH:0
BRDA:8,0,0,0
BRDA:8,0,1,0
BRDA:15,1,0,0
BRDA:15,1,1,0
BRDA:16,2,0,0
BRDA:16,2,1,0
BRDA:20,3,0,0
BRDA:20,3,1,0
BRDA:29,4,0,0
BRDA:29,4,1,0
BRF:10
BRH:0
end_of_record
TN:
SF:src\config\i18n.ts
FNF:0
FNH:0
DA:1,3
DA:2,3
DA:3,3
DA:4,3
DA:6,3
DA:16,3
DA:17,3
LF:7
LH:7
BRF:0
BRH:0
end_of_record
TN:
SF:src\database\connection.ts
FN:75,connectDB
FNF:1
FNH:0
FNDA:0,connectDB
DA:1,0
DA:2,0
DA:3,0
DA:4,0
DA:6,0
DA:7,0
DA:8,0
DA:9,0
DA:10,0
DA:11,0
DA:12,0
DA:13,0
DA:14,0
DA:15,0
DA:16,0
DA:17,0
DA:18,0
DA:19,0
DA:20,0
DA:21,0
DA:22,0
DA:23,0
DA:24,0
DA:25,0
DA:26,0
DA:27,0
DA:29,0
DA:75,0
DA:76,0
DA:77,0
DA:80,0
DA:81,0
DA:82,0
DA:83,0
DA:85,0
DA:86,0
DA:87,0
DA:91,0
LF:38
LH:0
BRDA:30,0,0,0
BRDA:30,0,1,0
BRDA:80,1,0,0
BRDA:80,1,1,0
BRF:4
BRH:0
end_of_record
TN:
SF:src\database\seeders\accessControl.seeder.ts
FN:49,(anonymous_1)
FN:50,(anonymous_2)
FN:57,seedPermissions
FN:61,seedAdminRoleWithAllPermissions
FN:70,(anonymous_5)
FN:78,seedAdminUser
FN:97,seedAccessControl
FNF:7
FNH:0
FNDA:0,(anonymous_1)
FNDA:0,(anonymous_2)
FNDA:0,seedPermissions
FNDA:0,seedAdminRoleWithAllPermissions
FNDA:0,(anonymous_5)
FNDA:0,seedAdminUser
FNDA:0,seedAccessControl
DA:1,0
DA:2,0
DA:3,0
DA:4,0
DA:5,0
DA:6,0
DA:7,0
DA:9,0
DA:10,0
DA:17,0
DA:33,0
DA:40,0
DA:48,0
DA:50,0
DA:58,0
DA:62,0
DA:67,0
DA:68,0
DA:69,0
DA:70,0
DA:75,0
DA:79,0
DA:80,0
DA:81,0
DA:82,0
DA:85,0
DA:86,0
DA:88,0
DA:89,0
DA:97,0
DA:98,0
DA:99,0
DA:100,0
LF:33
LH:0
BRDA:68,0,0,0
BRDA:68,0,1,0
BRDA:80,1,0,0
BRDA:80,1,1,0
BRDA:80,2,0,0
BRDA:80,2,1,0
BRDA:86,3,0,0
BRDA:86,3,1,0
BRF:8
BRH:0
end_of_record
TN:
SF:src\database\seeders\index.ts
FN:4,runSeeders
FNF:1
FNH:0
FNDA:0,runSeeders
DA:1,0
DA:2,0
DA:4,0
DA:5,0
DA:6,0
LF:5
LH:0
BRF:0
BRH:0
end_of_record
TN:
SF:src\features\accessControl\login\controllers\login.controller.ts
FN:4,login
FNF:1
FNH:1
FNDA:3,login
DA:2,1
DA:5,3
DA:6,3
DA:7,1
DA:9,2
DA:13,1
LF:6
LH:6
BRF:0
BRH:0
end_of_record
TN:
SF:src\features\accessControl\login\routes\login.routes.ts
FNF:0
FNH:0
DA:1,1
DA:2,1
DA:3,1
DA:4,1
DA:6,1
DA:8,1
DA:10,1
LF:7
LH:7
BRF:0
BRH:0
end_of_record
TN:
SF:src\features\accessControl\login\schemas\login.schema.ts
FNF:0
FNH:0
DA:1,1
DA:3,1
LF:2
LH:2
BRF:0
BRH:0
end_of_record
TN:
SF:src\features\accessControl\login\services\login.service.ts
FN:22,login
FN:55,(anonymous_2)
FNF:2
FNH:2
FNDA:8,login
FNDA:6,(anonymous_2)
DA:1,1
DA:2,1
DA:3,1
DA:4,1
DA:5,1
DA:6,1
DA:7,1
DA:8,1
DA:25,8
DA:40,8
DA:42,6
DA:43,1
DA:46,5
DA:48,5
DA:49,2
DA:50,2
DA:53,3
DA:55,6
DA:57,3
DA:63,3
DA:75,1
LF:21
LH:21
BRDA:40,0,0,2
BRDA:40,0,1,6
BRDA:42,1,0,1
BRDA:42,1,1,5
BRDA:48,2,0,2
BRDA:48,2,1,3
BRF:6
BRH:6
end_of_record
TN:
SF:src\features\accessControl\permissions\controllers\permission.controller.ts
FN:5,index
FN:8,(anonymous_1)
FN:14,show
FN:23,store
FN:34,update
FN:47,destroy
FNF:6
FNH:0
FNDA:0,index
FNDA:0,(anonymous_1)
FNDA:0,show
FNDA:0,store
FNDA:0,update
FNDA:0,destroy
DA:1,0
DA:3,0
DA:6,0
DA:7,0
DA:8,0
DA:10,0
DA:15,0
DA:16,0
DA:17,0
DA:18,0
DA:20,0
DA:24,0
DA:25,0
DA:26,0
DA:31,0
DA:35,0
DA:36,0
DA:37,0
DA:38,0
DA:43,0
DA:48,0
DA:49,0
DA:50,0
DA:51,0
DA:53,0
DA:57,0
LF:26
LH:0
BRF:0
BRH:0
end_of_record
TN:
SF:src\features\accessControl\permissions\models\permission.model.ts
FN:22,(anonymous_3)
FN:22,(anonymous_4)
FNF:2
FNH:0
FNDA:0,(anonymous_3)
FNDA:0,(anonymous_4)
DA:1,1
DA:2,1
DA:3,1
DA:4,1
DA:9,1
DA:14,1
DA:20,1
DA:22,0
DA:23,1
DA:26,1
LF:10
LH:9
BRF:0
BRH:0
end_of_record
TN:
SF:src\features\accessControl\permissions\routes\permission.routes.ts
FNF:0
FNH:0
DA:1,0
DA:2,0
DA:3,0
DA:4,0
DA:5,0
DA:6,0
DA:8,0
DA:10,0
DA:12,0
DA:13,0
DA:14,0
DA:15,0
DA:16,0
DA:18,0
LF:14
LH:0
BRF:0
BRH:0
end_of_record
TN:
SF:src\features\accessControl\permissions\schemas\permission.schema.ts
FNF:0
FNH:0
DA:1,0
DA:3,0
DA:8,0
DA:12,0
LF:4
LH:0
BRF:0
BRH:0
end_of_record
TN:
SF:src\features\accessControl\permissions\services\permission.service.ts
FN:5,listPermission
FN:8,getPermissionById
FN:15,createPermission
FN:19,updatePermission
FN:23,deletePermission
FNF:5
FNH:0
FNDA:0,listPermission
FNDA:0,getPermissionById
FNDA:0,createPermission
FNDA:0,updatePermission
FNDA:0,deletePermission
DA:1,0
DA:3,0
DA:6,0
DA:9,0
DA:10,0
DA:11,0
DA:13,0
DA:16,0
DA:20,0
DA:21,0
DA:24,0
DA:25,0
DA:28,0
LF:13
LH:0
BRDA:10,0,0,0
BRDA:10,0,1,0
BRF:2
BRH:0
end_of_record
TN:
SF:src\features\accessControl\permissions\utils\localizePermissionName.ts
FN:10,localizePermissionName
FN:21,toPermissionResponse
FNF:2
FNH:0
FNDA:0,localizePermissionName
FNDA:0,toPermissionResponse
DA:4,0
DA:11,0
DA:12,0
DA:14,0
DA:15,0
DA:17,0
DA:18,0
DA:21,0
DA:22,0
LF:9
LH:0
BRDA:12,0,0,0
BRDA:12,0,1,0
BRDA:12,1,0,0
BRDA:12,1,1,0
BRDA:12,1,2,0
BRDA:15,2,0,0
BRDA:15,2,1,0
BRF:7
BRH:0
end_of_record
TN:
SF:src\features\accessControl\rolePermissions\controllers\rolePermission.controller.ts
FN:5,index
FN:9,(anonymous_1)
FN:15,sync
FN:21,(anonymous_3)
FNF:4
FNH:0
FNDA:0,index
FNDA:0,(anonymous_1)
FNDA:0,sync
FNDA:0,(anonymous_3)
DA:2,0
DA:3,0
DA:6,0
DA:7,0
DA:8,0
DA:9,0
DA:11,0
DA:16,0
DA:17,0
DA:18,0
DA:19,0
DA:21,0
DA:24,0
DA:28,0
LF:14
LH:0
BRF:0
BRH:0
end_of_record
TN:
SF:src\features\accessControl\rolePermissions\models\rolePermission.model.ts
FN:13,(anonymous_3)
FN:17,(anonymous_4)
FNF:2
FNH:0
FNDA:0,(anonymous_3)
FNDA:0,(anonymous_4)
DA:1,1
DA:2,1
DA:3,1
DA:12,1
DA:13,0
DA:15,1
DA:17,0
DA:19,1
DA:22,1
LF:9
LH:7
BRF:0
BRH:0
end_of_record
TN:
SF:src\features\accessControl\rolePermissions\routes\rolePermission.routes.ts
FNF:0
FNH:0
DA:1,0
DA:2,0
DA:3,0
DA:4,0
DA:5,0
DA:6,0
DA:8,0
DA:10,0
DA:12,0
DA:18,0
DA:26,0
LF:11
LH:0
BRF:0
BRH:0
end_of_record
TN:
SF:src\features\accessControl\rolePermissions\schemas\rolePermission.schema.ts
FNF:0
FNH:0
DA:1,0
DA:3,0
DA:7,0
LF:3
LH:0
BRF:0
BRH:0
end_of_record
TN:
SF:src\features\accessControl\rolePermissions\services\rolePermission.service.ts
FN:7,getPermissionsByRole
FN:21,syncRolePermissions
FN:30,(anonymous_3)
FN:34,(anonymous_4)
FNF:4
FNH:0
FNDA:0,getPermissionsByRole
FNDA:0,syncRolePermissions
FNDA:0,(anonymous_3)
FNDA:0,(anonymous_4)
DA:1,0
DA:2,0
DA:3,0
DA:4,0
DA:5,0
DA:8,0
DA:9,0
DA:22,0
DA:24,0
DA:25,0
DA:26,0
DA:27,0
DA:30,0
DA:31,0
DA:32,0
DA:33,0
DA:34,0
DA:40,0
DA:43,0
LF:19
LH:0
BRDA:25,0,0,0
BRDA:25,0,1,0
BRDA:27,1,0,0
BRDA:27,1,1,0
BRDA:32,2,0,0
BRDA:32,2,1,0
BRF:6
BRH:0
end_of_record
TN:
SF:src\features\accessControl\roles\controllers\role.controllers.ts
FN:5,index
FN:14,show
FN:24,store
FN:35,update
FN:47,destroy
FNF:5
FNH:0
FNDA:0,index
FNDA:0,show
FNDA:0,store
FNDA:0,update
FNDA:0,destroy
DA:1,0
DA:6,0
DA:7,0
DA:8,0
DA:9,0
DA:11,0
DA:15,0
DA:16,0
DA:17,0
DA:18,0
DA:20,0
DA:25,0
DA:26,0
DA:27,0
DA:32,0
DA:36,0
DA:37,0
DA:38,0
DA:39,0
DA:44,0
DA:48,0
DA:49,0
DA:50,0
DA:51,0
DA:54,0
DA:58,0
LF:26
LH:0
BRF:0
BRH:0
end_of_record
TN:
SF:src\features\accessControl\roles\models\role.model.ts
FN:18,(anonymous_3)
FN:21,(anonymous_4)
FN:21,(anonymous_5)
FNF:3
FNH:0
FNDA:0,(anonymous_3)
FNDA:0,(anonymous_4)
FNDA:0,(anonymous_5)
DA:1,1
DA:2,1
DA:3,1
DA:4,1
DA:5,1
DA:11,1
DA:16,1
DA:18,0
DA:19,1
DA:21,0
DA:22,1
DA:25,1
LF:12
LH:10
BRF:0
BRH:0
end_of_record
TN:
SF:src\features\accessControl\roles\routes\role.routes.ts
FNF:0
FNH:0
DA:1,0
DA:2,0
DA:3,0
DA:4,0
DA:5,0
DA:6,0
DA:8,0
DA:10,0
DA:12,0
DA:13,0
DA:14,0
DA:15,0
DA:16,0
DA:18,0
LF:14
LH:0
BRF:0
BRH:0
end_of_record
TN:
SF:src\features\accessControl\roles\schemas\role.schema.ts
FNF:0
FNH:0
DA:1,0
DA:2,0
DA:4,0
DA:9,0
DA:13,0
DA:15,0
LF:6
LH:0
BRF:0
BRH:0
end_of_record
TN:
SF:src\features\accessControl\roles\services\role.service.ts
FN:7,listRoles
FN:12,getRoleById
FN:19,createRole
FN:22,updateRole
FN:27,deleteRole
FNF:5
FNH:0
FNDA:0,listRoles
FNDA:0,getRoleById
FNDA:0,createRole
FNDA:0,updateRole
FNDA:0,deleteRole
DA:1,0
DA:3,0
DA:4,0
DA:5,0
DA:8,0
DA:9,0
DA:13,0
DA:14,0
DA:15,0
DA:17,0
DA:20,0
DA:23,0
DA:24,0
DA:28,0
DA:29,0
DA:32,0
LF:16
LH:0
BRDA:8,0,0,0
BRDA:8,0,1,0
BRDA:14,1,0,0
BRDA:14,1,1,0
BRF:4
BRH:0
end_of_record
TN:
SF:src\features\accessControl\user\controllers\user.controllers.ts
FN:5,index
FN:15,show
FN:24,store
FN:35,update
FN:47,destroy
FN:57,updateStatus
FNF:6
FNH:0
FNDA:0,index
FNDA:0,show
FNDA:0,store
FNDA:0,update
FNDA:0,destroy
FNDA:0,updateStatus
DA:1,0
DA:6,0
DA:7,0
DA:8,0
DA:9,0
DA:11,0
DA:16,0
DA:17,0
DA:18,0
DA:19,0
DA:21,0
DA:25,0
DA:26,0
DA:27,0
DA:32,0
DA:36,0
DA:37,0
DA:38,0
DA:39,0
DA:44,0
DA:48,0
DA:49,0
DA:50,0
DA:51,0
DA:53,0
DA:58,0
DA:59,0
DA:60,0
DA:61,0
DA:62,0
DA:67,0
DA:71,0
LF:32
LH:0
BRDA:63,0,0,0
BRDA:63,0,1,0
BRF:2
BRH:0
end_of_record
TN:
SF:src\features\accessControl\user\models\user.model.ts
FN:47,(anonymous_3)
FN:25,(anonymous_4)
FN:31,(anonymous_5)
FNF:3
FNH:0
FNDA:0,(anonymous_3)
FNDA:0,(anonymous_4)
FNDA:0,(anonymous_5)
DA:1,0
DA:2,0
DA:3,0
DA:8,0
DA:12,0
DA:18,0
DA:23,0
DA:25,0
DA:29,0
DA:31,0
DA:32,0
DA:38,0
DA:45,0
DA:48,0
DA:49,0
DA:50,0
DA:54,0
LF:17
LH:0
BRF:0
BRH:0
end_of_record
TN:
SF:src\features\accessControl\user\routes\user.routes.ts
FNF:0
FNH:0
DA:1,0
DA:2,0
DA:3,0
DA:4,0
DA:5,0
DA:6,0
DA:8,0
DA:10,0
DA:12,0
DA:13,0
DA:14,0
DA:15,0
DA:16,0
DA:17,0
DA:19,0
LF:15
LH:0
BRF:0
BRH:0
end_of_record
TN:
SF:src\features\accessControl\user\schemas\user.schema.ts
FNF:0
FNH:0
DA:1,0
DA:2,0
DA:4,0
DA:11,0
DA:14,0
DA:17,0
DA:24,0
LF:7
LH:0
BRF:0
BRH:0
end_of_record
TN:
SF:src\features\accessControl\user\services\user.service.ts
FN:13,listUsers
FN:24,getUserById
FN:33,createUser
FN:39,updateUser
FN:49,deleteUser
FN:57,setUserStatus
FNF:6
FNH:0
FNDA:0,listUsers
FNDA:0,getUserById
FNDA:0,createUser
FNDA:0,updateUser
FNDA:0,deleteUser
FNDA:0,setUserStatus
DA:1,0
DA:2,0
DA:4,0
DA:5,0
DA:6,0
DA:8,0
DA:14,0
DA:17,0
DA:25,0
DA:29,0
DA:30,0
DA:34,0
DA:35,0
DA:36,0
DA:40,0
DA:41,0
DA:42,0
DA:43,0
DA:45,0
DA:46,0
DA:50,0
DA:51,0
DA:58,0
DA:59,0
DA:60,0
DA:61,0
DA:64,0
LF:27
LH:0
BRDA:14,0,0,0
BRDA:14,0,1,0
BRDA:29,1,0,0
BRDA:29,1,1,0
BRDA:42,2,0,0
BRDA:42,2,1,0
BRDA:59,3,0,0
BRDA:59,3,1,0
BRF:8
BRH:0
end_of_record
TN:
SF:src\features\category\controllers\category.controller.ts
FN:5,index
FN:15,show
FN:25,store
FN:38,update
FN:51,destroy
FN:61,updateStatus
FNF:6
FNH:0
FNDA:0,index
FNDA:0,show
FNDA:0,store
FNDA:0,update
FNDA:0,destroy
FNDA:0,updateStatus
DA:2,0
DA:6,0
DA:7,0
DA:8,0
DA:9,0
DA:11,0
DA:16,0
DA:17,0
DA:18,0
DA:19,0
DA:21,0
DA:26,0
DA:27,0
DA:28,0
DA:34,0
DA:39,0
DA:40,0
DA:41,0
DA:42,0
DA:47,0
DA:52,0
DA:53,0
DA:54,0
DA:55,0
DA:57,0
DA:62,0
DA:63,0
DA:64,0
DA:65,0
DA:66,0
DA:71,0
DA:75,0
LF:32
LH:0
BRDA:67,0,0,0
BRDA:67,0,1,0
BRF:2
BRH:0
end_of_record
TN:
SF:src\features\category\controllers\subCategory.controller.ts
FN:5,index
FN:15,show
FN:25,store
FN:37,update
FN:50,destroy
FN:60,updateStatus
FNF:6
FNH:0
FNDA:0,index
FNDA:0,show
FNDA:0,store
FNDA:0,update
FNDA:0,destroy
FNDA:0,updateStatus
DA:2,0
DA:6,0
DA:7,0
DA:8,0
DA:9,0
DA:11,0
DA:16,0
DA:17,0
DA:18,0
DA:19,0
DA:21,0
DA:26,0
DA:27,0
DA:28,0
DA:33,0
DA:38,0
DA:39,0
DA:40,0
DA:41,0
DA:46,0
DA:51,0
DA:52,0
DA:53,0
DA:54,0
DA:56,0
DA:61,0
DA:62,0
DA:63,0
DA:64,0
DA:65,0
DA:70,0
DA:74,0
LF:32
LH:0
BRDA:66,0,0,0
BRDA:66,0,1,0
BRF:2
BRH:0
end_of_record
TN:
SF:src\features\category\models\Category.model.ts
FN:38,(anonymous_3)
FN:41,(anonymous_4)
FN:45,(anonymous_5)
FNF:3
FNH:0
FNDA:0,(anonymous_3)
FNDA:0,(anonymous_4)
FNDA:0,(anonymous_5)
DA:1,2
DA:2,2
DA:3,2
DA:4,2
DA:5,2
DA:10,2
DA:15,2
DA:22,2
DA:28,2
DA:36,2
DA:38,0
DA:39,2
DA:41,0
DA:42,2
DA:45,0
DA:46,2
DA:49,2
LF:17
LH:14
BRF:0
BRH:0
end_of_record
TN:
SF:src\features\category\models\CategoryTranslation.model.ts
FN:17,(anonymous_3)
FN:42,(anonymous_4)
FNF:2
FNH:0
FNDA:0,(anonymous_3)
FNDA:0,(anonymous_4)
DA:1,2
DA:2,2
DA:16,2
DA:17,0
DA:22,2
DA:28,2
DA:34,2
DA:40,2
DA:42,0
DA:43,2
DA:46,2
LF:11
LH:9
BRF:0
BRH:0
end_of_record
TN:
SF:src\features\category\models\SubCategory.model.ts
FN:17,(anonymous_3)
FN:42,(anonymous_4)
FN:45,(anonymous_5)
FN:49,(anonymous_6)
FNF:4
FNH:0
FNDA:0,(anonymous_3)
FNDA:0,(anonymous_4)
FNDA:0,(anonymous_5)
FNDA:0,(anonymous_6)
DA:1,2
DA:2,2
DA:3,2
DA:4,2
DA:5,2
DA:16,2
DA:17,0
DA:22,2
DA:28,2
DA:34,2
DA:40,2
DA:42,0
DA:43,2
DA:45,0
DA:46,2
DA:49,0
DA:50,2
DA:53,2
LF:18
LH:14
BRF:0
BRH:0
end_of_record
TN:
SF:src\features\category\models\SubCategoryTranslation.model.ts
FN:15,(anonymous_3)
FN:40,(anonymous_4)
FNF:2
FNH:0
FNDA:0,(anonymous_3)
FNDA:0,(anonymous_4)
DA:1,2
DA:2,2
DA:14,2
DA:15,0
DA:20,2
DA:26,2
DA:32,2
DA:38,2
DA:40,0
DA:41,2
DA:44,2
LF:11
LH:9
BRF:0
BRH:0
end_of_record
TN:
SF:src\features\category\routes\category.routes.ts
FNF:0
FNH:0
DA:1,0
DA:2,0
DA:3,0
DA:4,0
DA:5,0
DA:6,0
DA:8,0
DA:10,0
DA:12,0
DA:13,0
DA:14,0
DA:15,0
DA:16,0
DA:17,0
DA:19,0
LF:15
LH:0
BRF:0
BRH:0
end_of_record
TN:
SF:src\features\category\routes\subCategory.routes.ts
FNF:0
FNH:0
DA:1,0
DA:2,0
DA:3,0
DA:4,0
DA:5,0
DA:6,0
DA:8,0
DA:10,0
DA:12,0
DA:13,0
DA:14,0
DA:15,0
DA:16,0
DA:17,0
DA:19,0
LF:15
LH:0
BRF:0
BRH:0
end_of_record
TN:
SF:src\features\category\schemas\category.schema.ts
FNF:0
FNH:0
DA:1,0
DA:2,0
DA:6,0
DA:11,0
DA:16,0
DA:23,0
DA:25,0
DA:30,0
DA:35,0
LF:9
LH:0
BRF:0
BRH:0
end_of_record
TN:
SF:src\features\category\schemas\subCategory.schema.ts
FNF:0
FNH:0
DA:1,0
DA:2,0
DA:5,0
DA:10,0
DA:17,0
DA:19,0
DA:24,0
DA:28,0
LF:8
LH:0
BRF:0
BRH:0
end_of_record
TN:
SF:src\features\category\services\category.service.ts
FN:16,listCategories
FN:25,getCategoryById
FN:38,syncEnglishTranslation
FN:50,createCategory
FN:52,(anonymous_5)
FN:62,updateCategory
FN:71,deleteCategory
FN:78,setCategoryStatus
FNF:8
FNH:0
FNDA:0,listCategories
FNDA:0,getCategoryById
FNDA:0,syncEnglishTranslation
FNDA:0,createCategory
FNDA:0,(anonymous_5)
FNDA:0,updateCategory
FNDA:0,deleteCategory
FNDA:0,setCategoryStatus
DA:1,0
DA:2,0
DA:3,0
DA:4,0
DA:6,0
DA:7,0
DA:8,0
DA:10,0
DA:17,0
DA:18,0
DA:26,0
DA:30,0
DA:31,0
DA:39,0
DA:40,0
DA:44,0
DA:51,0
DA:52,0
DA:53,0
DA:54,0
DA:56,0
DA:57,0
DA:58,0
DA:59,0
DA:63,0
DA:64,0
DA:65,0
DA:66,0
DA:67,0
DA:68,0
DA:72,0
DA:73,0
DA:79,0
DA:83,0
DA:84,0
DA:85,0
DA:88,0
LF:37
LH:0
BRDA:17,0,0,0
BRDA:17,0,1,0
BRDA:30,1,0,0
BRDA:30,1,1,0
BRDA:39,2,0,0
BRDA:39,2,1,0
BRDA:42,3,0,0
BRDA:42,3,1,0
BRDA:46,4,0,0
BRDA:46,4,1,0
BRDA:57,5,0,0
BRDA:57,5,1,0
BRDA:66,6,0,0
BRDA:66,6,1,0
BRDA:83,7,0,0
BRDA:83,7,1,0
BRF:16
BRH:0
end_of_record
TN:
SF:src\features\category\services\subCategory.service.ts
FN:12,listSubCategories
FN:21,getSubCategoryById
FN:31,syncEnglishTranslation
FN:43,createSubCategory
FN:46,(anonymous_5)
FN:57,updateSubCategory
FN:65,deleteSubCategory
FN:72,setSubCategoryStatus
FNF:8
FNH:0
FNDA:0,listSubCategories
FNDA:0,getSubCategoryById
FNDA:0,syncEnglishTranslation
FNDA:0,createSubCategory
FNDA:0,(anonymous_5)
FNDA:0,updateSubCategory
FNDA:0,deleteSubCategory
FNDA:0,setSubCategoryStatus
DA:1,0
DA:2,0
DA:3,0
DA:4,0
DA:6,0
DA:7,0
DA:13,0
DA:14,0
DA:22,0
DA:26,0
DA:27,0
DA:32,0
DA:33,0
DA:37,0
DA:44,0
DA:46,0
DA:47,0
DA:50,0
DA:52,0
DA:53,0
DA:54,0
DA:58,0
DA:59,0
DA:60,0
DA:61,0
DA:62,0
DA:66,0
DA:67,0
DA:73,0
DA:77,0
DA:78,0
DA:79,0
DA:82,0
LF:33
LH:0
BRDA:13,0,0,0
BRDA:13,0,1,0
BRDA:26,1,0,0
BRDA:26,1,1,0
BRDA:32,2,0,0
BRDA:32,2,1,0
BRDA:35,3,0,0
BRDA:35,3,1,0
BRDA:39,4,0,0
BRDA:39,4,1,0
BRDA:77,5,0,0
BRDA:77,5,1,0
BRF:12
BRH:0
end_of_record
TN:
SF:src\features\customer\controllers\customer.controller.ts
FN:5,index
FN:15,show
FN:25,store
FN:37,update
FN:50,destroy
FN:60,updateStatus
FNF:6
FNH:0
FNDA:0,index
FNDA:0,show
FNDA:0,store
FNDA:0,update
FNDA:0,destroy
FNDA:0,updateStatus
DA:2,0
DA:6,0
DA:7,0
DA:8,0
DA:9,0
DA:11,0
DA:16,0
DA:17,0
DA:18,0
DA:19,0
DA:21,0
DA:26,0
DA:27,0
DA:28,0
DA:33,0
DA:38,0
DA:39,0
DA:40,0
DA:41,0
DA:46,0
DA:51,0
DA:52,0
DA:53,0
DA:54,0
DA:56,0
DA:61,0
DA:62,0
DA:63,0
DA:64,0
DA:65,0
DA:70,0
DA:74,0
LF:32
LH:0
BRDA:66,0,0,0
BRDA:66,0,1,0
BRF:2
BRH:0
end_of_record
TN:
SF:src\features\customer\controllers\customerLogin.controller.ts
FN:4,login
FNF:1
FNH:0
FNDA:0,login
DA:2,0
DA:5,0
DA:6,0
DA:7,0
DA:9,0
DA:13,0
LF:6
LH:0
BRF:0
BRH:0
end_of_record
TN:
SF:src\features\customer\models\Customer.model.ts
FN:46,(anonymous_3)
FNF:1
FNH:0
FNDA:0,(anonymous_3)
DA:1,2
DA:2,2
DA:7,2
DA:12,2
DA:18,2
DA:25,2
DA:31,2
DA:37,2
DA:44,2
DA:47,0
DA:48,0
DA:49,0
DA:53,2
LF:13
LH:10
BRF:0
BRH:0
end_of_record
TN:
SF:src\features\customer\routes\customer.routes.ts
FNF:0
FNH:0
DA:1,0
DA:2,0
DA:3,0
DA:4,0
DA:5,0
DA:6,0
DA:8,0
DA:10,0
DA:12,0
DA:13,0
DA:14,0
DA:15,0
DA:22,0
DA:29,0
DA:31,0
LF:15
LH:0
BRF:0
BRH:0
end_of_record
TN:
SF:src\features\customer\routes\customerLogin.routes.ts
FNF:0
FNH:0
DA:1,0
DA:2,0
DA:3,0
DA:4,0
DA:6,0
DA:8,0
DA:10,0
LF:7
LH:0
BRF:0
BRH:0
end_of_record
TN:
SF:src\features\customer\schemas\customer.schema.ts
FNF:0
FNH:0
DA:1,0
DA:2,0
DA:4,0
DA:11,0
DA:15,0
DA:18,0
DA:25,0
LF:7
LH:0
BRF:0
BRH:0
end_of_record
TN:
SF:src\features\customer\schemas\customerLogin.schema.ts
FNF:0
FNH:0
DA:1,0
DA:3,0
LF:2
LH:0
BRF:0
BRH:0
end_of_record
TN:
SF:src\features\customer\services\customer.service.ts
FN:13,listCustomers
FN:24,getCustomerById
FN:33,createCustomer
FN:39,updateCustomer
FN:49,deleteCustomer
FN:57,setCustomerStatus
FNF:6
FNH:0
FNDA:0,listCustomers
FNDA:0,getCustomerById
FNDA:0,createCustomer
FNDA:0,updateCustomer
FNDA:0,deleteCustomer
FNDA:0,setCustomerStatus
DA:1,0
DA:2,0
DA:4,0
DA:5,0
DA:6,0
DA:8,0
DA:14,0
DA:17,0
DA:25,0
DA:29,0
DA:30,0
DA:34,0
DA:35,0
DA:36,0
DA:40,0
DA:41,0
DA:42,0
DA:43,0
DA:45,0
DA:46,0
DA:50,0
DA:51,0
DA:58,0
DA:59,0
DA:60,0
DA:61,0
DA:64,0
LF:27
LH:0
BRDA:14,0,0,0
BRDA:14,0,1,0
BRDA:29,1,0,0
BRDA:29,1,1,0
BRDA:42,2,0,0
BRDA:42,2,1,0
BRDA:59,3,0,0
BRDA:59,3,1,0
BRF:8
BRH:0
end_of_record
TN:
SF:src\features\customer\services\customerLogin.service.ts
FN:19,login
FNF:1
FNH:1
FNDA:5,login
DA:1,1
DA:2,1
DA:3,1
DA:4,1
DA:5,1
DA:6,1
DA:20,5
DA:22,5
DA:24,4
DA:25,1
DA:28,3
DA:30,3
DA:31,2
DA:32,2
DA:35,1
DA:37,1
DA:43,1
DA:54,1
LF:18
LH:18
BRDA:22,0,0,1
BRDA:22,0,1,4
BRDA:24,1,0,1
BRDA:24,1,1,3
BRDA:30,2,0,2
BRDA:30,2,1,1
BRF:6
BRH:6
end_of_record
TN:
SF:src\features\dashboard\controllers\dashboard.controller.ts
FN:5,summary
FNF:1
FNH:0
FNDA:0,summary
DA:2,0
DA:6,0
DA:7,0
DA:8,0
DA:9,0
DA:11,0
DA:15,0
LF:7
LH:0
BRF:0
BRH:0
end_of_record
TN:
SF:src\features\dashboard\routes\dashboard.routes.ts
FNF:0
FNH:0
DA:1,0
DA:2,0
DA:3,0
DA:4,0
DA:5,0
DA:6,0
DA:10,0
DA:12,0
DA:14,0
DA:16,0
LF:10
LH:0
BRF:0
BRH:0
end_of_record
TN:
SF:src\features\dashboard\schemas\dashboard.schema.ts
FN:12,(anonymous_0)
FNF:1
FNH:0
FNDA:0,(anonymous_0)
DA:1,0
DA:7,0
DA:12,0
LF:3
LH:0
BRDA:12,0,0,0
BRDA:12,0,1,0
BRDA:12,0,2,0
BRF:3
BRH:0
end_of_record
TN:
SF:src\features\dashboard\services\dashboard.service.ts
FN:82,endOfDay
FN:88,dayKey
FN:93,weekKey
FN:102,buildOverview
FN:104,(anonymous_5)
FN:105,(anonymous_6)
FN:106,(anonymous_7)
FN:107,(anonymous_8)
FN:119,buildTrend
FN:126,(anonymous_10)
FN:143,(anonymous_11)
FN:144,(anonymous_12)
FN:155,groupProductsByRealId
FN:180,buildTopProducts
FN:182,(anonymous_15)
FN:189,buildTopProductsByRevenue
FN:191,(anonymous_17)
FN:195,buildTopCustomers
FN:218,(anonymous_19)
FN:225,buildTopIngredients
FN:245,(anonymous_21)
FN:249,getSummary
FNF:22
FNH:22
FNDA:4,endOfDay
FNDA:16,dayKey
FNDA:1,weekKey
FNDA:8,buildOverview
FNDA:16,(anonymous_5)
FNDA:16,(anonymous_6)
FNDA:16,(anonymous_7)
FNDA:16,(anonymous_8)
FNDA:8,buildTrend
FNDA:16,(anonymous_10)
FNDA:9,(anonymous_11)
FNDA:2,(anonymous_12)
FNDA:16,groupProductsByRealId
FNDA:8,buildTopProducts
FNDA:2,(anonymous_15)
FNDA:8,buildTopProductsByRevenue
FNDA:2,(anonymous_17)
FNDA:8,buildTopCustomers
FNDA:1,(anonymous_19)
FNDA:8,buildTopIngredients
FNDA:1,(anonymous_21)
FNDA:8,getSummary
DA:1,1
DA:2,1
DA:3,1
DA:4,1
DA:5,1
DA:7,1
DA:11,1
DA:12,1
DA:83,4
DA:84,4
DA:85,4
DA:89,16
DA:94,1
DA:95,1
DA:96,1
DA:97,1
DA:98,1
DA:99,1
DA:103,8
DA:104,16
DA:105,16
DA:106,16
DA:107,16
DA:109,8
DA:124,8
DA:126,16
DA:127,7
DA:128,7
DA:129,7
DA:130,7
DA:132,7
DA:133,7
DA:134,16
DA:135,16
DA:136,16
DA:137,16
DA:138,16
DA:139,16
DA:142,7
DA:143,9
DA:144,2
DA:146,7
DA:156,16
DA:158,16
DA:159,32
DA:160,32
DA:161,32
DA:169,32
DA:170,32
DA:171,32
DA:172,32
DA:173,32
DA:174,32
DA:177,16
DA:181,8
DA:182,2
DA:190,8
DA:191,2
DA:196,8
DA:198,8
DA:199,16
DA:200,16
DA:202,16
DA:211,16
DA:212,16
DA:213,16
DA:214,16
DA:217,8
DA:218,1
DA:226,8
DA:228,8
DA:229,16
DA:230,16
DA:231,3
DA:237,3
DA:238,3
DA:239,3
DA:240,3
DA:244,8
DA:245,1
DA:250,8
DA:251,8
DA:252,8
DA:254,8
DA:268,8
DA:270,8
DA:282,1
LF:87
LH:87
BRDA:96,0,0,0
BRDA:96,0,1,1
BRDA:115,1,0,7
BRDA:115,1,1,1
BRDA:124,2,0,1
BRDA:124,2,1,7
BRDA:127,3,0,2
BRDA:127,3,1,5
BRDA:128,4,0,2
BRDA:128,4,1,5
BRDA:130,5,0,1
BRDA:130,5,1,6
BRDA:135,6,0,1
BRDA:135,6,1,15
BRDA:136,7,0,16
BRDA:136,7,1,9
BRDA:159,8,0,32
BRDA:159,8,1,0
BRDA:160,9,0,32
BRDA:160,9,1,0
BRDA:161,10,0,32
BRDA:161,10,1,18
BRDA:200,11,0,0
BRDA:200,11,1,16
BRDA:202,12,0,16
BRDA:202,12,1,8
BRDA:205,13,0,8
BRDA:205,13,1,7
BRDA:230,14,0,16
BRDA:230,14,1,0
BRDA:231,15,0,3
BRDA:231,15,1,2
BRDA:251,16,0,2
BRDA:251,16,1,6
BRDA:252,17,0,2
BRDA:252,17,1,6
BRDA:255,18,0,0
BRDA:255,18,1,8
BRDA:271,19,0,8
BRDA:271,19,1,6
BRDA:271,20,0,8
BRDA:271,20,1,6
BRF:42
BRH:36
end_of_record
TN:
SF:src\features\destination\controllers\destination.controller.ts
FN:5,index
FN:15,show
FN:25,store
FN:37,update
FN:50,destroy
FNF:5
FNH:2
FNDA:1,index
FNDA:0,show
FNDA:1,store
FNDA:0,update
FNDA:0,destroy
DA:2,1
DA:6,1
DA:7,1
DA:8,1
DA:9,1
DA:11,0
DA:16,0
DA:17,0
DA:18,0
DA:19,0
DA:21,0
DA:26,1
DA:27,1
DA:28,1
DA:33,0
DA:38,0
DA:39,0
DA:40,0
DA:41,0
DA:46,0
DA:51,0
DA:52,0
DA:53,0
DA:54,0
DA:56,0
DA:60,1
LF:26
LH:9
BRF:0
BRH:0
end_of_record
TN:
SF:src\features\destination\models\Destination.model.ts
FNF:0
FNH:0
DA:1,0
DA:2,0
DA:7,0
DA:12,0
DA:18,0
DA:30,0
DA:33,0
LF:7
LH:0
BRF:0
BRH:0
end_of_record
TN:
SF:src\features\destination\routes\destination.routes.ts
FNF:0
FNH:0
DA:1,1
DA:2,1
DA:3,1
DA:4,1
DA:5,1
DA:6,1
DA:8,1
DA:10,1
DA:12,1
DA:13,1
DA:14,1
DA:15,1
DA:16,1
DA:18,1
LF:14
LH:14
BRF:0
BRH:0
end_of_record
TN:
SF:src\features\destination\schemas\destination.schema.ts
FNF:0
FNH:0
DA:1,1
DA:2,1
DA:6,1
DA:8,1
DA:14,1
DA:18,1
DA:20,1
LF:7
LH:7
BRF:0
BRH:0
end_of_record
TN:
SF:src\features\destination\services\destination.service.ts
FN:7,listDestinations
FN:16,getDestinationById
FN:22,createDestination
FN:26,updateDestination
FN:31,deleteDestination
FNF:5
FNH:0
FNDA:0,listDestinations
FNDA:0,getDestinationById
FNDA:0,createDestination
FNDA:0,updateDestination
FNDA:0,deleteDestination
DA:1,0
DA:2,0
DA:3,0
DA:5,0
DA:8,0
DA:13,0
DA:17,0
DA:18,0
DA:19,0
DA:23,0
DA:27,0
DA:28,0
DA:32,0
DA:33,0
DA:36,0
LF:15
LH:0
BRDA:10,0,0,0
BRDA:10,0,1,0
BRDA:11,1,0,0
BRDA:11,1,1,0
BRDA:18,2,0,0
BRDA:18,2,1,0
BRF:6
BRH:0
end_of_record
TN:
SF:src\features\ingredient\controllers\ingredient.controller.ts
FN:5,index
FN:15,show
FN:25,store
FN:37,update
FN:50,destroy
FNF:5
FNH:0
FNDA:0,index
FNDA:0,show
FNDA:0,store
FNDA:0,update
FNDA:0,destroy
DA:2,0
DA:6,0
DA:7,0
DA:8,0
DA:9,0
DA:11,0
DA:16,0
DA:17,0
DA:18,0
DA:19,0
DA:21,0
DA:26,0
DA:27,0
DA:28,0
DA:33,0
DA:38,0
DA:39,0
DA:40,0
DA:41,0
DA:46,0
DA:51,0
DA:52,0
DA:53,0
DA:54,0
DA:56,0
DA:60,0
LF:26
LH:0
BRF:0
BRH:0
end_of_record
TN:
SF:src\features\ingredient\models\Ingredient.model.ts
FN:56,(anonymous_3)
FN:63,(anonymous_4)
FN:66,(anonymous_5)
FN:70,(anonymous_6)
FNF:4
FNH:0
FNDA:0,(anonymous_3)
FNDA:0,(anonymous_4)
FNDA:0,(anonymous_5)
FNDA:0,(anonymous_6)
DA:1,2
DA:2,2
DA:3,2
DA:4,2
DA:5,2
DA:10,2
DA:15,2
DA:22,2
DA:28,2
DA:41,2
DA:48,2
DA:54,2
DA:56,0
DA:61,2
DA:63,0
DA:64,2
DA:66,0
DA:67,2
DA:70,0
DA:71,2
DA:74,2
LF:21
LH:17
BRF:0
BRH:0
end_of_record
TN:
SF:src\features\ingredient\models\IngredientTranslation.model.ts
FN:15,(anonymous_3)
FN:34,(anonymous_4)
FNF:2
FNH:0
FNDA:0,(anonymous_3)
FNDA:0,(anonymous_4)
DA:1,2
DA:2,2
DA:14,2
DA:15,0
DA:20,2
DA:26,2
DA:32,2
DA:34,0
DA:35,2
DA:38,2
LF:10
LH:8
BRF:0
BRH:0
end_of_record
TN:
SF:src\features\ingredient\routes\ingredient.routes.ts
FNF:0
FNH:0
DA:1,0
DA:2,0
DA:3,0
DA:4,0
DA:5,0
DA:6,0
DA:8,0
DA:10,0
DA:12,0
DA:13,0
DA:14,0
DA:15,0
DA:16,0
DA:18,0
LF:14
LH:0
BRF:0
BRH:0
end_of_record
TN:
SF:src\features\ingredient\schemas\ingredient.schema.ts
FNF:0
FNH:0
DA:1,0
DA:2,0
DA:6,0
DA:10,0
DA:23,0
DA:29,0
DA:34,0
LF:7
LH:0
BRF:0
BRH:0
end_of_record
TN:
SF:src\features\ingredient\services\ingredient.service.ts
FN:9,listIngredients
FN:18,getIngredientById
FN:29,syncEnglishTranslation
FN:38,createIngredient
FN:40,(anonymous_5)
FN:49,updateIngredient
FN:57,deleteIngredient
FNF:7
FNH:0
FNDA:0,listIngredients
FNDA:0,getIngredientById
FNDA:0,syncEnglishTranslation
FNDA:0,createIngredient
FNDA:0,(anonymous_5)
FNDA:0,updateIngredient
FNDA:0,deleteIngredient
DA:1,0
DA:2,0
DA:3,0
DA:4,0
DA:6,0
DA:7,0
DA:10,0
DA:11,0
DA:19,0
DA:23,0
DA:24,0
DA:30,0
DA:31,0
DA:35,0
DA:39,0
DA:40,0
DA:41,0
DA:42,0
DA:44,0
DA:45,0
DA:46,0
DA:50,0
DA:51,0
DA:52,0
DA:53,0
DA:54,0
DA:58,0
DA:59,0
DA:62,0
LF:29
LH:0
BRDA:10,0,0,0
BRDA:10,0,1,0
BRDA:23,1,0,0
BRDA:23,1,1,0
BRDA:30,2,0,0
BRDA:30,2,1,0
BRF:6
BRH:0
end_of_record
TN:
SF:src\features\packaging\controllers\packaging.controller.ts
FN:5,index
FN:15,show
FN:25,store
FN:37,update
FN:50,destroy
FNF:5
FNH:0
FNDA:0,index
FNDA:0,show
FNDA:0,store
FNDA:0,update
FNDA:0,destroy
DA:2,0
DA:6,0
DA:7,0
DA:8,0
DA:9,0
DA:11,0
DA:16,0
DA:17,0
DA:18,0
DA:19,0
DA:21,0
DA:26,0
DA:27,0
DA:28,0
DA:33,0
DA:38,0
DA:39,0
DA:40,0
DA:41,0
DA:46,0
DA:51,0
DA:52,0
DA:53,0
DA:54,0
DA:56,0
DA:60,0
LF:26
LH:0
BRF:0
BRH:0
end_of_record
TN:
SF:src\features\packaging\models\Packaging.model.ts
FN:35,(anonymous_3)
FN:38,(anonymous_4)
FNF:2
FNH:0
FNDA:0,(anonymous_3)
FNDA:0,(anonymous_4)
DA:1,2
DA:2,2
DA:3,2
DA:4,2
DA:9,2
DA:14,2
DA:21,2
DA:27,2
DA:33,2
DA:35,0
DA:36,2
DA:38,0
DA:39,2
DA:42,2
LF:14
LH:12
BRF:0
BRH:0
end_of_record
TN:
SF:src\features\packaging\routes\packaging.routes.ts
FNF:0
FNH:0
DA:1,0
DA:2,0
DA:3,0
DA:4,0
DA:5,0
DA:6,0
DA:8,0
DA:10,0
DA:12,0
DA:13,0
DA:14,0
DA:15,0
DA:16,0
DA:18,0
LF:14
LH:0
BRF:0
BRH:0
end_of_record
TN:
SF:src\features\packaging\schemas\packaging.schema.ts
FNF:0
FNH:0
DA:1,0
DA:2,0
DA:4,0
DA:6,0
DA:18,0
DA:24,0
DA:29,0
LF:7
LH:0
BRF:0
BRH:0
end_of_record
TN:
SF:src\features\packaging\services\packaging.service.ts
FN:7,listPackagings
FN:12,getPackagingById
FN:18,createPackaging
FN:22,updatePackaging
FN:27,deletePackaging
FNF:5
FNH:0
FNDA:0,listPackagings
FNDA:0,getPackagingById
FNDA:0,createPackaging
FNDA:0,updatePackaging
FNDA:0,deletePackaging
DA:1,0
DA:2,0
DA:3,0
DA:5,0
DA:8,0
DA:9,0
DA:13,0
DA:14,0
DA:15,0
DA:19,0
DA:23,0
DA:24,0
DA:28,0
DA:29,0
DA:32,0
LF:15
LH:0
BRDA:8,0,0,0
BRDA:8,0,1,0
BRDA:14,1,0,0
BRDA:14,1,1,0
BRF:4
BRH:0
end_of_record
TN:
SF:src\features\presentation\controllers\presentation.controller.ts
FN:5,index
FN:15,show
FN:25,store
FN:37,update
FN:50,destroy
FNF:5
FNH:0
FNDA:0,index
FNDA:0,show
FNDA:0,store
FNDA:0,update
FNDA:0,destroy
DA:2,0
DA:6,0
DA:7,0
DA:8,0
DA:9,0
DA:11,0
DA:16,0
DA:17,0
DA:18,0
DA:19,0
DA:21,0
DA:26,0
DA:27,0
DA:28,0
DA:33,0
DA:38,0
DA:39,0
DA:40,0
DA:41,0
DA:46,0
DA:51,0
DA:52,0
DA:53,0
DA:54,0
DA:56,0
DA:60,0
LF:26
LH:0
BRF:0
BRH:0
end_of_record
TN:
SF:src\features\presentation\models\Presentation.model.ts
FN:22,(anonymous_3)
FN:29,(anonymous_4)
FN:32,(anonymous_5)
FNF:3
FNH:0
FNDA:0,(anonymous_3)
FNDA:0,(anonymous_4)
FNDA:0,(anonymous_5)
DA:1,2
DA:2,2
DA:3,2
DA:4,2
DA:9,2
DA:14,2
DA:20,2
DA:22,0
DA:27,2
DA:29,0
DA:30,2
DA:32,0
DA:33,2
DA:36,2
LF:14
LH:11
BRF:0
BRH:0
end_of_record
TN:
SF:src\features\presentation\routes\presentation.routes.ts
FNF:0
FNH:0
DA:1,0
DA:2,0
DA:3,0
DA:4,0
DA:5,0
DA:6,0
DA:8,0
DA:10,0
DA:12,0
DA:13,0
DA:14,0
DA:15,0
DA:16,0
DA:18,0
LF:14
LH:0
BRF:0
BRH:0
end_of_record
TN:
SF:src\features\presentation\schemas\presentation.schema.ts
FNF:0
FNH:0
DA:1,0
DA:2,0
DA:4,0
DA:14,0
DA:20,0
DA:24,0
LF:6
LH:0
BRF:0
BRH:0
end_of_record
TN:
SF:src\features\presentation\services\presentation.service.ts
FN:7,listPresentations
FN:12,getPresentationById
FN:18,createPresentation
FN:22,updatePresentation
FN:27,deletePresentation
FNF:5
FNH:0
FNDA:0,listPresentations
FNDA:0,getPresentationById
FNDA:0,createPresentation
FNDA:0,updatePresentation
FNDA:0,deletePresentation
DA:1,0
DA:2,0
DA:3,0
DA:5,0
DA:8,0
DA:9,0
DA:13,0
DA:14,0
DA:15,0
DA:19,0
DA:23,0
DA:24,0
DA:28,0
DA:29,0
DA:32,0
LF:15
LH:0
BRDA:8,0,0,0
BRDA:8,0,1,0
BRDA:14,1,0,0
BRDA:14,1,1,0
BRF:4
BRH:0
end_of_record
TN:
SF:src\features\product-type\controllers\ProductType.controller.ts
FN:5,index
FN:15,show
FN:25,store
FN:39,update
FN:52,destroy
FNF:5
FNH:0
FNDA:0,index
FNDA:0,show
FNDA:0,store
FNDA:0,update
FNDA:0,destroy
DA:2,0
DA:6,0
DA:7,0
DA:8,0
DA:9,0
DA:11,0
DA:16,0
DA:17,0
DA:18,0
DA:19,0
DA:21,0
DA:26,0
DA:27,0
DA:28,0
DA:35,0
DA:40,0
DA:41,0
DA:42,0
DA:43,0
DA:48,0
DA:53,0
DA:54,0
DA:55,0
DA:56,0
DA:58,0
DA:62,0
LF:26
LH:0
BRF:0
BRH:0
end_of_record
TN:
SF:src\features\product-type\models\ProductType.model.ts
FN:22,(anonymous_3)
FNF:1
FNH:0
FNDA:0,(anonymous_3)
DA:1,2
DA:2,2
DA:3,2
DA:8,2
DA:14,2
DA:20,2
DA:22,0
DA:23,2
DA:26,2
LF:9
LH:8
BRF:0
BRH:0
end_of_record
TN:
SF:src\features\product-type\routes\productType.routes.ts
FNF:0
FNH:0
DA:1,0
DA:2,0
DA:3,0
DA:4,0
DA:5,0
DA:6,0
DA:8,0
DA:10,0
DA:12,0
DA:13,0
DA:14,0
DA:15,0
DA:16,0
DA:18,0
LF:14
LH:0
BRF:0
BRH:0
end_of_record
TN:
SF:src\features\product-type\schemas\productType.schema.ts
FNF:0
FNH:0
DA:1,0
DA:2,0
DA:4,0
DA:9,0
DA:13,0
DA:16,0
LF:6
LH:0
BRF:0
BRH:0
end_of_record
TN:
SF:src\features\product-type\services\productType.service.ts
FN:8,listProductTypes
FN:13,getProductTypeById
FN:19,createProductType
FN:23,updateProductType
FN:28,deleteProductType
FNF:5
FNH:0
FNDA:0,listProductTypes
FNDA:0,getProductTypeById
FNDA:0,createProductType
FNDA:0,updateProductType
FNDA:0,deleteProductType
DA:1,0
DA:2,0
DA:3,0
DA:5,0
DA:9,0
DA:10,0
DA:14,0
DA:15,0
DA:16,0
DA:20,0
DA:24,0
DA:25,0
DA:29,0
DA:30,0
DA:33,0
LF:15
LH:0
BRDA:9,0,0,0
BRDA:9,0,1,0
BRDA:15,1,0,0
BRDA:15,1,1,0
BRF:4
BRH:0
end_of_record
TN:
SF:src\features\product\controllers\Product.controller.ts
FN:6,index
FN:16,show
FN:26,store
FN:39,update
FN:53,destroy
FN:64,updateStatus
FNF:6
FNH:0
FNDA:0,index
FNDA:0,show
FNDA:0,store
FNDA:0,update
FNDA:0,destroy
FNDA:0,updateStatus
DA:2,0
DA:7,0
DA:8,0
DA:9,0
DA:10,0
DA:12,0
DA:17,0
DA:18,0
DA:19,0
DA:20,0
DA:22,0
DA:27,0
DA:28,0
DA:29,0
DA:35,0
DA:40,0
DA:41,0
DA:42,0
DA:43,0
DA:49,0
DA:54,0
DA:55,0
DA:56,0
DA:57,0
DA:60,0
DA:65,0
DA:66,0
DA:67,0
DA:68,0
DA:69,0
DA:74,0
DA:79,0
LF:32
LH:0
BRDA:70,0,0,0
BRDA:70,0,1,0
BRF:2
BRH:0
end_of_record
TN:
SF:src\features\product\controllers\productIngredient.controller.ts
FN:4,index
FN:13,show
FN:23,store
FN:35,update
FN:48,destroy
FNF:5
FNH:0
FNDA:0,index
FNDA:0,show
FNDA:0,store
FNDA:0,update
FNDA:0,destroy
DA:2,0
DA:5,0
DA:6,0
DA:7,0
DA:9,0
DA:14,0
DA:15,0
DA:16,0
DA:17,0
DA:19,0
DA:24,0
DA:25,0
DA:26,0
DA:31,0
DA:36,0
DA:37,0
DA:38,0
DA:39,0
DA:44,0
DA:49,0
DA:50,0
DA:51,0
DA:52,0
DA:54,0
DA:58,0
LF:25
LH:0
BRF:0
BRH:0
end_of_record
TN:
SF:src\features\product\controllers\productVariant.controller.ts
FN:4,index
FN:13,show
FN:23,store
FN:35,update
FN:48,destroy
FNF:5
FNH:0
FNDA:0,index
FNDA:0,show
FNDA:0,store
FNDA:0,update
FNDA:0,destroy
DA:2,0
DA:5,0
DA:6,0
DA:7,0
DA:9,0
DA:14,0
DA:15,0
DA:16,0
DA:17,0
DA:19,0
DA:24,0
DA:25,0
DA:26,0
DA:31,0
DA:36,0
DA:37,0
DA:38,0
DA:39,0
DA:44,0
DA:49,0
DA:50,0
DA:51,0
DA:52,0
DA:54,0
DA:58,0
LF:25
LH:0
BRF:0
BRH:0
end_of_record
TN:
SF:src\features\product\controllers\productVariantPalletMaterial.controller.ts
FN:4,index
FN:13,show
FN:25,store
FN:37,update
FN:53,destroy
FNF:5
FNH:0
FNDA:0,index
FNDA:0,show
FNDA:0,store
FNDA:0,update
FNDA:0,destroy
DA:2,0
DA:5,0
DA:6,0
DA:7,0
DA:9,0
DA:14,0
DA:15,0
DA:16,0
DA:19,0
DA:21,0
DA:26,0
DA:27,0
DA:28,0
DA:33,0
DA:38,0
DA:39,0
DA:40,0
DA:44,0
DA:49,0
DA:54,0
DA:55,0
DA:56,0
DA:57,0
DA:59,0
DA:63,0
LF:25
LH:0
BRF:0
BRH:0
end_of_record
TN:
SF:src\features\product\models\Product.model.ts
FN:13,(anonymous_3)
FN:20,(anonymous_4)
FN:66,(anonymous_5)
FN:69,(anonymous_6)
FN:72,(anonymous_7)
FN:75,(anonymous_8)
FN:79,(anonymous_9)
FNF:7
FNH:0
FNDA:0,(anonymous_3)
FNDA:0,(anonymous_4)
FNDA:0,(anonymous_5)
FNDA:0,(anonymous_6)
FNDA:0,(anonymous_7)
FNDA:0,(anonymous_8)
FNDA:0,(anonymous_9)
DA:1,2
DA:2,2
DA:3,2
DA:4,2
DA:5,2
DA:6,2
DA:7,2
DA:12,2
DA:13,0
DA:18,2
DA:20,0
DA:25,2
DA:31,2
DA:38,2
DA:45,2
DA:55,2
DA:64,2
DA:66,0
DA:67,2
DA:69,0
DA:70,2
DA:72,0
DA:73,2
DA:75,0
DA:76,2
DA:79,0
DA:80,2
DA:83,2
LF:28
LH:21
BRF:0
BRH:0
end_of_record
TN:
SF:src\features\product\models\ProductIngredient.model.ts
FN:17,(anonymous_3)
FN:24,(anonymous_4)
FN:37,(anonymous_5)
FN:66,(anonymous_6)
FN:69,(anonymous_7)
FN:72,(anonymous_8)
FNF:6
FNH:0
FNDA:0,(anonymous_3)
FNDA:0,(anonymous_4)
FNDA:0,(anonymous_5)
FNDA:0,(anonymous_6)
FNDA:0,(anonymous_7)
FNDA:0,(anonymous_8)
DA:1,2
DA:2,2
DA:3,2
DA:4,2
DA:5,2
DA:16,2
DA:17,0
DA:22,2
DA:24,0
DA:29,2
DA:35,2
DA:37,0
DA:42,2
DA:51,2
DA:57,2
DA:64,2
DA:66,0
DA:67,2
DA:69,0
DA:70,2
DA:72,0
DA:73,2
DA:76,2
LF:23
LH:17
BRF:0
BRH:0
end_of_record
TN:
SF:src\features\product\models\ProductTranslation.model.ts
FN:16,(anonymous_3)
FN:35,(anonymous_4)
FNF:2
FNH:0
FNDA:0,(anonymous_3)
FNDA:0,(anonymous_4)
DA:1,2
DA:2,2
DA:15,2
DA:16,0
DA:21,2
DA:27,2
DA:33,2
DA:35,0
DA:36,2
DA:39,2
LF:10
LH:8
BRF:0
BRH:0
end_of_record
TN:
SF:src\features\product\models\ProductVariant.model.ts
FN:12,(anonymous_3)
FN:19,(anonymous_4)
FN:26,(anonymous_5)
FN:56,(anonymous_6)
FN:59,(anonymous_7)
FN:62,(anonymous_8)
FN:65,(anonymous_9)
FNF:7
FNH:0
FNDA:0,(anonymous_3)
FNDA:0,(anonymous_4)
FNDA:0,(anonymous_5)
FNDA:0,(anonymous_6)
FNDA:0,(anonymous_7)
FNDA:0,(anonymous_8)
FNDA:0,(anonymous_9)
DA:1,1
DA:2,1
DA:3,1
DA:4,1
DA:5,1
DA:6,1
DA:11,1
DA:12,0
DA:17,1
DA:19,0
DA:24,1
DA:26,0
DA:31,1
DA:38,1
DA:44,1
DA:54,1
DA:56,0
DA:57,1
DA:59,0
DA:60,1
DA:62,0
DA:63,1
DA:65,0
DA:66,1
DA:69,1
LF:25
LH:18
BRF:0
BRH:0
end_of_record
TN:
SF:src\features\product\models\ProductVariantPalletMaterial.model.ts
FN:17,(anonymous_3)
FN:24,(anonymous_4)
FN:37,(anonymous_5)
FN:40,(anonymous_6)
FNF:4
FNH:0
FNDA:0,(anonymous_3)
FNDA:0,(anonymous_4)
FNDA:0,(anonymous_5)
FNDA:0,(anonymous_6)
DA:1,2
DA:2,2
DA:3,2
DA:4,2
DA:16,2
DA:17,0
DA:22,2
DA:24,0
DA:29,2
DA:35,2
DA:37,0
DA:38,2
DA:40,0
DA:41,2
DA:44,2
LF:15
LH:11
BRF:0
BRH:0
end_of_record
TN:
SF:src\features\product\routes\product.routes.ts
FNF:0
FNH:0
DA:1,0
DA:2,0
DA:3,0
DA:4,0
DA:5,0
DA:6,0
DA:8,0
DA:10,0
DA:12,0
DA:13,0
DA:14,0
DA:15,0
DA:16,0
DA:17,0
DA:19,0
LF:15
LH:0
BRF:0
BRH:0
end_of_record
TN:
SF:src\features\product\routes\productIngredient.routes.ts
FNF:0
FNH:0
DA:1,0
DA:2,0
DA:3,0
DA:4,0
DA:5,0
DA:6,0
DA:8,0
DA:10,0
DA:12,0
DA:13,0
DA:14,0
DA:15,0
DA:16,0
DA:18,0
LF:14
LH:0
BRF:0
BRH:0
end_of_record
TN:
SF:src\features\product\routes\productVariant.routes.ts
FNF:0
FNH:0
DA:1,0
DA:2,0
DA:3,0
DA:4,0
DA:5,0
DA:6,0
DA:8,0
DA:10,0
DA:12,0
DA:13,0
DA:14,0
DA:15,0
DA:16,0
DA:18,0
LF:14
LH:0
BRF:0
BRH:0
end_of_record
TN:
SF:src\features\product\routes\productVariantPalletMaterial.routes.ts
FNF:0
FNH:0
DA:1,0
DA:2,0
DA:3,0
DA:4,0
DA:5,0
DA:6,0
DA:12,0
DA:14,0
DA:16,0
DA:17,0
DA:23,0
DA:29,0
DA:36,0
DA:43,0
LF:14
LH:0
BRF:0
BRH:0
end_of_record
TN:
SF:src\features\product\schemas\product.schema.ts
FNF:0
FNH:0
DA:1,0
DA:2,0
DA:8,0
DA:12,0
DA:16,0
DA:27,0
DA:29,0
DA:36,0
DA:40,0
LF:9
LH:0
BRF:0
BRH:0
end_of_record
TN:
SF:src\features\product\schemas\productIngredient.schema.ts
FN:15,(anonymous_1)
FNF:1
FNH:0
FNDA:0,(anonymous_1)
DA:1,0
DA:3,0
DA:15,0
DA:16,0
DA:18,0
DA:23,0
DA:27,0
LF:7
LH:0
BRDA:16,0,0,0
BRDA:16,0,1,0
BRDA:16,0,2,0
BRF:3
BRH:0
end_of_record
TN:
SF:src\features\product\schemas\productVariant.schema.ts
FNF:0
FNH:0
DA:1,0
DA:3,0
DA:12,0
DA:16,0
LF:4
LH:0
BRF:0
BRH:0
end_of_record
TN:
SF:src\features\product\schemas\productVariantPalletMaterial.schema.ts
FNF:0
FNH:0
DA:1,0
DA:3,0
DA:13,0
DA:19,0
LF:4
LH:0
BRF:0
BRH:0
end_of_record
TN:
SF:src\features\product\services\product.service.ts
FN:12,findActiveProduct
FN:24,listProducts
FN:33,getProductById
FN:39,syncEnglishTranslation
FN:48,createProduct
FN:50,(anonymous_6)
FN:60,updateProduct
FN:69,deleteProduct
FN:77,setProductStatus
FNF:9
FNH:0
FNDA:0,findActiveProduct
FNDA:0,listProducts
FNDA:0,getProductById
FNDA:0,syncEnglishTranslation
FNDA:0,createProduct
FNDA:0,(anonymous_6)
FNDA:0,updateProduct
FNDA:0,deleteProduct
FNDA:0,setProductStatus
DA:1,0
DA:2,0
DA:3,0
DA:4,0
DA:6,0
DA:7,0
DA:8,0
DA:10,0
DA:13,0
DA:17,0
DA:18,0
DA:25,0
DA:26,0
DA:34,0
DA:40,0
DA:41,0
DA:45,0
DA:49,0
DA:50,0
DA:51,0
DA:52,0
DA:54,0
DA:55,0
DA:56,0
DA:57,0
DA:61,0
DA:62,0
DA:63,0
DA:64,0
DA:65,0
DA:66,0
DA:70,0
DA:71,0
DA:78,0
DA:82,0
DA:83,0
DA:84,0
DA:87,0
LF:38
LH:0
BRDA:17,0,0,0
BRDA:17,0,1,0
BRDA:25,1,0,0
BRDA:25,1,1,0
BRDA:40,2,0,0
BRDA:40,2,1,0
BRDA:55,3,0,0
BRDA:55,3,1,0
BRDA:64,4,0,0
BRDA:64,4,1,0
BRDA:82,5,0,0
BRDA:82,5,1,0
BRF:12
BRH:0
end_of_record
TN:
SF:src\features\product\services\productIngredient.service.ts
FN:7,listProductIngredients
FN:11,getProductIngredientById
FN:20,assertIngredientIsMixableIfNeeded
FN:34,assertQuantityValueIfFixedRecipe
FN:43,createProductIngredient
FN:49,updateProductIngredient
FN:60,deleteProductIngredient
FNF:7
FNH:5
FNDA:0,listProductIngredients
FNDA:2,getProductIngredientById
FNDA:7,assertIngredientIsMixableIfNeeded
FNDA:8,assertQuantityValueIfFixedRecipe
FNDA:7,createProductIngredient
FNDA:2,updateProductIngredient
FNDA:0,deleteProductIngredient
DA:1,1
DA:2,1
DA:3,1
DA:4,1
DA:8,0
DA:12,2
DA:13,2
DA:14,2
DA:21,7
DA:22,7
DA:24,3
DA:25,3
DA:26,1
DA:35,8
DA:36,8
DA:38,6
DA:39,4
DA:44,7
DA:45,6
DA:46,3
DA:50,2
DA:51,2
DA:52,2
DA:53,0
DA:55,2
DA:56,2
DA:57,1
DA:61,0
DA:62,0
DA:65,1
LF:30
LH:26
BRDA:13,0,0,0
BRDA:13,0,1,2
BRDA:22,1,0,4
BRDA:22,1,1,3
BRDA:25,2,0,1
BRDA:25,2,1,2
BRDA:36,3,0,2
BRDA:36,3,1,6
BRDA:38,4,0,4
BRDA:38,4,1,2
BRDA:38,5,0,6
BRDA:38,5,1,4
BRDA:38,5,2,4
BRDA:51,6,0,2
BRDA:51,6,1,1
BRDA:52,7,0,0
BRDA:52,7,1,2
BRDA:55,8,0,1
BRDA:55,8,1,1
BRF:19
BRH:17
end_of_record
TN:
SF:src\features\product\services\productVariant.service.ts
FN:5,listProductVariants
FN:9,getProductVariantById
FN:15,createProductVariant
FN:19,updateProductVariant
FN:24,deleteProductVariant
FNF:5
FNH:0
FNDA:0,listProductVariants
FNDA:0,getProductVariantById
FNDA:0,createProductVariant
FNDA:0,updateProductVariant
FNDA:0,deleteProductVariant
DA:1,0
DA:2,0
DA:6,0
DA:10,0
DA:11,0
DA:12,0
DA:16,0
DA:20,0
DA:21,0
DA:25,0
DA:26,0
DA:29,0
LF:12
LH:0
BRDA:11,0,0,0
BRDA:11,0,1,0
BRF:2
BRH:0
end_of_record
TN:
SF:src\features\product\services\productVariantPalletMaterial.service.ts
FN:8,listProductVariantPalletMaterials
FN:12,getProductVariantPalletMaterialById
FN:18,createProductVariantPalletMaterial
FN:24,updateProductVariantPalletMaterial
FN:32,deleteProductVariantPalletMaterial
FNF:5
FNH:0
FNDA:0,listProductVariantPalletMaterials
FNDA:0,getProductVariantPalletMaterialById
FNDA:0,createProductVariantPalletMaterial
FNDA:0,updateProductVariantPalletMaterial
FNDA:0,deleteProductVariantPalletMaterial
DA:1,0
DA:2,0
DA:9,0
DA:13,0
DA:14,0
DA:15,0
DA:21,0
DA:28,0
DA:29,0
DA:33,0
DA:34,0
DA:37,0
LF:12
LH:0
BRDA:14,0,0,0
BRDA:14,0,1,0
BRF:2
BRH:0
end_of_record
TN:
SF:src\features\quote\controllers\quote.controller.ts
FN:14,save
FN:27,products
FN:36,destinations
FN:46,indexAll
FNF:4
FNH:2
FNDA:3,save
FNDA:1,products
FNDA:0,destinations
FNDA:0,indexAll
DA:2,1
DA:3,1
DA:4,1
DA:15,3
DA:16,3
DA:17,3
DA:18,1
DA:23,2
DA:28,1
DA:29,1
DA:30,1
DA:32,0
DA:37,0
DA:38,0
DA:39,0
DA:41,0
DA:47,0
DA:48,0
DA:49,0
DA:51,0
DA:55,1
LF:21
LH:12
BRDA:16,0,0,0
BRDA:16,0,1,3
BRF:2
BRH:1
end_of_record
TN:
SF:src\features\quote\models\Quote.model.ts
FN:18,(anonymous_3)
FN:25,(anonymous_4)
FN:32,(anonymous_5)
FN:102,(anonymous_6)
FN:105,(anonymous_7)
FN:108,(anonymous_8)
FNF:6
FNH:0
FNDA:0,(anonymous_3)
FNDA:0,(anonymous_4)
FNDA:0,(anonymous_5)
FNDA:0,(anonymous_6)
FNDA:0,(anonymous_7)
FNDA:0,(anonymous_8)
DA:1,0
DA:2,0
DA:3,0
DA:4,0
DA:17,0
DA:18,0
DA:23,0
DA:25,0
DA:30,0
DA:32,0
DA:37,0
DA:43,0
DA:49,0
DA:55,0
DA:61,0
DA:67,0
DA:73,0
DA:79,0
DA:85,0
DA:91,0
DA:100,0
DA:102,0
DA:103,0
DA:105,0
DA:106,0
DA:108,0
DA:109,0
DA:112,0
LF:28
LH:0
BRF:0
BRH:0
end_of_record
TN:
SF:src\features\quote\routes\adminQuote.routes.ts
FNF:0
FNH:0
DA:1,0
DA:2,0
DA:3,0
DA:4,0
DA:11,0
DA:13,0
DA:15,0
DA:17,0
LF:8
LH:0
BRF:0
BRH:0
end_of_record
TN:
SF:src\features\quote\routes\quote.routes.ts
FNF:0
FNH:0
DA:1,1
DA:2,1
DA:3,1
DA:4,1
DA:5,1
DA:7,1
DA:9,1
DA:11,1
DA:12,1
DA:16,1
DA:18,1
LF:11
LH:11
BRF:0
BRH:0
end_of_record
TN:
SF:src\features\quote\schemas\quote.schema.ts
FNF:0
FNH:0
DA:1,1
DA:5,1
DA:14,1
LF:3
LH:3
BRF:0
BRH:0
end_of_record
TN:
SF:src\features\quote\services\quote.service.ts
FN:89,buildCustomizableRawMaterials
FN:103,(anonymous_2)
FN:109,(anonymous_3)
FN:181,calculateQuote
FN:237,(anonymous_5)
FN:253,(anonymous_6)
FN:267,(anonymous_7)
FN:280,(anonymous_8)
FN:361,listQuotableProducts
FN:401,(anonymous_10)
FN:417,(anonymous_11)
FN:429,(anonymous_12)
FN:440,listQuoteDestinations
FN:448,saveQuote
FN:477,listAllQuotes
FNF:15
FNH:9
FNDA:12,buildCustomizableRawMaterials
FNDA:18,(anonymous_2)
FNDA:17,(anonymous_3)
FNDA:20,calculateQuote
FNDA:3,(anonymous_5)
FNDA:10,(anonymous_6)
FNDA:8,(anonymous_7)
FNDA:8,(anonymous_8)
FNDA:0,listQuotableProducts
FNDA:0,(anonymous_10)
FNDA:0,(anonymous_11)
FNDA:0,(anonymous_12)
FNDA:0,listQuoteDestinations
FNDA:1,saveQuote
FNDA:0,listAllQuotes
DA:1,1
DA:2,1
DA:3,1
DA:4,1
DA:5,1
DA:6,1
DA:7,1
DA:8,1
DA:9,1
DA:10,1
DA:11,1
DA:12,1
DA:13,1
DA:14,1
DA:15,1
DA:16,1
DA:17,1
DA:18,1
DA:19,1
DA:21,1
DA:22,1
DA:23,1
DA:85,1
DA:96,12
DA:97,1
DA:99,11
DA:100,1
DA:103,18
DA:104,10
DA:105,10
DA:106,10
DA:108,10
DA:109,10
DA:110,17
DA:111,1
DA:113,16
DA:115,16
DA:116,16
DA:117,1
DA:120,15
DA:121,15
DA:122,15
DA:123,1
DA:130,14
DA:131,14
DA:133,14
DA:134,14
DA:140,14
DA:141,1
DA:147,13
DA:148,1
DA:157,12
DA:158,12
DA:159,12
DA:160,12
DA:162,12
DA:174,5
DA:175,2
DA:178,3
DA:182,20
DA:217,20
DA:219,19
DA:220,2
DA:223,17
DA:224,17
DA:226,16
DA:227,16
DA:229,16
DA:238,3
DA:239,3
DA:240,3
DA:241,3
DA:253,10
DA:255,7
DA:256,7
DA:265,7
DA:267,7
DA:268,8
DA:269,8
DA:270,8
DA:271,8
DA:280,8
DA:282,7
DA:283,7
DA:293,7
DA:295,7
DA:297,7
DA:362,0
DA:401,0
DA:402,0
DA:403,0
DA:404,0
DA:417,0
DA:429,0
DA:441,0
DA:449,1
DA:451,1
DA:467,1
DA:478,0
DA:484,1
LF:100
LH:91
BRDA:96,0,0,1
BRDA:96,0,1,11
BRDA:96,1,0,12
BRDA:96,1,1,11
BRDA:99,2,0,1
BRDA:99,2,1,10
BRDA:99,3,0,11
BRDA:99,3,1,10
BRDA:110,4,0,1
BRDA:110,4,1,16
BRDA:116,5,0,1
BRDA:116,5,1,15
BRDA:120,6,0,1
BRDA:120,6,1,14
BRDA:120,7,0,15
BRDA:120,7,1,1
BRDA:121,8,0,1
BRDA:121,8,1,14
BRDA:121,9,0,15
BRDA:121,9,1,1
BRDA:122,10,0,1
BRDA:122,10,1,14
BRDA:122,11,0,15
BRDA:122,11,1,15
BRDA:134,12,0,14
BRDA:134,12,1,0
BRDA:140,13,0,1
BRDA:140,13,1,13
BRDA:147,14,0,1
BRDA:147,14,1,12
BRDA:164,15,0,12
BRDA:164,15,1,0
BRDA:174,16,0,2
BRDA:174,16,1,3
BRDA:181,17,0,19
BRDA:217,18,0,1
BRDA:217,18,1,19
BRDA:219,19,0,2
BRDA:219,19,1,17
BRDA:219,20,0,19
BRDA:219,20,1,17
BRDA:224,21,0,1
BRDA:224,21,1,16
BRDA:229,22,0,12
BRDA:229,22,1,4
BRDA:231,23,0,12
BRDA:231,23,1,0
BRDA:233,24,0,12
BRDA:233,24,1,1
BRDA:237,25,0,4
BRDA:237,25,1,0
BRDA:238,26,0,3
BRDA:238,26,1,0
BRDA:239,27,0,3
BRDA:239,27,1,0
BRDA:243,28,0,3
BRDA:243,28,1,0
BRDA:255,29,0,7
BRDA:255,29,1,2
BRDA:256,30,0,5
BRDA:256,30,1,2
BRDA:265,31,0,7
BRDA:265,31,1,2
BRDA:267,32,0,7
BRDA:267,32,1,0
BRDA:268,33,0,8
BRDA:268,33,1,0
BRDA:269,34,0,8
BRDA:269,34,1,0
BRDA:273,35,0,8
BRDA:273,35,1,0
BRDA:300,36,0,7
BRDA:300,36,1,1
BRDA:301,37,0,6
BRDA:301,37,1,1
BRDA:361,38,0,0
BRDA:409,39,0,0
BRDA:409,39,1,0
BRDA:410,40,0,0
BRDA:410,40,1,0
BRDA:411,41,0,0
BRDA:411,41,1,0
BRDA:412,42,0,0
BRDA:412,42,1,0
BRDA:413,43,0,0
BRDA:413,43,1,0
BRDA:416,44,0,0
BRDA:416,44,1,0
BRDA:417,45,0,0
BRDA:417,45,1,0
BRDA:419,46,0,0
BRDA:419,46,1,0
BRDA:420,47,0,0
BRDA:420,47,1,0
BRDA:421,48,0,0
BRDA:421,48,1,0
BRDA:421,49,0,0
BRDA:421,49,1,0
BRDA:424,50,0,0
BRDA:424,50,1,0
BRDA:424,51,0,0
BRDA:424,51,1,0
BRDA:429,52,0,0
BRDA:429,52,1,0
BRDA:431,53,0,0
BRDA:431,53,1,0
BRDA:433,54,0,0
BRDA:433,54,1,0
BRDA:434,55,0,0
BRDA:434,55,1,0
BRDA:448,56,0,1
BRF:111
BRH:65
end_of_record
TN:
SF:src\features\unit\constants\unitCatalog.ts
FN:42,(anonymous_0)
FN:44,getUnitCatalogEntry
FN:45,(anonymous_2)
FNF:3
FNH:0
FNDA:0,(anonymous_0)
FNDA:0,getUnitCatalogEntry
FNDA:0,(anonymous_2)
DA:29,0
DA:42,0
DA:44,0
DA:45,0
LF:4
LH:0
BRF:0
BRH:0
end_of_record
TN:
SF:src\features\unit\controllers\unit.controller.ts
FN:6,index
FN:16,show
FN:26,store
FN:39,update
FN:52,destroy
FNF:5
FNH:0
FNDA:0,index
FNDA:0,show
FNDA:0,store
FNDA:0,update
FNDA:0,destroy
DA:1,0
DA:7,0
DA:8,0
DA:9,0
DA:10,0
DA:12,0
DA:17,0
DA:18,0
DA:19,0
DA:20,0
DA:22,0
DA:27,0
DA:28,0
DA:29,0
DA:35,0
DA:40,0
DA:41,0
DA:42,0
DA:43,0
DA:48,0
DA:53,0
DA:54,0
DA:55,0
DA:56,0
DA:58,0
DA:62,0
LF:26
LH:0
BRF:0
BRH:0
end_of_record
TN:
SF:src\features\unit\models\Unit.model.ts
FN:35,(anonymous_3)
FN:38,(anonymous_4)
FNF:2
FNH:0
FNDA:0,(anonymous_3)
FNDA:0,(anonymous_4)
DA:1,2
DA:2,2
DA:3,2
DA:4,2
DA:9,2
DA:15,2
DA:21,2
DA:27,2
DA:33,2
DA:35,0
DA:36,2
DA:38,0
DA:39,2
DA:42,2
LF:14
LH:12
BRF:0
BRH:0
end_of_record
TN:
SF:src\features\unit\routes\unit.routes.ts
FNF:0
FNH:0
DA:1,0
DA:2,0
DA:3,0
DA:4,0
DA:5,0
DA:6,0
DA:8,0
DA:10,0
DA:12,0
DA:13,0
DA:14,0
DA:15,0
DA:16,0
DA:18,0
LF:14
LH:0
BRF:0
BRH:0
end_of_record
TN:
SF:src\features\unit\schemas\unit.schema.ts
FNF:0
FNH:0
DA:1,0
DA:2,0
DA:3,0
DA:8,0
DA:12,0
DA:18,0
DA:20,0
LF:7
LH:0
BRF:0
BRH:0
end_of_record
TN:
SF:src\features\unit\services\unit.service.ts
FN:9,listUnits
FN:14,getUnitById
FN:22,resolveCatalogEntry
FN:28,createUnit
FN:30,(anonymous_5)
FN:42,updateUnit
FN:51,deleteUnit
FNF:7
FNH:0
FNDA:0,listUnits
FNDA:0,getUnitById
FNDA:0,resolveCatalogEntry
FNDA:0,createUnit
FNDA:0,(anonymous_5)
FNDA:0,updateUnit
FNDA:0,deleteUnit
DA:1,0
DA:2,0
DA:3,0
DA:5,0
DA:6,0
DA:7,0
DA:10,0
DA:11,0
DA:15,0
DA:16,0
DA:17,0
DA:23,0
DA:24,0
DA:25,0
DA:29,0
DA:30,0
DA:31,0
DA:32,0
DA:34,0
DA:43,0
DA:44,0
DA:45,0
DA:52,0
DA:53,0
DA:56,0
LF:25
LH:0
BRDA:10,0,0,0
BRDA:10,0,1,0
BRDA:16,1,0,0
BRDA:16,1,1,0
BRDA:24,2,0,0
BRDA:24,2,1,0
BRF:6
BRH:0
end_of_record
TN:
SF:src\routes\index.ts
FNF:0
FNH:0
DA:1,0
DA:2,0
DA:3,0
DA:4,0
DA:5,0
DA:6,0
DA:7,0
DA:8,0
DA:9,0
DA:10,0
DA:11,0
DA:12,0
DA:13,0
DA:14,0
DA:15,0
DA:16,0
DA:17,0
DA:18,0
DA:19,0
DA:20,0
DA:21,0
DA:22,0
DA:23,0
DA:25,0
DA:27,0
DA:28,0
DA:29,0
DA:30,0
DA:31,0
DA:32,0
DA:33,0
DA:34,0
DA:35,0
DA:36,0
DA:38,0
DA:39,0
DA:40,0
DA:41,0
DA:42,0
DA:43,0
DA:44,0
DA:45,0
DA:46,0
DA:47,0
DA:48,0
DA:49,0
DA:51,0
LF:47
LH:0
BRF:0
BRH:0
end_of_record
TN:
SF:src\shared\base-model\BaseCatalogModel.ts
FNF:0
FNH:0
DA:1,3
DA:9,3
DA:12,3
LF:3
LH:3
BRF:0
BRH:0
end_of_record
TN:
SF:src\shared\errors\AppError.ts
FN:2,(anonymous_0)
FN:13,(anonymous_1)
FNF:2
FNH:2
FNDA:52,(anonymous_0)
FNDA:3,(anonymous_1)
DA:1,11
DA:3,52
DA:4,52
DA:5,52
DA:7,52
DA:8,52
DA:12,11
DA:14,3
LF:8
LH:8
BRF:0
BRH:0
end_of_record
TN:
SF:src\shared\middlewares\authenticate.ts
FN:15,authenticate
FNF:1
FNH:1
FNDA:15,authenticate
DA:2,2
DA:3,2
DA:4,2
DA:15,2
DA:16,15
DA:17,15
DA:18,3
DA:19,3
DA:22,12
DA:24,12
DA:25,12
DA:26,9
DA:27,2
DA:28,2
DA:31,7
DA:37,7
DA:38,7
DA:40,3
LF:18
LH:18
BRDA:17,0,0,3
BRDA:17,0,1,12
BRDA:26,1,0,2
BRDA:26,1,1,7
BRF:4
BRH:4
end_of_record
TN:
SF:src\shared\middlewares\authenticateCustomer.ts
FN:12,authenticateCustomer
FNF:1
FNH:1
FNDA:12,authenticateCustomer
DA:2,2
DA:3,2
DA:4,2
DA:12,2
DA:13,12
DA:14,12
DA:15,2
DA:16,2
DA:19,10
DA:21,10
DA:22,10
DA:23,8
DA:24,2
DA:25,2
DA:28,6
DA:29,6
DA:30,6
DA:32,2
LF:18
LH:18
BRDA:14,0,0,2
BRDA:14,0,1,10
BRDA:23,1,0,2
BRDA:23,1,1,6
BRF:4
BRH:4
end_of_record
TN:
SF:src\shared\middlewares\authorize.ts
FN:4,authorize
FN:5,(anonymous_1)
FNF:2
FNH:2
FNDA:10,authorize
FNDA:11,(anonymous_1)
DA:2,2
DA:4,2
DA:5,10
DA:6,11
DA:7,1
DA:8,1
DA:10,10
DA:11,5
DA:12,5
DA:14,5
LF:10
LH:10
BRDA:6,0,0,1
BRDA:6,0,1,10
BRDA:10,1,0,5
BRDA:10,1,1,5
BRF:4
BRH:4
end_of_record
TN:
SF:src\shared\middlewares\errorHandler.ts
FN:6,errorHandler
FN:19,(anonymous_1)
FN:30,(anonymous_2)
FN:38,(anonymous_3)
FNF:4
FNH:4
FNDA:21,errorHandler
FNDA:10,(anonymous_1)
FNDA:1,(anonymous_2)
FNDA:1,(anonymous_3)
DA:2,4
DA:3,4
DA:4,4
DA:6,4
DA:7,21
DA:8,11
DA:9,11
DA:12,11
DA:13,11
DA:16,10
DA:17,6
DA:19,10
DA:24,6
DA:27,4
DA:28,1
DA:30,1
DA:32,1
DA:35,3
DA:36,1
DA:38,1
DA:40,1
DA:43,2
DA:44,2
LF:23
LH:23
BRDA:7,0,0,11
BRDA:7,0,1,10
BRDA:9,1,0,1
BRDA:9,1,1,10
BRDA:16,2,0,6
BRDA:16,2,1,4
BRDA:27,3,0,1
BRDA:27,3,1,3
BRDA:35,4,0,1
BRDA:35,4,1,2
BRF:10
BRH:10
end_of_record
TN:
SF:src\shared\middlewares\validate.ts
FN:6,validate
FN:7,(anonymous_1)
FNF:2
FNH:2
FNDA:12,validate
FNDA:17,(anonymous_1)
DA:6,4
DA:7,12
DA:8,17
DA:9,17
DA:10,7
DA:11,7
DA:20,10
DA:26,10
LF:8
LH:8
BRDA:6,0,0,7
BRDA:9,1,0,7
BRDA:9,1,1,10
BRF:3
BRH:3
end_of_record
TN:
SF:src\shared\schemas\pagination.schema.ts
FNF:0
FNH:0
DA:1,1
DA:8,1
LF:2
LH:2
BRF:0
BRH:0
end_of_record
TN:
SF:src\shared\services\accountLockout.service.ts
FN:10,isAccountLocked
FN:14,registerFailedAttempt
FN:23,clearFailedAttempts
FNF:3
FNH:3
FNDA:14,isAccountLocked
FNDA:7,registerFailedAttempt
FNDA:6,clearFailedAttempts
DA:1,3
DA:2,3
DA:10,3
DA:11,14
DA:14,3
DA:15,7
DA:16,7
DA:17,7
DA:23,3
DA:24,6
DA:25,3
LF:11
LH:11
BRDA:11,0,0,14
BRDA:11,0,1,6
BRDA:18,1,0,4
BRDA:18,1,1,3
BRDA:19,2,0,4
BRDA:19,2,1,3
BRDA:24,3,0,3
BRDA:24,3,1,3
BRDA:24,4,0,6
BRDA:24,4,1,4
BRF:10
BRH:10
end_of_record
TN:
SF:src\shared\services\s3.service.ts
FN:15,getS3Url
FN:19,getKeyFromUrl
FN:23,isBase64Image
FN:27,uploadImage
FN:45,deleteImage
FNF:5
FNH:0
FNDA:0,getS3Url
FNDA:0,getKeyFromUrl
FNDA:0,isBase64Image
FNDA:0,uploadImage
FNDA:0,deleteImage
DA:1,0
DA:2,0
DA:3,0
DA:5,0
DA:13,0
DA:15,0
DA:16,0
DA:19,0
DA:20,0
DA:23,0
DA:24,0
DA:27,0
DA:28,0
DA:29,0
DA:30,0
DA:31,0
DA:32,0
DA:34,0
DA:42,0
DA:45,0
DA:46,0
LF:21
LH:0
BRDA:20,0,0,0
BRDA:20,0,1,0
BRDA:28,1,0,0
BRDA:28,1,1,0
BRF:4
BRH:0
end_of_record
TN:
SF:src\shared\test-utils\testApp.ts
FN:8,buildTestApp
FNF:1
FNH:1
FNDA:3,buildTestApp
DA:1,3
DA:2,3
DA:3,3
DA:8,3
DA:9,3
DA:10,3
DA:11,3
DA:12,3
DA:13,3
DA:14,3
LF:10
LH:10
BRF:0
BRH:0
end_of_record
TN:
SF:src\shared\types\express.d.ts
FNF:0
FNH:0
LF:0
LH:0
BRF:0
BRH:0
end_of_record
TN:
SF:src\shared\utils\catalogImage.util.ts
FN:11,resolveCatalogImage
FNF:1
FNH:0
FNDA:0,resolveCatalogImage
DA:1,0
DA:11,0
DA:16,0
DA:18,0
DA:19,0
DA:22,0
DA:26,0
DA:28,0
DA:29,0
LF:9
LH:0
BRDA:16,0,0,0
BRDA:16,0,1,0
BRDA:18,1,0,0
BRDA:18,1,1,0
BRDA:22,2,0,0
BRDA:22,2,1,0
BRDA:26,3,0,0
BRDA:26,3,1,0
BRF:8
BRH:0
end_of_record
TN:
SF:src\shared\utils\money.util.ts
FN:19,toDecimal
FN:28,roundMoney
FN:35,sumMoney
FN:36,(anonymous_4)
FNF:4
FNH:4
FNDA:96,toDecimal
FNDA:56,roundMoney
FNDA:21,sumMoney
FNDA:46,(anonymous_4)
DA:1,1
DA:17,1
DA:19,1
DA:20,96
DA:21,96
DA:28,1
DA:29,56
DA:35,1
DA:36,46
LF:9
LH:9
BRDA:20,0,0,0
BRDA:20,0,1,96
BRDA:20,1,0,96
BRDA:20,1,1,96
BRF:4
BRH:3
end_of_record
TN:
SF:src\shared\utils\pagination.util.ts
FN:26,paginate
FNF:1
FNH:0
FNDA:0,paginate
DA:24,0
DA:26,0
DA:31,0
DA:32,0
DA:33,0
DA:36,0
DA:37,0
DA:38,0
DA:42,0
DA:49,0
LF:10
LH:0
BRDA:31,0,0,0
BRDA:31,0,1,0
BRDA:37,1,0,0
BRDA:37,1,1,0
BRF:4
BRH:0
end_of_record
TN:
SF:src\shared\utils\slug.util.ts
FN:5,slugify
FN:20,trimHyphens
FN:33,generateUniqueSlug
FNF:3
FNH:3
FNDA:8,slugify
FNDA:8,trimHyphens
FNDA:3,generateUniqueSlug
DA:5,1
DA:6,8
DA:14,8
DA:21,8
DA:22,8
DA:23,8
DA:24,8
DA:25,8
DA:33,1
DA:37,3
DA:38,3
DA:39,3
DA:41,3
DA:42,3
DA:43,3
DA:46,3
LF:16
LH:16
BRDA:23,0,0,11
BRDA:23,0,1,9
BRDA:24,1,0,9
BRDA:24,1,1,7
BRDA:37,2,0,3
BRDA:37,2,1,1
BRF:6
BRH:6
end_of_record
TN:
SF:src\shared\utils\translation.util.ts
FN:21,resolveContentLanguage
FN:34,pickTranslatedName
FN:40,(anonymous_2)
FNF:3
FNH:2
FNDA:4,resolveContentLanguage
FNDA:22,pickTranslatedName
FNDA:0,(anonymous_2)
DA:15,2
DA:21,2
DA:22,4
DA:23,4
DA:34,2
DA:39,22
DA:40,0
LF:7
LH:6
BRDA:22,0,0,0
BRDA:22,0,1,4
BRDA:23,1,0,0
BRDA:23,1,1,4
BRDA:23,2,0,4
BRDA:23,2,1,4
BRDA:39,3,0,22
BRDA:39,3,1,0
BRDA:40,4,0,0
BRDA:40,4,1,0
BRF:10
BRH:5
end_of_record
